\BOOKMARK [1][-]{section.1}{Introduction}{}% 1
\BOOKMARK [2][-]{subsection.1.1}{Notation and Language}{section.1}% 2
\BOOKMARK [2][-]{subsection.1.2}{What is ``time series causality''?}{section.1}% 3
\BOOKMARK [2][-]{subsection.1.3}{What is ``exploratory causal analysis''?}{section.1}% 4
\BOOKMARK [1][-]{section.2}{Causality studies}{}% 5
\BOOKMARK [2][-]{subsection.2.1}{Foundational causality}{section.2}% 6
\BOOKMARK [3][-]{subsubsection.2.1.1}{Philosophical studies}{subsection.2.1}% 7
\BOOKMARK [3][-]{subsubsection.2.1.2}{Natural science studies}{subsection.2.1}% 8
\BOOKMARK [3][-]{subsubsection.2.1.3}{Psychological \(and other social science\) studies}{subsection.2.1}% 9
\BOOKMARK [2][-]{subsection.2.2}{Data causality}{section.2}% 10
\BOOKMARK [3][-]{subsubsection.2.2.1}{Statistical causality}{subsection.2.2}% 11
\BOOKMARK [3][-]{subsubsection.2.2.2}{Computational causality}{subsection.2.2}% 12
\BOOKMARK [3][-]{subsubsection.2.2.3}{Time series causality}{subsection.2.2}% 13
\BOOKMARK [1][-]{section.3}{Time series causality tools}{}% 14
\BOOKMARK [2][-]{subsection.3.1}{Granger causality}{section.3}% 15
\BOOKMARK [3][-]{subsubsection.3.1.1}{Background}{subsection.3.1}% 16
\BOOKMARK [3][-]{subsubsection.3.1.2}{Practical Usage}{subsection.3.1}% 17
\BOOKMARK [2][-]{subsection.3.2}{Information-theoretic causality}{section.3}% 18
\BOOKMARK [3][-]{subsubsection.3.2.1}{Background}{subsection.3.2}% 19
\BOOKMARK [3][-]{subsubsection.3.2.2}{Practical usage}{subsection.3.2}% 20
\BOOKMARK [2][-]{subsection.3.3}{State space reconstruction causality}{section.3}% 21
\BOOKMARK [3][-]{subsubsection.3.3.1}{Background}{subsection.3.3}% 22
\BOOKMARK [3][-]{subsubsection.3.3.2}{Practical usage}{subsection.3.3}% 23
\BOOKMARK [2][-]{subsection.3.4}{Correlation causality}{section.3}% 24
\BOOKMARK [3][-]{subsubsection.3.4.1}{Background}{subsection.3.4}% 25
\BOOKMARK [3][-]{subsubsection.3.4.2}{Practical usage}{subsection.3.4}% 26
\BOOKMARK [2][-]{subsection.3.5}{Penchant causality}{section.3}% 27
\BOOKMARK [3][-]{subsubsection.3.5.1}{Background}{subsection.3.5}% 28
\BOOKMARK [3][-]{subsubsection.3.5.2}{Practical usage}{subsection.3.5}% 29
\BOOKMARK [1][-]{section.4}{Exploratory Causal Analysis}{}% 30
\BOOKMARK [2][-]{subsection.4.1}{ECA guess}{section.4}% 31
\BOOKMARK [2][-]{subsection.4.2}{Synthetic data examples}{section.4}% 32
\BOOKMARK [3][-]{subsubsection.4.2.1}{Impulse with linear response}{subsection.4.2}% 33
\BOOKMARK [3][-]{subsubsection.4.2.2}{Cyclic driving with linear response}{subsection.4.2}% 34
\BOOKMARK [3][-]{subsubsection.4.2.3}{RL series circuit}{subsection.4.2}% 35
\BOOKMARK [3][-]{subsubsection.4.2.4}{Cyclic driving with non-linear response}{subsection.4.2}% 36
\BOOKMARK [3][-]{subsubsection.4.2.5}{Coupled logistic map}{subsection.4.2}% 37
\BOOKMARK [3][-]{subsubsection.4.2.6}{Impulse with multiple linear responses}{subsection.4.2}% 38
\BOOKMARK [2][-]{subsection.4.3}{Empirical data examples}{section.4}% 39
\BOOKMARK [3][-]{subsubsection.4.3.1}{Snowfall data}{subsection.4.3}% 40
\BOOKMARK [3][-]{subsubsection.4.3.2}{OMNI data}{subsection.4.3}% 41
\BOOKMARK [1][-]{section.5}{Conclusions}{}% 42
