This is pdfTeX, Version 3.1415926-2.5-1.40.14 (TeX Live 2013/Debian) (format=latex 2014.12.14)  22 OCT 2015 13:41
entering extended mode
 restricted \write18 enabled.
 %&-line parsing enabled.
**main.tex
(./main.tex
LaTeX2e <2011/06/27>
Babel <3.9h> and hyphenation patterns for 2 languages loaded.
(/usr/share/texlive/texmf-dist/tex/latex/base/article.cls
Document Class: article 2007/10/19 v1.4h Standard LaTeX document class
(/usr/share/texlive/texmf-dist/tex/latex/base/size10.clo
File: size10.clo 2007/10/19 v1.4h Standard LaTeX file (size option)
)
\c@part=\count79
\c@section=\count80
\c@subsection=\count81
\c@subsubsection=\count82
\c@paragraph=\count83
\c@subparagraph=\count84
\c@figure=\count85
\c@table=\count86
\abovecaptionskip=\skip41
\belowcaptionskip=\skip42
\bibindent=\dimen102
)
(/usr/share/texlive/texmf-dist/tex/latex/preprint/fullpage.sty
Package: fullpage 1999/02/23 1.1 (PWD)
\FP@margin=\skip43
)
(/usr/share/texlive/texmf-dist/tex/latex/amsmath/amsmath.sty
Package: amsmath 2013/01/14 v2.14 AMS math features
\@mathmargin=\skip44

For additional information on amsmath, use the `?' option.
(/usr/share/texlive/texmf-dist/tex/latex/amsmath/amstext.sty
Package: amstext 2000/06/29 v2.01

(/usr/share/texlive/texmf-dist/tex/latex/amsmath/amsgen.sty
File: amsgen.sty 1999/11/30 v2.0
\@emptytoks=\toks14
\ex@=\dimen103
))
(/usr/share/texlive/texmf-dist/tex/latex/amsmath/amsbsy.sty
Package: amsbsy 1999/11/29 v1.2d
\pmbraise@=\dimen104
)
(/usr/share/texlive/texmf-dist/tex/latex/amsmath/amsopn.sty
Package: amsopn 1999/12/14 v2.01 operator names
)
\inf@bad=\count87
LaTeX Info: Redefining \frac on input line 210.
\uproot@=\count88
\leftroot@=\count89
LaTeX Info: Redefining \overline on input line 306.
\classnum@=\count90
\DOTSCASE@=\count91
LaTeX Info: Redefining \ldots on input line 378.
LaTeX Info: Redefining \dots on input line 381.
LaTeX Info: Redefining \cdots on input line 466.
\Mathstrutbox@=\box26
\strutbox@=\box27
\big@size=\dimen105
LaTeX Font Info:    Redeclaring font encoding OML on input line 566.
LaTeX Font Info:    Redeclaring font encoding OMS on input line 567.
\macc@depth=\count92
\c@MaxMatrixCols=\count93
\dotsspace@=\muskip10
\c@parentequation=\count94
\dspbrk@lvl=\count95
\tag@help=\toks15
\row@=\count96
\column@=\count97
\maxfields@=\count98
\andhelp@=\toks16
\eqnshift@=\dimen106
\alignsep@=\dimen107
\tagshift@=\dimen108
\tagwidth@=\dimen109
\totwidth@=\dimen110
\lineht@=\dimen111
\@envbody=\toks17
\multlinegap=\skip45
\multlinetaggap=\skip46
\mathdisplay@stack=\toks18
LaTeX Info: Redefining \[ on input line 2665.
LaTeX Info: Redefining \] on input line 2666.
)
(/usr/share/texlive/texmf-dist/tex/latex/amsfonts/amssymb.sty
Package: amssymb 2013/01/14 v3.01 AMS font symbols

(/usr/share/texlive/texmf-dist/tex/latex/amsfonts/amsfonts.sty
Package: amsfonts 2013/01/14 v3.01 Basic AMSFonts support
\symAMSa=\mathgroup4
\symAMSb=\mathgroup5
LaTeX Font Info:    Overwriting math alphabet `\mathfrak' in version `bold'
(Font)                  U/euf/m/n --> U/euf/b/n on input line 106.
))
(/usr/share/texlive/texmf-dist/tex/latex/amscls/amsthm.sty
Package: amsthm 2004/08/06 v2.20
\thm@style=\toks19
\thm@bodyfont=\toks20
\thm@headfont=\toks21
\thm@notefont=\toks22
\thm@headpunct=\toks23
\thm@preskip=\skip47
\thm@postskip=\skip48
\thm@headsep=\skip49
\dth@everypar=\toks24
)
(/usr/share/texlive/texmf-dist/tex/latex/booktabs/booktabs.sty
Package: booktabs 2005/04/14 v1.61803 publication quality tables
\heavyrulewidth=\dimen112
\lightrulewidth=\dimen113
\cmidrulewidth=\dimen114
\belowrulesep=\dimen115
\belowbottomsep=\dimen116
\aboverulesep=\dimen117
\abovetopsep=\dimen118
\cmidrulesep=\dimen119
\cmidrulekern=\dimen120
\defaultaddspace=\dimen121
\@cmidla=\count99
\@cmidlb=\count100
\@aboverulesep=\dimen122
\@belowrulesep=\dimen123
\@thisruleclass=\count101
\@lastruleclass=\count102
\@thisrulewidth=\dimen124
)
(/usr/share/texlive/texmf-dist/tex/latex/graphics/graphicx.sty
Package: graphicx 1999/02/16 v1.0f Enhanced LaTeX Graphics (DPC,SPQR)

(/usr/share/texlive/texmf-dist/tex/latex/graphics/keyval.sty
Package: keyval 1999/03/16 v1.13 key=value parser (DPC)
\KV@toks@=\toks25
)
(/usr/share/texlive/texmf-dist/tex/latex/graphics/graphics.sty
Package: graphics 2009/02/05 v1.0o Standard LaTeX Graphics (DPC,SPQR)

(/usr/share/texlive/texmf-dist/tex/latex/graphics/trig.sty
Package: trig 1999/03/16 v1.09 sin cos tan (DPC)
)
(/usr/share/texlive/texmf-dist/tex/latex/latexconfig/graphics.cfg
File: graphics.cfg 2010/04/23 v1.9 graphics configuration of TeX Live
)
Package graphics Info: Driver file: dvips.def on input line 91.

(/usr/share/texlive/texmf-dist/tex/latex/graphics/dvips.def
File: dvips.def 1999/02/16 v3.0i Driver-dependant file (DPC,SPQR)
))
\Gin@req@height=\dimen125
\Gin@req@width=\dimen126
)
(/usr/share/texlive/texmf-dist/tex/latex/subfig/subfig.sty
Package: subfig 2005/06/28 ver: 1.3 subfig package

(/usr/share/texlive/texmf-dist/tex/latex/caption/caption.sty
Package: caption 2013/05/02 v3.3-89 Customizing captions (AR)

(/usr/share/texlive/texmf-dist/tex/latex/caption/caption3.sty
Package: caption3 2013/05/02 v1.6-88 caption3 kernel (AR)
Package caption3 Info: TeX engine: e-TeX on input line 57.
\captionmargin=\dimen127
\captionmargin@=\dimen128
\captionwidth=\dimen129
\caption@tempdima=\dimen130
\caption@indent=\dimen131
\caption@parindent=\dimen132
\caption@hangindent=\dimen133
)
\c@ContinuedFloat=\count103
)
\c@KVtest=\count104
\sf@farskip=\skip50
\sf@captopadj=\dimen134
\sf@capskip=\skip51
\sf@nearskip=\skip52
\c@subfigure=\count105
\c@subfigure@save=\count106
\c@lofdepth=\count107
\c@subtable=\count108
\c@subtable@save=\count109
\c@lotdepth=\count110
\sf@top=\skip53
\sf@bottom=\skip54
)
(/usr/share/texlive/texmf-dist/tex/latex/oberdiek/epstopdf.sty
Package: epstopdf 2010/02/09 v2.5 Conversion with epstopdf on the fly (HO)

(/usr/share/texlive/texmf-dist/tex/latex/oberdiek/epstopdf-base.sty
Package: epstopdf-base 2010/02/09 v2.5 Base part for package epstopdf

(/usr/share/texlive/texmf-dist/tex/generic/oberdiek/infwarerr.sty
Package: infwarerr 2010/04/08 v1.3 Providing info/warning/error messages (HO)
)
(/usr/share/texlive/texmf-dist/tex/latex/oberdiek/grfext.sty
Package: grfext 2010/08/19 v1.1 Manage graphics extensions (HO)

(/usr/share/texlive/texmf-dist/tex/generic/oberdiek/kvdefinekeys.sty
Package: kvdefinekeys 2011/04/07 v1.3 Define keys (HO)

(/usr/share/texlive/texmf-dist/tex/generic/oberdiek/ltxcmds.sty
Package: ltxcmds 2011/11/09 v1.22 LaTeX kernel commands for general use (HO)
)))
(/usr/share/texlive/texmf-dist/tex/latex/oberdiek/kvoptions.sty
Package: kvoptions 2011/06/30 v3.11 Key value format for package options (HO)

(/usr/share/texlive/texmf-dist/tex/generic/oberdiek/kvsetkeys.sty
Package: kvsetkeys 2012/04/25 v1.16 Key value parser (HO)

(/usr/share/texlive/texmf-dist/tex/generic/oberdiek/etexcmds.sty
Package: etexcmds 2011/02/16 v1.5 Avoid name clashes with e-TeX commands (HO)

(/usr/share/texlive/texmf-dist/tex/generic/oberdiek/ifluatex.sty
Package: ifluatex 2010/03/01 v1.3 Provides the ifluatex switch (HO)
Package ifluatex Info: LuaTeX not detected.
)
Package etexcmds Info: Could not find \expanded.
(etexcmds)             That can mean that you are not using pdfTeX 1.50 or
(etexcmds)             that some package has redefined \expanded.
(etexcmds)             In the latter case, load this package earlier.
)))
(/usr/share/texlive/texmf-dist/tex/generic/oberdiek/pdftexcmds.sty
Package: pdftexcmds 2011/11/29 v0.20 Utility functions of pdfTeX for LuaTeX (HO
)

(/usr/share/texlive/texmf-dist/tex/generic/oberdiek/ifpdf.sty
Package: ifpdf 2011/01/30 v2.3 Provides the ifpdf switch (HO)
Package ifpdf Info: pdfTeX in PDF mode is not detected.
)
Package pdftexcmds Info: LuaTeX not detected.
Package pdftexcmds Info: \pdf@primitive is available.
Package pdftexcmds Info: \pdf@ifprimitive is available.
Package pdftexcmds Info: \pdfdraftmode is ignored in DVI mode.
)

Package epstopdf Warning: Drivers other than `pdftex.def' are not supported.

)) (/usr/share/texlive/texmf-dist/tex/latex/multirow/multirow.sty
\bigstrutjot=\dimen135
)
(/usr/share/texlive/texmf-dist/tex/latex/hyperref/hyperref.sty
Package: hyperref 2012/11/06 v6.83m Hypertext links for LaTeX

(/usr/share/texlive/texmf-dist/tex/generic/oberdiek/hobsub-hyperref.sty
Package: hobsub-hyperref 2012/05/28 v1.13 Bundle oberdiek, subset hyperref (HO)


(/usr/share/texlive/texmf-dist/tex/generic/oberdiek/hobsub-generic.sty
Package: hobsub-generic 2012/05/28 v1.13 Bundle oberdiek, subset generic (HO)
Package: hobsub 2012/05/28 v1.13 Construct package bundles (HO)
Package hobsub Info: Skipping package `infwarerr' (already loaded).
Package hobsub Info: Skipping package `ltxcmds' (already loaded).
Package hobsub Info: Skipping package `ifluatex' (already loaded).
Package: ifvtex 2010/03/01 v1.5 Detect VTeX and its facilities (HO)
Package ifvtex Info: VTeX not detected.
Package: intcalc 2007/09/27 v1.1 Expandable calculations with integers (HO)
Package hobsub Info: Skipping package `ifpdf' (already loaded).
Package hobsub Info: Skipping package `etexcmds' (already loaded).
Package hobsub Info: Skipping package `kvsetkeys' (already loaded).
Package hobsub Info: Skipping package `kvdefinekeys' (already loaded).
Package hobsub Info: Skipping package `pdftexcmds' (already loaded).
Package: pdfescape 2011/11/25 v1.13 Implements pdfTeX's escape features (HO)
Package: bigintcalc 2012/04/08 v1.3 Expandable calculations on big integers (HO
)
Package: bitset 2011/01/30 v1.1 Handle bit-vector datatype (HO)
Package: uniquecounter 2011/01/30 v1.2 Provide unlimited unique counter (HO)
)
Package hobsub Info: Skipping package `hobsub' (already loaded).
Package: letltxmacro 2010/09/02 v1.4 Let assignment for LaTeX macros (HO)
Package: hopatch 2012/05/28 v1.2 Wrapper for package hooks (HO)
Package: xcolor-patch 2011/01/30 xcolor patch
Package: atveryend 2011/06/30 v1.8 Hooks at the very end of document (HO)
Package atveryend Info: \enddocument detected (standard20110627).
Package: atbegshi 2011/10/05 v1.16 At begin shipout hook (HO)
Package: refcount 2011/10/16 v3.4 Data extraction from label references (HO)
Package: hycolor 2011/01/30 v1.7 Color options for hyperref/bookmark (HO)
)
(/usr/share/texlive/texmf-dist/tex/generic/ifxetex/ifxetex.sty
Package: ifxetex 2010/09/12 v0.6 Provides ifxetex conditional
)
(/usr/share/texlive/texmf-dist/tex/latex/oberdiek/auxhook.sty
Package: auxhook 2011/03/04 v1.3 Hooks for auxiliary files (HO)
)
\@linkdim=\dimen136
\Hy@linkcounter=\count111
\Hy@pagecounter=\count112

(/usr/share/texlive/texmf-dist/tex/latex/hyperref/pd1enc.def
File: pd1enc.def 2012/11/06 v6.83m Hyperref: PDFDocEncoding definition (HO)
)
\Hy@SavedSpaceFactor=\count113

(/usr/share/texlive/texmf-dist/tex/latex/latexconfig/hyperref.cfg
File: hyperref.cfg 2002/06/06 v1.2 hyperref configuration of TeXLive
)
Package hyperref Info: Hyper figures OFF on input line 4443.
Package hyperref Info: Link nesting OFF on input line 4448.
Package hyperref Info: Hyper index ON on input line 4451.
Package hyperref Info: Plain pages OFF on input line 4458.
Package hyperref Info: Backreferencing OFF on input line 4463.
Package hyperref Info: Implicit mode ON; LaTeX internals redefined.
Package hyperref Info: Bookmarks ON on input line 4688.
\c@Hy@tempcnt=\count114

(/usr/share/texlive/texmf-dist/tex/latex/url/url.sty
\Urlmuskip=\muskip11
Package: url 2013/09/16  ver 3.4  Verb mode for urls, etc.
)
LaTeX Info: Redefining \url on input line 5041.
\XeTeXLinkMargin=\dimen137
\Fld@menulength=\count115
\Field@Width=\dimen138
\Fld@charsize=\dimen139
Package hyperref Info: Hyper figures OFF on input line 6295.
Package hyperref Info: Link nesting OFF on input line 6300.
Package hyperref Info: Hyper index ON on input line 6303.
Package hyperref Info: backreferencing OFF on input line 6310.
Package hyperref Info: Link coloring OFF on input line 6315.
Package hyperref Info: Link coloring with OCG OFF on input line 6320.
Package hyperref Info: PDF/A mode OFF on input line 6325.
LaTeX Info: Redefining \ref on input line 6365.
LaTeX Info: Redefining \pageref on input line 6369.
\Hy@abspage=\count116
\c@Item=\count117
\c@Hfootnote=\count118
)

Package hyperref Message: Driver (default): hdvips.

(/usr/share/texlive/texmf-dist/tex/latex/hyperref/hdvips.def
File: hdvips.def 2012/11/06 v6.83m Hyperref driver for dvips

(/usr/share/texlive/texmf-dist/tex/latex/hyperref/pdfmark.def
File: pdfmark.def 2012/11/06 v6.83m Hyperref definitions for pdfmark specials
\pdf@docset=\toks26
\pdf@box=\box28
\pdf@toks=\toks27
\pdf@defaulttoks=\toks28
\HyField@AnnotCount=\count119
\Fld@listcount=\count120
\c@bookmark@seq@number=\count121

(/usr/share/texlive/texmf-dist/tex/latex/oberdiek/rerunfilecheck.sty
Package: rerunfilecheck 2011/04/15 v1.7 Rerun checks for auxiliary files (HO)
Package uniquecounter Info: New unique counter `rerunfilecheck' on input line 2
82.
)
\Hy@SectionHShift=\skip55
))
(/usr/share/texlive/texmf-dist/tex/latex/morefloats/morefloats.sty
Package: morefloats 2012/01/28 v1.0f Raise limit of unprocessed floats (HMM; DH
)
Package morefloats Info: Maximum number of possible floats asked for: 36.
(morefloats)             LaTeX might run out of memory before this
(morefloats)             (in which case it will notify you).
(morefloats)              on input line 171.
\bx@S=\insert233
\bx@T=\insert232
\bx@U=\insert231
\bx@V=\insert230
\bx@W=\insert229
\bx@X=\insert228
\bx@Y=\insert227
\bx@Z=\insert226
\bx@AA=\insert225
\bx@AB=\insert224
\bx@AC=\insert223
\bx@AD=\insert222
\bx@AE=\insert221
\bx@AF=\insert220
\bx@AG=\insert219
\bx@AH=\insert218
\bx@AI=\insert217
\bx@AJ=\insert216
)
\c@ax=\count122
\c@mydef=\count123
 (./main.aux)
\openout1 = `main.aux'.

LaTeX Font Info:    Checking defaults for OML/cmm/m/it on input line 23.
LaTeX Font Info:    ... okay on input line 23.
LaTeX Font Info:    Checking defaults for T1/cmr/m/n on input line 23.
LaTeX Font Info:    ... okay on input line 23.
LaTeX Font Info:    Checking defaults for OT1/cmr/m/n on input line 23.
LaTeX Font Info:    ... okay on input line 23.
LaTeX Font Info:    Checking defaults for OMS/cmsy/m/n on input line 23.
LaTeX Font Info:    ... okay on input line 23.
LaTeX Font Info:    Checking defaults for OMX/cmex/m/n on input line 23.
LaTeX Font Info:    ... okay on input line 23.
LaTeX Font Info:    Checking defaults for U/cmr/m/n on input line 23.
LaTeX Font Info:    ... okay on input line 23.
LaTeX Font Info:    Checking defaults for PD1/pdf/m/n on input line 23.
LaTeX Font Info:    ... okay on input line 23.
Package caption Info: Begin \AtBeginDocument code.
Package caption Info: subfig package v1.3 is loaded.
Package caption Info: hyperref package is loaded.
Package caption Info: End \AtBeginDocument code.
\AtBeginShipoutBox=\box29
Package hyperref Info: Link coloring OFF on input line 23.
 (/usr/share/texlive/texmf-dist/tex/latex/hyperref/nameref.sty
Package: nameref 2012/10/27 v2.43 Cross-referencing by name of section

(/usr/share/texlive/texmf-dist/tex/generic/oberdiek/gettitlestring.sty
Package: gettitlestring 2010/12/03 v1.4 Cleanup title references (HO)
)
\c@section@level=\count124
)
LaTeX Info: Redefining \ref on input line 23.
LaTeX Info: Redefining \pageref on input line 23.
LaTeX Info: Redefining \nameref on input line 23.

(./main.out) (./main.out)
\@outlinefile=\write3
\openout3 = `main.out'.

LaTeX Font Info:    Try loading font information for U+msa on input line 25.

(/usr/share/texlive/texmf-dist/tex/latex/amsfonts/umsa.fd
File: umsa.fd 2013/01/14 v3.01 AMS symbols A
)
LaTeX Font Info:    Try loading font information for U+msb on input line 25.

(/usr/share/texlive/texmf-dist/tex/latex/amsfonts/umsb.fd
File: umsb.fd 2013/01/14 v3.01 AMS symbols B
) (./main.toc [1

])
\tf@toc=\write4
\openout4 = `main.toc'.


[2] [3] [4] [5] [6] [7] [8] [9]
Missing character: There is no ‚ in font cmr10!
Missing character: There is no Ä in font cmr10!
Missing character: There is no ú in font cmr10!
Missing character: There is no ‚ in font cmr10!
Missing character: There is no Ä in font cmr10!
Missing character: There is no ù in font cmr10!
Missing character: There is no ‚ in font cmr10!
Missing character: There is no Ä in font cmr10!
Missing character: There is no ú in font cmr10!
Missing character: There is no ‚ in font cmr10!
Missing character: There is no Ä in font cmr10!
Missing character: There is no ù in font cmr10!
Missing character: There is no ‚ in font cmr10!
Missing character: There is no Ä in font cmr10!
Missing character: There is no ú in font cmr10!
Missing character: There is no ‚ in font cmr10!
Missing character: There is no Ä in font cmr10!
Missing character: There is no ù in font cmr10!
Missing character: There is no ‚ in font cmr10!
Missing character: There is no Ä in font cmr10!
Missing character: There is no ú in font cmr10!
Missing character: There is no ‚ in font cmr10!
Missing character: There is no Ä in font cmr10!
Missing character: There is no ù in font cmr10!
Missing character: There is no ‚ in font cmr10!
Missing character: There is no Ä in font cmr10!
Missing character: There is no ú in font cmr10!
Missing character: There is no ‚ in font cmr10!
Missing character: There is no Ä in font cmr10!
Missing character: There is no ù in font cmr10!
Missing character: There is no ‚ in font cmr10!
Missing character: There is no Ä in font cmr10!
Missing character: There is no ú in font cmr10!
Missing character: There is no ‚ in font cmr10!
Missing character: There is no Ä in font cmr10!
Missing character: There is no ù in font cmr10!
Missing character: There is no ‚ in font cmr10!
Missing character: There is no Ä in font cmr10!
Missing character: There is no ú in font cmr10!
Missing character: There is no ‚ in font cmr10!
Missing character: There is no Ä in font cmr10!
Missing character: There is no ù in font cmr10!
Missing character: There is no ‚ in font cmr10!
Missing character: There is no Ä in font cmr10!
Missing character: There is no ú in font cmr10!
Missing character: There is no ‚ in font cmr10!
Missing character: There is no Ä in font cmr10!
Missing character: There is no ù in font cmr10!
Missing character: There is no ‚ in font cmr10!
Missing character: There is no Ä in font cmr10!
Missing character: There is no ú in font cmr10!
Missing character: There is no ‚ in font cmr10!
Missing character: There is no Ä in font cmr10!
Missing character: There is no ù in font cmr10!
 [10] [11] [12] [13] [14] [15]
Missing character: There is no ‚ in font cmr8!
Missing character: There is no Ä in font cmr8!
Missing character: There is no ô in font cmr8!
 [16] [17]
[18] [19] [20] [21] [22] [23]
Overfull \hbox (2.10641pt too wide) in paragraph at lines 779--781
\OT1/cmr/m/n/10 with $\OML/cmm/m/it/10 ^^T \OT1/cmr/m/n/10 = \OML/cmm/m/it/10 P
 []$\OT1/cmr/m/n/10 . An-other pen-chant de-fined us-ing this as-sign-ment is $
\OML/cmm/m/it/10 ^^Z[]$ \OT1/cmr/m/n/10 with $\OML/cmm/m/it/10 ^^T \OT1/cmr/m/n
/10 = \OML/cmm/m/it/10 P []$\OT1/cmr/m/n/10 .
 []

[24] [25]
Underfull \hbox (badness 4899) in paragraph at lines 882--882
[][][][][]\OT1/cmr/m/n/8 i.e., un-less oth-er-wise noted, the JIDT trans-fer en
-tropy cal-cu-la-tor will al-ways be in-stan-ti-ated in \OT1/cmr/m/sc/8 MAT-LAB
 \OT1/cmr/m/n/8 with the
 []


Underfull \hbox (badness 10000) in paragraph at lines 882--882
\OT1/cmr/m/n/8 fol-low-ing com-mands, ``\OT1/cmtt/m/n/8 teCalc=javaObject('info
dynamics.measures.continuous.kernel.TransferEntropyCalculatorKernel');\OT1/cmr/
m/n/8 '',
 []

[26] [27]
File: NoisyResponseExample_X.eps Graphic file (type eps)
 <NoisyResponseExample_X.eps>
File: NoisyResponseExample_Y.eps Graphic file (type eps)
 <NoisyResponseExample_Y.eps>
File: NoisyResponseExample_Xhist.eps Graphic file (type eps)

<NoisyResponseExample_Xhist.eps>
File: NoisyResponseExample_Yhist.eps Graphic file (type eps)
 <NoisyResponseExample_Yhist.eps>
File: NoisyResponseExample_autocorrX.eps Graphic file (type eps)

<NoisyResponseExample_autocorrX.eps>
File: NoisyResponseExample_autocorrY.eps Graphic file (type eps)
 <NoisyResponseExample_autocorrY.eps>
File: NoisyResponseExample_LandLCC.eps Graphic file (type eps)

<NoisyResponseExample_LandLCC.eps> [28]
File: NoisyResponseExample_lagplotXYl1.eps Graphic file (type eps)
 <NoisyResponseExample_lagplotXYl1.eps>
File: NoisyResponseExample_lagplotXYl2.eps Graphic file (type eps)

<NoisyResponseExample_lagplotXYl2.eps>
File: NoisyResponseExample_lagplotXYl3.eps Graphic file (type eps)
 <NoisyResponseExample_lagplotXYl3.eps>
File: NoisyResponseExample_lagplotXYl4.eps Graphic file (type eps)

<NoisyResponseExample_lagplotXYl4.eps>
File: NoisyResponseExample_lagplotXYl5.eps Graphic file (type eps)
 <NoisyResponseExample_lagplotXYl5.eps>
File: NoisyResponseExample_lagplotXYl6.eps Graphic file (type eps)

<NoisyResponseExample_lagplotXYl6.eps>
File: NoisyResponseExample_lagplotYXl1.eps Graphic file (type eps)
 <NoisyResponseExample_lagplotYXl1.eps>
File: NoisyResponseExample_lagplotYXl2.eps Graphic file (type eps)

<NoisyResponseExample_lagplotYXl2.eps>
File: NoisyResponseExample_lagplotYXl3.eps Graphic file (type eps)
 <NoisyResponseExample_lagplotYXl3.eps>
File: NoisyResponseExample_lagplotYXl4.eps Graphic file (type eps)

<NoisyResponseExample_lagplotYXl4.eps>
File: NoisyResponseExample_lagplotYXl5.eps Graphic file (type eps)
 <NoisyResponseExample_lagplotYXl5.eps>
File: NoisyResponseExample_lagplotYXl6.eps Graphic file (type eps)

<NoisyResponseExample_lagplotYXl6.eps> [29]
File: NoisyResponseExample_leandifftoll1.eps Graphic file (type eps)

<NoisyResponseExample_leandifftoll1.eps>
File: NoisyResponseExample_leandifftoll5.eps Graphic file (type eps)

<NoisyResponseExample_leandifftoll5.eps> [30]
File: NoisyResponseExample_ECAguessMat.eps Graphic file (type eps)

<NoisyResponseExample_ECAguessMat.eps> [31]
File: NoisyCyclicResponseExample_X.eps Graphic file (type eps)
 <NoisyCyclicResponseExample_X.eps>
File: NoisyCyclicResponseExample_Y.eps Graphic file (type eps)

<NoisyCyclicResponseExample_Y.eps>
Overfull \hbox (12.99825pt too wide) in paragraph at lines 1039--1043
[][] 
 []

File: NoisyCyclicResponseExample_Xhist.eps Graphic file (type eps)
<NoisyCyclicResponseExample_Xhist.eps>
File: NoisyCyclicResponseExample_Yhist.eps Graphic file (type eps)
 <NoisyCyclicResponseExample_Yhist.eps>
File: NoisyCyclicResponseExample_autocorrX.eps Graphic file (type eps)

<NoisyCyclicResponseExample_autocorrX.eps>
File: NoisyCyclicResponseExample_autocorrY.eps Graphic file (type eps)

<NoisyCyclicResponseExample_autocorrY.eps>
File: NoisyCyclicResponseExample_LandLCC.eps Graphic file (type eps)

<NoisyCyclicResponseExample_LandLCC.eps>
File: NoisyCyclicResponseExample_ECAguessMat.eps Graphic file (type eps)

<NoisyCyclicResponseExample_ECAguessMat.eps> [32] [33]
File: IRCircuitResponseExampleL10R5_Y.eps Graphic file (type eps)

<IRCircuitResponseExampleL10R5_Y.eps>
File: IRCircuitResponseExampleL5R20_Y.eps Graphic file (type eps)
 <IRCircuitResponseExampleL5R20_Y.eps>
File: IRCircuitResponseExampleL10R5_X.eps Graphic file (type eps)

<IRCircuitResponseExampleL10R5_X.eps>
Overfull \hbox (9.62105pt too wide) in paragraph at lines 1110--1117
 [] 
 []

File: IRCircuitResponseExampleL10R5_Yhist_an.eps Graphic file (type eps)
<IRCircuitResponseExampleL10R5_Yhist_an.eps>
File: IRCircuitResponseExampleL10R5_Yhist_num.eps Graphic file (type eps)

<IRCircuitResponseExampleL10R5_Yhist_num.eps>
File: IRCircuitResponseExampleL5R20_Yhist_an.eps Graphic file (type eps)

<IRCircuitResponseExampleL5R20_Yhist_an.eps>
File: IRCircuitResponseExampleL5R20_Yhist_num.eps Graphic file (type eps)

<IRCircuitResponseExampleL5R20_Yhist_num.eps>
File: IRCircuitResponseExampleL10R5_Xhist.eps Graphic file (type eps)

<IRCircuitResponseExampleL10R5_Xhist.eps>
File: IRCircuitResponseExampleL10R5_autocorrY.eps Graphic file (type eps)

<IRCircuitResponseExampleL10R5_autocorrY.eps>
File: IRCircuitResponseExampleL5R20_autocorrY.eps Graphic file (type eps)

<IRCircuitResponseExampleL5R20_autocorrY.eps>
File: IRCircuitResponseExampleL10R5_autocorrX.eps Graphic file (type eps)

<IRCircuitResponseExampleL10R5_autocorrX.eps>
File: IRCircuitResponseExampleL10R5_LandLCC_an.eps Graphic file (type eps)

<IRCircuitResponseExampleL10R5_LandLCC_an.eps>
File: IRCircuitResponseExampleL10R5_LandLCC_num.eps Graphic file (type eps)

<IRCircuitResponseExampleL10R5_LandLCC_num.eps>
File: IRCircuitResponseExampleL5R20_LandLCC_an.eps Graphic file (type eps)

<IRCircuitResponseExampleL5R20_LandLCC_an.eps>
File: IRCircuitResponseExampleL5R20_LandLCC_num.eps Graphic file (type eps)

<IRCircuitResponseExampleL5R20_LandLCC_num.eps> [34] [35] [36]
File: NonlinearResponseExample_X.eps Graphic file (type eps)

<NonlinearResponseExample_X.eps>
File: NonlinearResponseExample_Y.eps Graphic file (type eps)
 <NonlinearResponseExample_Y.eps>
Overfull \hbox (9.98698pt too wide) in paragraph at lines 1206--1210
[][] 
 []

File: NonlinearResponseExample_autocorrX.eps Graphic file (type eps)
<NonlinearResponseExample_autocorrX.eps>
File: NonlinearResponseExample_autocorrY.eps Graphic file (type eps)

<NonlinearResponseExample_autocorrY.eps>
Overfull \hbox (4.32129pt too wide) in paragraph at lines 1218--1222
[][] 
 []

File: NonlinearResponseExample_LandLCC.eps Graphic file (type eps)
<NonlinearResponseExample_LandLCC.eps> [37] [38]
File: CoupLogMapExample_X.eps Graphic file (type eps)
 <CoupLogMapExample_X.eps>
File: CoupLogMapExample_Y.eps Graphic file (type eps)

<CoupLogMapExample_Y.eps>
Overfull \hbox (16.0095pt too wide) in paragraph at lines 1276--1280
[][] 
 []

File: CoupLogMapExample_Xhist.eps Graphic file (type eps)
<CoupLogMapExample_Xhist.eps>
File: CoupLogMapExample_Yhist.eps Graphic file (type eps)
 <CoupLogMapExample_Yhist.eps>
File: CoupLogMapExample_autocorrX.eps Graphic file (type eps)

<CoupLogMapExample_autocorrX.eps>
File: CoupLogMapExample_autocorrY.eps Graphic file (type eps)
 <CoupLogMapExample_autocorrY.eps>
File: CoupLogMapExample_LandLCC.eps Graphic file (type eps)

<CoupLogMapExample_LandLCC.eps> [39]
File: NoisyMultiResponseExample_X.eps Graphic file (type eps)
 <NoisyMultiResponseExample_X.eps>
File: NoisyMultiResponseExample_Y.eps Graphic file (type eps)

<NoisyMultiResponseExample_Y.eps>
File: NoisyMultiResponseExample_z1.eps Graphic file (type eps)
 <NoisyMultiResponseExample_z1.eps>
File: NoisyMultiResponseExample_z2.eps Graphic file (type eps)

<NoisyMultiResponseExample_z2.eps>
File: NoisyMultiResponseExample_z3.eps Graphic file (type eps)
 <NoisyMultiResponseExample_z3.eps>
Overfull \hbox (1.91232pt too wide) in paragraph at lines 1355--1363
[][] 
 []

File: NoisyMultiResponseExample_Xhist.eps Graphic file (type eps)
<NoisyMultiResponseExample_Xhist.eps>
File: NoisyMultiResponseExample_Yhist.eps Graphic file (type eps)
 <NoisyMultiResponseExample_Yhist.eps>
File: NoisyMultiResponseExample_Z1hist.eps Graphic file (type eps)

<NoisyMultiResponseExample_Z1hist.eps>
File: NoisyMultiResponseExample_Z2hist.eps Graphic file (type eps)
 <NoisyMultiResponseExample_Z2hist.eps>
File: NoisyMultiResponseExample_Z3hist.eps Graphic file (type eps)

<NoisyMultiResponseExample_Z3hist.eps>
File: NoisyMultiResponseExample_autocorrX.eps Graphic file (type eps)

<NoisyMultiResponseExample_autocorrX.eps>
File: NoisyMultiResponseExample_autocorrY.eps Graphic file (type eps)

<NoisyMultiResponseExample_autocorrY.eps>
File: NoisyMultiResponseExample_autocorrZ1.eps Graphic file (type eps)

<NoisyMultiResponseExample_autocorrZ1.eps>
File: NoisyMultiResponseExample_autocorrZ2.eps Graphic file (type eps)

<NoisyMultiResponseExample_autocorrZ2.eps>
File: NoisyMultiResponseExample_autocorrZ3.eps Graphic file (type eps)

<NoisyMultiResponseExample_autocorrZ3.eps>
Overfull \hbox (12.51183pt too wide) in paragraph at lines 1416--1424
[][] 
 []

File: NoisyMultiResponseExample_LandLCC_XY.eps Graphic file (type eps)
<NoisyMultiResponseExample_LandLCC_XY.eps>
File: NoisyMultiResponseExample_LandLCC_XZ1.eps Graphic file (type eps)

<NoisyMultiResponseExample_LandLCC_XZ1.eps>
File: NoisyMultiResponseExample_LandLCC_XZ2.eps Graphic file (type eps)

<NoisyMultiResponseExample_LandLCC_XZ2.eps>
File: NoisyMultiResponseExample_LandLCC_XZ3.eps Graphic file (type eps)

<NoisyMultiResponseExample_LandLCC_XZ3.eps>
File: NoisyMultiResponseExample_LandLCC_YZ1.eps Graphic file (type eps)

<NoisyMultiResponseExample_LandLCC_YZ1.eps>
File: NoisyMultiResponseExample_LandLCC_YZ2.eps Graphic file (type eps)

<NoisyMultiResponseExample_LandLCC_YZ2.eps>
File: NoisyMultiResponseExample_LandLCC_YZ3.eps Graphic file (type eps)

<NoisyMultiResponseExample_LandLCC_YZ3.eps> [40] [41]
File: WhistlerDailyExample_X.eps Graphic file (type eps)

<WhistlerDailyExample_X.eps>
File: WhistlerDailyExample_Y.eps Graphic file (type eps)
 <WhistlerDailyExample_Y.eps>
Overfull \hbox (1.91231pt too wide) in paragraph at lines 1456--1460
[][] 
 []

File: WhistlerDailyExample_Xhist.eps Graphic file (type eps)
<WhistlerDailyExample_Xhist.eps>
File: WhistlerDailyExample_Yhist.eps Graphic file (type eps)
 <WhistlerDailyExample_Yhist.eps>
Overfull \hbox (12.99825pt too wide) in paragraph at lines 1465--1469
[][] 
 []

File: WhistlerDailyExample_autocorrX.eps Graphic file (type eps)
<WhistlerDailyExample_autocorrX.eps>
File: WhistlerDailyExample_autocorrY.eps Graphic file (type eps)
 <WhistlerDailyExample_autocorrY.eps>
Overfull \hbox (4.32129pt too wide) in paragraph at lines 1478--1482
[][] 
 []

[42]
Underfull \hbox (badness 6412) in paragraph at lines 1491--1491
[][][][][]\OT1/cmr/m/n/8 The data it-self, along with dis-cus-sions of for-mat,
 units, and ori-gin, among other things, can also be found at
 []

File: SolarExample_Bzhourly.eps Graphic file (type eps)
<SolarExample_Bzhourly.eps>
File: SolarExample_Dhourly.eps Graphic file (type eps)
 <SolarExample_Dhourly.eps>
Overfull \hbox (5.01256pt too wide) in paragraph at lines 1496--1500
[][] 
 []

File: SolarExample_Bzhourlyhist.eps Graphic file (type eps)
<SolarExample_Bzhourlyhist.eps>
File: SolarExample_Dhourlyhist.eps Graphic file (type eps)
 <SolarExample_Dhourlyhist.eps>
Overfull \hbox (3.83951pt too wide) in paragraph at lines 1505--1509
[][] 
 []

File: SolarExample_Bzhourlyrec.eps Graphic file (type eps)
<SolarExample_Bzhourlyrec.eps>
File: SolarExample_Bzhourlyrechist.eps Graphic file (type eps)
 <SolarExample_Bzhourlyrechist.eps>
Overfull \hbox (6.97021pt too wide) in paragraph at lines 1514--1518
[][] 
 []

File: SolarExample_Bzdaily.eps Graphic file (type eps)
<SolarExample_Bzdaily.eps>
File: SolarExample_Ddaily.eps Graphic file (type eps)
 <SolarExample_Ddaily.eps>
Overfull \hbox (5.76668pt too wide) in paragraph at lines 1525--1529
[][] 
 []

File: SolarExample_Bzdailyhist.eps Graphic file (type eps)
<SolarExample_Bzdailyhist.eps>
File: SolarExample_Ddailyhist.eps Graphic file (type eps)
 <SolarExample_Ddailyhist.eps>
Overfull \hbox (6.97575pt too wide) in paragraph at lines 1534--1538
[][] 
 []

File: SolarExample_Bzdailyrec.eps Graphic file (type eps)
<SolarExample_Bzdailyrec.eps>
File: SolarExample_Bzdailyrechist.eps Graphic file (type eps)
 <SolarExample_Bzdailyrechist.eps> [43]
File: SolarExample_autocorrBzdaily.eps Graphic file (type eps)

<SolarExample_autocorrBzdaily.eps>
File: SolarExample_autocorrDdaily.eps Graphic file (type eps)
 <SolarExample_autocorrDdaily.eps>
Overfull \hbox (7.69386pt too wide) in paragraph at lines 1554--1558
[][] 
 []


Overfull \hbox (1.48006pt too wide) in paragraph at lines 1618--1629
 [] 
 []

[44] [45] [46] [47] (./main.bbl [48] [49]
Missing character: There is no √ in font cmr10!
Missing character: There is no ° in font cmr10!
Missing character: There is no ≈ in font cmr10!
Missing character: There is no ° in font cmr10!
 [50] [51]
Missing character: There is no ‚ in font cmr10!
Missing character: There is no Ä in font cmr10!
Missing character: There is no ì in font cmr10!
Missing character: There is no √ in font cmr10!
Missing character: There is no ∂ in font cmr10!
Missing character: There is no √ in font cmr10!
Missing character: There is no § in font cmr10!
LaTeX Font Info:    Try loading font information for OMS+cmr on input line 518.


(/usr/share/texlive/texmf-dist/tex/latex/base/omscmr.fd
File: omscmr.fd 1999/05/25 v2.5h Standard LaTeX font definitions
)
LaTeX Font Info:    Font shape `OMS/cmr/m/n' in size <10> not available
(Font)              Font shape `OMS/cmsy/m/n' tried instead on input line 518.
 [52]
Missing character: There is no ‚ in font cmr10!
Missing character: There is no Ä in font cmr10!
Missing character: There is no ì in font cmr10!
Missing character: There is no ‚ in font cmr10!
Missing character: There is no Ä in font cmr10!
Missing character: There is no î in font cmr10!
 [53]
Missing character: There is no √ in font cmr10!
Missing character: There is no © in font cmr10!
 [54]
Missing character: There is no ‚ in font cmr10!
Missing character: There is no Ä in font cmr10!
Missing character: There is no ú in font cmr10!
Missing character: There is no ‚ in font cmr10!
Missing character: There is no Ä in font cmr10!
Missing character: There is no ú in font cmr10!

[55] [56] [57])
Package atveryend Info: Empty hook `BeforeClearDocument' on input line 1702.
 [58] [59] [60] [61] [62] [63] [64] [65] [66] [67] [68] [69]
[70] [71]
Package atveryend Info: Empty hook `AfterLastShipout' on input line 1702.
 (./main.aux)
Package atveryend Info: Empty hook `AtVeryEndDocument' on input line 1702.
Package atveryend Info: Executing hook `AtEndAfterFileList' on input line 1702.

Package rerunfilecheck Info: File `main.out' has not changed.
(rerunfilecheck)             Checksum: B5FB25F77F7CE9BD9AAC257BF36072B8;3147.
Package atveryend Info: Empty hook `AtVeryVeryEnd' on input line 1702.
 ) 
Here is how much of TeX's memory you used:
 7471 strings out of 495029
 115598 string characters out of 6181522
 287872 words of memory out of 5000000
 10468 multiletter control sequences out of 15000+600000
 15177 words of font info for 57 fonts, out of 8000000 for 9000
 14 hyphenation exceptions out of 8191
 44i,16n,42p,3827b,430s stack positions out of 5000i,500n,10000p,200000b,80000s

Output written on main.dvi (71 pages, 685228 bytes).
