\BOOKMARK [0][-]{chapter.1}{Introduction and Definition of Terms}{}% 1
\BOOKMARK [1][-]{section.1.1}{Motivation}{chapter.1}% 2
\BOOKMARK [1][-]{section.1.2}{Open Systems}{chapter.1}% 3
\BOOKMARK [1][-]{section.1.3}{Density Matrix}{chapter.1}% 4
\BOOKMARK [1][-]{section.1.4}{Mathematical Structure of Open Systems}{chapter.1}% 5
\BOOKMARK [2][-]{subsection.1.4.1}{System State Spaces}{section.1.4}% 6
\BOOKMARK [2][-]{subsection.1.4.2}{Partial Trace}{section.1.4}% 7
\BOOKMARK [2][-]{subsection.1.4.3}{Assignments of Subsystem States}{section.1.4}% 8
\BOOKMARK [2][-]{subsection.1.4.4}{Reduced System Dynamics}{section.1.4}% 9
\BOOKMARK [1][-]{section.1.5}{``Vector of States'' Notation}{chapter.1}% 10
\BOOKMARK [1][-]{section.1.6}{Tomography}{chapter.1}% 11
\BOOKMARK [1][-]{section.1.7}{Non-Positive Reduced Dynamics}{chapter.1}% 12
\BOOKMARK [2][-]{subsection.1.7.1}{Two Qubit SWAP Example}{section.1.7}% 13
\BOOKMARK [2][-]{subsection.1.7.2}{Positivity Domains Interpretation}{section.1.7}% 14
\BOOKMARK [0][-]{chapter.2}{Complete Positivity}{}% 15
\BOOKMARK [1][-]{section.2.1}{Complete Positivity Definition}{chapter.2}% 16
\BOOKMARK [1][-]{section.2.2}{Reduced System Evolution as an Operator Sum}{chapter.2}% 17
\BOOKMARK [1][-]{section.2.3}{Physical Motivation of Complete Positivity}{chapter.2}% 18
\BOOKMARK [2][-]{subsection.2.3.1}{Total Domain Argument}{section.2.3}% 19
\BOOKMARK [2][-]{subsection.2.3.2}{Product State Argument}{section.2.3}% 20
\BOOKMARK [1][-]{section.2.4}{Measures of Complete Positivity}{chapter.2}% 21
\BOOKMARK [2][-]{subsection.2.4.1}{Local Unitary Composite Evolution}{section.2.4}% 22
\BOOKMARK [2][-]{subsection.2.4.2}{Product Composite States}{section.2.4}% 23
\BOOKMARK [2][-]{subsection.2.4.3}{Zero Discord Initial Composite States}{section.2.4}% 24
\BOOKMARK [2][-]{subsection.2.4.4}{Completely Positive Reduced Dynamics Without A Special Form}{section.2.4}% 25
\BOOKMARK [2][-]{subsection.2.4.5}{Choi's Matrix}{section.2.4}% 26
\BOOKMARK [2][-]{subsection.2.4.6}{Negativity}{section.2.4}% 27
\BOOKMARK [0][-]{chapter.3}{Negative Channels}{}% 28
\BOOKMARK [1][-]{section.3.1}{Definitions}{chapter.3}% 29
\BOOKMARK [1][-]{section.3.2}{Sharp Operations for Negative Channels}{chapter.3}% 30
\BOOKMARK [1][-]{section.3.3}{Negative Climates with Diagonal Composite Dynamics}{chapter.3}% 31
\BOOKMARK [1][-]{section.3.4}{Specific Negative Channel Example: \(,\( Hd::Hd\),D\)}{chapter.3}% 32
\BOOKMARK [1][-]{section.3.5}{\(,\( Hd::Hd\),D\) Basis Dependence}{chapter.3}% 33
\BOOKMARK [1][-]{section.3.6}{Rabi Channels}{chapter.3}% 34
\BOOKMARK [2][-]{subsection.3.6.1}{Rabi Model}{section.3.6}% 35
\BOOKMARK [2][-]{subsection.3.6.2}{Rabi Channels with No Coupling}{section.3.6}% 36
\BOOKMARK [2][-]{subsection.3.6.3}{Rabi Channels with Coupling}{section.3.6}% 37
\BOOKMARK [1][-]{section.3.7}{Physical Motivations for Sharp Operations}{chapter.3}% 38
\BOOKMARK [1][-]{section.3.8}{Negative Qubit Channel Examples With Multi-Qubit Baths}{chapter.3}% 39
\BOOKMARK [1][-]{section.3.9}{Proposed Experimental Demonstration of Negativity}{chapter.3}% 40
\BOOKMARK [1][-]{section.3.10}{Photonic Root-Swap Operation}{chapter.3}% 41
\BOOKMARK [1][-]{section.3.11}{Photonic CZ Operation}{chapter.3}% 42
\BOOKMARK [1][-]{section.3.12}{Implications of Negative Channels}{chapter.3}% 43
\BOOKMARK [2][-]{subsection.3.12.1}{Existing Experimental Evidence of Negative Channels}{section.3.12}% 44
\BOOKMARK [2][-]{subsection.3.12.2}{Restrictions Implied by Complete Positivity}{section.3.12}% 45
\BOOKMARK [2][-]{subsection.3.12.3}{Expanding the Definition of ``Physically Reasonable''}{section.3.12}% 46
\BOOKMARK [1][-]{section.3.13}{Uses for Negative Channels}{chapter.3}% 47
\BOOKMARK [2][-]{subsection.3.13.1}{Probing the Bath}{section.3.13}% 48
\BOOKMARK [2][-]{subsection.3.13.2}{Speculation on Utilities}{section.3.13}% 49
\BOOKMARK [0][-]{chapter.4}{Conclusions}{}% 50
\BOOKMARK [1][-]{section.4.1}{Complete Positivity in Recent Years}{chapter.4}% 51
\BOOKMARK [1][-]{section.4.2}{Closing Remarks}{chapter.4}% 52
\BOOKMARK [0][-]{chapter.5}{Appendix}{}% 53
\BOOKMARK [1][-]{section.5.1}{Discussion of the Reduced System Definition}{chapter.5}% 54
\BOOKMARK [1][-]{section.5.2}{General Reduced System Dynamics}{chapter.5}% 55
\BOOKMARK [1][-]{section.5.3}{General Form of Initial Reduced System State}{chapter.5}% 56
\BOOKMARK [1][-]{section.5.4}{Completeness Relation for q}{chapter.5}% 57
\BOOKMARK [1][-]{section.5.5}{Rabi Model Derivation}{chapter.5}% 58
\BOOKMARK [0][-]{section.5.5}{Author's Biography}{}% 59
