This is pdfTeX, Version 3.1415926-1.40.10 (TeX Live 2009/Debian) (format=pdflatex 2012.5.6)  14 DEC 2013 19:17
entering extended mode
 %&-line parsing enabled.
**JMMcCracken_book.tex
(./JMMcCracken_book.tex
LaTeX2e <2009/09/24>
Babel <v3.8l> and hyphenation patterns for english, usenglishmax, dumylang, noh
yphenation, loaded.
(/usr/share/texmf-texlive/tex/latex/base/book.cls
Document Class: book 2007/10/19 v1.4h Standard LaTeX document class
(/usr/share/texmf-texlive/tex/latex/base/bk10.clo
File: bk10.clo 2007/10/19 v1.4h Standard LaTeX file (size option)
)
\c@part=\count79
\c@chapter=\count80
\c@section=\count81
\c@subsection=\count82
\c@subsubsection=\count83
\c@paragraph=\count84
\c@subparagraph=\count85
\c@figure=\count86
\c@table=\count87
\abovecaptionskip=\skip41
\belowcaptionskip=\skip42
\bibindent=\dimen102
)
(/usr/share/texmf-texlive/tex/latex/booktabs/booktabs.sty
Package: booktabs 2005/04/14 v1.61803 publication quality tables
\heavyrulewidth=\dimen103
\lightrulewidth=\dimen104
\cmidrulewidth=\dimen105
\belowrulesep=\dimen106
\belowbottomsep=\dimen107
\aboverulesep=\dimen108
\abovetopsep=\dimen109
\cmidrulesep=\dimen110
\cmidrulekern=\dimen111
\defaultaddspace=\dimen112
\@cmidla=\count88
\@cmidlb=\count89
\@aboverulesep=\dimen113
\@belowrulesep=\dimen114
\@thisruleclass=\count90
\@lastruleclass=\count91
\@thisrulewidth=\dimen115
)
(/usr/share/texmf-texlive/tex/latex/multirow/multirow.sty
\bigstrutjot=\dimen116
)
(/usr/share/texmf-texlive/tex/latex/fancyhdr/fancyhdr.sty
\fancy@headwidth=\skip43
\f@ncyO@elh=\skip44
\f@ncyO@erh=\skip45
\f@ncyO@olh=\skip46
\f@ncyO@orh=\skip47
\f@ncyO@elf=\skip48
\f@ncyO@erf=\skip49
\f@ncyO@olf=\skip50
\f@ncyO@orf=\skip51
)
(/usr/share/texmf-texlive/tex/latex/graphics/graphicx.sty
Package: graphicx 1999/02/16 v1.0f Enhanced LaTeX Graphics (DPC,SPQR)

(/usr/share/texmf-texlive/tex/latex/graphics/keyval.sty
Package: keyval 1999/03/16 v1.13 key=value parser (DPC)
\KV@toks@=\toks14
)
(/usr/share/texmf-texlive/tex/latex/graphics/graphics.sty
Package: graphics 2009/02/05 v1.0o Standard LaTeX Graphics (DPC,SPQR)

(/usr/share/texmf-texlive/tex/latex/graphics/trig.sty
Package: trig 1999/03/16 v1.09 sin cos tan (DPC)
)
(/etc/texmf/tex/latex/config/graphics.cfg
File: graphics.cfg 2009/08/28 v1.8 graphics configuration of TeX Live
)
Package graphics Info: Driver file: pdftex.def on input line 91.

(/usr/share/texmf-texlive/tex/latex/pdftex-def/pdftex.def
File: pdftex.def 2010/03/12 v0.04p Graphics/color for pdfTeX
\Gread@gobject=\count92
))
\Gin@req@height=\dimen117
\Gin@req@width=\dimen118
)
(/usr/share/texmf/tex/latex/xcolor/xcolor.sty
Package: xcolor 2007/01/21 v2.11 LaTeX color extensions (UK)

(/etc/texmf/tex/latex/config/color.cfg
File: color.cfg 2007/01/18 v1.5 color configuration of teTeX/TeXLive
)
Package xcolor Info: Driver file: pdftex.def on input line 225.
Package xcolor Info: Model `cmy' substituted by `cmy0' on input line 1337.
Package xcolor Info: Model `hsb' substituted by `rgb' on input line 1341.
Package xcolor Info: Model `RGB' extended on input line 1353.
Package xcolor Info: Model `HTML' substituted by `rgb' on input line 1355.
Package xcolor Info: Model `Hsb' substituted by `hsb' on input line 1356.
Package xcolor Info: Model `tHsb' substituted by `hsb' on input line 1357.
Package xcolor Info: Model `HSB' substituted by `hsb' on input line 1358.
Package xcolor Info: Model `Gray' substituted by `gray' on input line 1359.
Package xcolor Info: Model `wave' substituted by `hsb' on input line 1360.
)
(/usr/share/texmf-texlive/tex/latex/colortbl/colortbl.sty
Package: colortbl 2001/02/13 v0.1j Color table columns (DPC)

(/usr/share/texmf-texlive/tex/latex/tools/array.sty
Package: array 2008/09/09 v2.4c Tabular extension package (FMi)
\col@sep=\dimen119
\extrarowheight=\dimen120
\NC@list=\toks15
\extratabsurround=\skip52
\backup@length=\skip53
)
\everycr=\toks16
\minrowclearance=\skip54
)
(/usr/share/texmf-texlive/tex/latex/hyperref/hyperref.sty
Package: hyperref 2009/10/09 v6.79a Hypertext links for LaTeX

(/usr/share/texmf-texlive/tex/generic/oberdiek/ifpdf.sty
Package: ifpdf 2009/04/10 v2.0 Provides the ifpdf switch (HO)
Package ifpdf Info: pdfTeX in pdf mode detected.
)
(/usr/share/texmf-texlive/tex/generic/oberdiek/ifvtex.sty
Package: ifvtex 2008/11/04 v1.4 Switches for detecting VTeX and its modes (HO)
Package ifvtex Info: VTeX not detected.
)
(/usr/share/texmf-texlive/tex/generic/ifxetex/ifxetex.sty
Package: ifxetex 2009/01/23 v0.5 Provides ifxetex conditional
)
(/usr/share/texmf-texlive/tex/latex/oberdiek/hycolor.sty
Package: hycolor 2009/10/02 v1.5 Code for color options of hyperref/bookmark (H
O)

(/usr/share/texmf-texlive/tex/latex/oberdiek/xcolor-patch.sty
Package: xcolor-patch 2009/10/02 xcolor patch
))
\@linkdim=\dimen121
\Hy@linkcounter=\count93
\Hy@pagecounter=\count94

(/usr/share/texmf-texlive/tex/latex/hyperref/pd1enc.def
File: pd1enc.def 2009/10/09 v6.79a Hyperref: PDFDocEncoding definition (HO)
)
(/usr/share/texmf-texlive/tex/generic/oberdiek/etexcmds.sty
Package: etexcmds 2007/12/12 v1.2 Prefix for e-TeX command names (HO)

(/usr/share/texmf-texlive/tex/generic/oberdiek/infwarerr.sty
Package: infwarerr 2007/09/09 v1.2 Providing info/warning/message (HO)
)
Package etexcmds Info: Could not find \expanded.
(etexcmds)             That can mean that you are not using pdfTeX 1.50 or
(etexcmds)             that some package has redefined \expanded.
(etexcmds)             In the latter case, load this package earlier.
)
(/usr/share/texmf-texlive/tex/latex/latexconfig/hyperref.cfg
File: hyperref.cfg 2002/06/06 v1.2 hyperref configuration of TeXLive
)
(/usr/share/texmf-texlive/tex/latex/oberdiek/kvoptions.sty
Package: kvoptions 2009/08/13 v3.4 Keyval support for LaTeX options (HO)

(/usr/share/texmf-texlive/tex/generic/oberdiek/kvsetkeys.sty
Package: kvsetkeys 2009/07/30 v1.5 Key value parser with default handler suppor
t (HO)
))
Package hyperref Info: Hyper figures OFF on input line 2975.
Package hyperref Info: Link nesting OFF on input line 2980.
Package hyperref Info: Hyper index ON on input line 2983.
Package hyperref Info: Plain pages OFF on input line 2990.
Package hyperref Info: Backreferencing OFF on input line 2995.

Implicit mode ON; LaTeX internals redefined
Package hyperref Info: Bookmarks ON on input line 3191.
(/usr/share/texmf-texlive/tex/latex/ltxmisc/url.sty
\Urlmuskip=\muskip10
Package: url 2006/04/12  ver 3.3  Verb mode for urls, etc.
)
LaTeX Info: Redefining \url on input line 3428.

(/usr/share/texmf-texlive/tex/generic/oberdiek/bitset.sty
Package: bitset 2007/09/28 v1.0 Data type bit set (HO)

(/usr/share/texmf-texlive/tex/generic/oberdiek/intcalc.sty
Package: intcalc 2007/09/27 v1.1 Expandable integer calculations (HO)
)
(/usr/share/texmf-texlive/tex/generic/oberdiek/bigintcalc.sty
Package: bigintcalc 2007/11/11 v1.1 Expandable big integer calculations (HO)

(/usr/share/texmf-texlive/tex/generic/oberdiek/pdftexcmds.sty
Package: pdftexcmds 2009/09/23 v0.6 LuaTeX support for pdfTeX utility functions
 (HO)

(/usr/share/texmf-texlive/tex/generic/oberdiek/ifluatex.sty
Package: ifluatex 2009/04/17 v1.2 Provides the ifluatex switch (HO)
Package ifluatex Info: LuaTeX not detected.
)
(/usr/share/texmf-texlive/tex/generic/oberdiek/ltxcmds.sty
Package: ltxcmds 2009/08/05 v1.0 Some LaTeX kernel commands for general use (HO
)
)
Package pdftexcmds Info: LuaTeX not detected.
Package pdftexcmds Info: \pdf@primitive is available.
Package pdftexcmds Info: \pdf@ifprimitive is available.
)))
\Fld@menulength=\count95
\Field@Width=\dimen122
\Fld@charsize=\dimen123
\Field@toks=\toks17
Package hyperref Info: Hyper figures OFF on input line 4377.
Package hyperref Info: Link nesting OFF on input line 4382.
Package hyperref Info: Hyper index ON on input line 4385.
Package hyperref Info: backreferencing OFF on input line 4392.
Package hyperref Info: Link coloring OFF on input line 4397.
Package hyperref Info: Link coloring with OCG OFF on input line 4402.
Package hyperref Info: PDF/A mode OFF on input line 4407.

(/usr/share/texmf-texlive/tex/generic/oberdiek/atbegshi.sty
Package: atbegshi 2008/07/31 v1.9 At begin shipout hook (HO)
)
\Hy@abspage=\count96
\c@Item=\count97
\c@Hfootnote=\count98
)
*hyperref using default driver hpdftex*
(/usr/share/texmf-texlive/tex/latex/hyperref/hpdftex.def
File: hpdftex.def 2009/10/09 v6.79a Hyperref driver for pdfTeX
\Fld@listcount=\count99
)
(/usr/share/texmf/tex/latex/pgf/frontendlayer/tikz.sty
(/usr/share/texmf/tex/latex/pgf/basiclayer/pgf.sty
(/usr/share/texmf/tex/latex/pgf/utilities/pgfrcs.sty
(/usr/share/texmf/tex/generic/pgf/utilities/pgfutil-common.tex
\pgfutil@everybye=\toks18
)
(/usr/share/texmf/tex/generic/pgf/utilities/pgfutil-latex.def
\pgfutil@abb=\box26

(/usr/share/texmf-texlive/tex/latex/ms/everyshi.sty
Package: everyshi 2001/05/15 v3.00 EveryShipout Package (MS)
))
(/usr/share/texmf/tex/generic/pgf/utilities/pgfrcs.code.tex
Package: pgfrcs 2010/10/25 v2.10 (rcs-revision 1.24)
))
Package: pgf 2008/01/15 v2.10 (rcs-revision 1.12)

(/usr/share/texmf/tex/latex/pgf/basiclayer/pgfcore.sty
(/usr/share/texmf/tex/latex/pgf/systemlayer/pgfsys.sty
(/usr/share/texmf/tex/generic/pgf/systemlayer/pgfsys.code.tex
Package: pgfsys 2010/06/30 v2.10 (rcs-revision 1.37)

(/usr/share/texmf/tex/generic/pgf/utilities/pgfkeys.code.tex
\pgfkeys@pathtoks=\toks19
\pgfkeys@temptoks=\toks20

(/usr/share/texmf/tex/generic/pgf/utilities/pgfkeysfiltered.code.tex
\pgfkeys@tmptoks=\toks21
))
\pgf@x=\dimen124
\pgf@y=\dimen125
\pgf@xa=\dimen126
\pgf@ya=\dimen127
\pgf@xb=\dimen128
\pgf@yb=\dimen129
\pgf@xc=\dimen130
\pgf@yc=\dimen131
\w@pgf@writea=\write3
\r@pgf@reada=\read1
\c@pgf@counta=\count100
\c@pgf@countb=\count101
\c@pgf@countc=\count102
\c@pgf@countd=\count103

(/usr/share/texmf/tex/generic/pgf/systemlayer/pgf.cfg
File: pgf.cfg 2008/05/14  (rcs-revision 1.7)
)
Package pgfsys Info: Driver file for pgf: pgfsys-pdftex.def on input line 900.

(/usr/share/texmf/tex/generic/pgf/systemlayer/pgfsys-pdftex.def
File: pgfsys-pdftex.def 2009/05/22  (rcs-revision 1.26)

(/usr/share/texmf/tex/generic/pgf/systemlayer/pgfsys-common-pdf.def
File: pgfsys-common-pdf.def 2008/05/19  (rcs-revision 1.10)
)))
(/usr/share/texmf/tex/generic/pgf/systemlayer/pgfsyssoftpath.code.tex
File: pgfsyssoftpath.code.tex 2008/07/18  (rcs-revision 1.7)
\pgfsyssoftpath@smallbuffer@items=\count104
\pgfsyssoftpath@bigbuffer@items=\count105
)
(/usr/share/texmf/tex/generic/pgf/systemlayer/pgfsysprotocol.code.tex
File: pgfsysprotocol.code.tex 2006/10/16  (rcs-revision 1.4)
))
(/usr/share/texmf/tex/generic/pgf/basiclayer/pgfcore.code.tex
Package: pgfcore 2010/04/11 v2.10 (rcs-revision 1.7)

(/usr/share/texmf/tex/generic/pgf/math/pgfmath.code.tex
(/usr/share/texmf/tex/generic/pgf/math/pgfmathcalc.code.tex
(/usr/share/texmf/tex/generic/pgf/math/pgfmathutil.code.tex)
(/usr/share/texmf/tex/generic/pgf/math/pgfmathparser.code.tex
\pgfmath@dimen=\dimen132
\pgfmath@count=\count106
\pgfmath@box=\box27
\pgfmath@toks=\toks22
\pgfmath@stack@operand=\toks23
\pgfmath@stack@operation=\toks24
)
(/usr/share/texmf/tex/generic/pgf/math/pgfmathfunctions.code.tex
(/usr/share/texmf/tex/generic/pgf/math/pgfmathfunctions.basic.code.tex)
(/usr/share/texmf/tex/generic/pgf/math/pgfmathfunctions.trigonometric.code.tex)
(/usr/share/texmf/tex/generic/pgf/math/pgfmathfunctions.random.code.tex)
(/usr/share/texmf/tex/generic/pgf/math/pgfmathfunctions.comparison.code.tex)
(/usr/share/texmf/tex/generic/pgf/math/pgfmathfunctions.base.code.tex)
(/usr/share/texmf/tex/generic/pgf/math/pgfmathfunctions.round.code.tex)
(/usr/share/texmf/tex/generic/pgf/math/pgfmathfunctions.misc.code.tex)))
(/usr/share/texmf/tex/generic/pgf/math/pgfmathfloat.code.tex
\c@pgfmathroundto@lastzeros=\count107
))
(/usr/share/texmf/tex/generic/pgf/basiclayer/pgfcorepoints.code.tex
File: pgfcorepoints.code.tex 2010/04/09  (rcs-revision 1.20)
\pgf@picminx=\dimen133
\pgf@picmaxx=\dimen134
\pgf@picminy=\dimen135
\pgf@picmaxy=\dimen136
\pgf@pathminx=\dimen137
\pgf@pathmaxx=\dimen138
\pgf@pathminy=\dimen139
\pgf@pathmaxy=\dimen140
\pgf@xx=\dimen141
\pgf@xy=\dimen142
\pgf@yx=\dimen143
\pgf@yy=\dimen144
\pgf@zx=\dimen145
\pgf@zy=\dimen146
)
(/usr/share/texmf/tex/generic/pgf/basiclayer/pgfcorepathconstruct.code.tex
File: pgfcorepathconstruct.code.tex 2010/08/03  (rcs-revision 1.24)
\pgf@path@lastx=\dimen147
\pgf@path@lasty=\dimen148
)
(/usr/share/texmf/tex/generic/pgf/basiclayer/pgfcorepathusage.code.tex
File: pgfcorepathusage.code.tex 2008/04/22  (rcs-revision 1.12)
\pgf@shorten@end@additional=\dimen149
\pgf@shorten@start@additional=\dimen150
)
(/usr/share/texmf/tex/generic/pgf/basiclayer/pgfcorescopes.code.tex
File: pgfcorescopes.code.tex 2010/09/08  (rcs-revision 1.34)
\pgfpic=\box28
\pgf@hbox=\box29
\pgf@layerbox@main=\box30
\pgf@picture@serial@count=\count108
)
(/usr/share/texmf/tex/generic/pgf/basiclayer/pgfcoregraphicstate.code.tex
File: pgfcoregraphicstate.code.tex 2008/04/22  (rcs-revision 1.9)
\pgflinewidth=\dimen151
)
(/usr/share/texmf/tex/generic/pgf/basiclayer/pgfcoretransformations.code.tex
File: pgfcoretransformations.code.tex 2009/06/10  (rcs-revision 1.11)
\pgf@pt@x=\dimen152
\pgf@pt@y=\dimen153
\pgf@pt@temp=\dimen154
)
(/usr/share/texmf/tex/generic/pgf/basiclayer/pgfcorequick.code.tex
File: pgfcorequick.code.tex 2008/10/09  (rcs-revision 1.3)
)
(/usr/share/texmf/tex/generic/pgf/basiclayer/pgfcoreobjects.code.tex
File: pgfcoreobjects.code.tex 2006/10/11  (rcs-revision 1.2)
)
(/usr/share/texmf/tex/generic/pgf/basiclayer/pgfcorepathprocessing.code.tex
File: pgfcorepathprocessing.code.tex 2008/10/09  (rcs-revision 1.8)
)
(/usr/share/texmf/tex/generic/pgf/basiclayer/pgfcorearrows.code.tex
File: pgfcorearrows.code.tex 2008/04/23  (rcs-revision 1.11)
)
(/usr/share/texmf/tex/generic/pgf/basiclayer/pgfcoreshade.code.tex
File: pgfcoreshade.code.tex 2008/11/23  (rcs-revision 1.13)
\pgf@max=\dimen155
\pgf@sys@shading@range@num=\count109
)
(/usr/share/texmf/tex/generic/pgf/basiclayer/pgfcoreimage.code.tex
File: pgfcoreimage.code.tex 2010/03/25  (rcs-revision 1.16)

(/usr/share/texmf/tex/generic/pgf/basiclayer/pgfcoreexternal.code.tex
File: pgfcoreexternal.code.tex 2010/09/01  (rcs-revision 1.17)
\pgfexternal@startupbox=\box31
))
(/usr/share/texmf/tex/generic/pgf/basiclayer/pgfcorelayers.code.tex
File: pgfcorelayers.code.tex 2010/08/27  (rcs-revision 1.2)
)
(/usr/share/texmf/tex/generic/pgf/basiclayer/pgfcoretransparency.code.tex
File: pgfcoretransparency.code.tex 2008/01/17  (rcs-revision 1.2)
)
(/usr/share/texmf/tex/generic/pgf/basiclayer/pgfcorepatterns.code.tex
File: pgfcorepatterns.code.tex 2009/07/02  (rcs-revision 1.3)
)))
(/usr/share/texmf/tex/generic/pgf/modules/pgfmoduleshapes.code.tex
File: pgfmoduleshapes.code.tex 2010/09/09  (rcs-revision 1.13)
\pgfnodeparttextbox=\box32
)
(/usr/share/texmf/tex/generic/pgf/modules/pgfmoduleplot.code.tex
File: pgfmoduleplot.code.tex 2010/10/22  (rcs-revision 1.8)
)
(/usr/share/texmf/tex/latex/pgf/compatibility/pgfcomp-version-0-65.sty
Package: pgfcomp-version-0-65 2007/07/03 v2.10 (rcs-revision 1.7)
\pgf@nodesepstart=\dimen156
\pgf@nodesepend=\dimen157
)
(/usr/share/texmf/tex/latex/pgf/compatibility/pgfcomp-version-1-18.sty
Package: pgfcomp-version-1-18 2007/07/23 v2.10 (rcs-revision 1.1)
))
(/usr/share/texmf/tex/latex/pgf/utilities/pgffor.sty
(/usr/share/texmf/tex/latex/pgf/utilities/pgfkeys.sty
(/usr/share/texmf/tex/generic/pgf/utilities/pgfkeys.code.tex))
(/usr/share/texmf/tex/generic/pgf/utilities/pgffor.code.tex
Package: pgffor 2010/03/23 v2.10 (rcs-revision 1.18)
\pgffor@iter=\dimen158
\pgffor@skip=\dimen159
\pgffor@stack=\toks25
\pgffor@toks=\toks26
))
(/usr/share/texmf/tex/generic/pgf/frontendlayer/tikz/tikz.code.tex
Package: tikz 2010/10/13 v2.10 (rcs-revision 1.76)

(/usr/share/texmf/tex/generic/pgf/libraries/pgflibraryplothandlers.code.tex
File: pgflibraryplothandlers.code.tex 2010/05/31 v2.10 (rcs-revision 1.15)
\pgf@plot@mark@count=\count110
\pgfplotmarksize=\dimen160
)
\tikz@lastx=\dimen161
\tikz@lasty=\dimen162
\tikz@lastxsaved=\dimen163
\tikz@lastysaved=\dimen164
\tikzleveldistance=\dimen165
\tikzsiblingdistance=\dimen166
\tikz@figbox=\box33
\tikz@tempbox=\box34
\tikztreelevel=\count111
\tikznumberofchildren=\count112
\tikznumberofcurrentchild=\count113
\tikz@fig@count=\count114

(/usr/share/texmf/tex/generic/pgf/modules/pgfmodulematrix.code.tex
File: pgfmodulematrix.code.tex 2010/08/24  (rcs-revision 1.4)
\pgfmatrixcurrentrow=\count115
\pgfmatrixcurrentcolumn=\count116
\pgf@matrix@numberofcolumns=\count117
)
\tikz@expandcount=\count118

(/usr/share/texmf/tex/generic/pgf/frontendlayer/tikz/libraries/tikzlibrarytopat
hs.code.tex
File: tikzlibrarytopaths.code.tex 2008/06/17 v2.10 (rcs-revision 1.2)
))) (/usr/share/texmf-texlive/tex/latex/caption/caption.sty
Package: caption 2009/10/09 v3.1k Customizing captions (AR)

(/usr/share/texmf-texlive/tex/latex/caption/caption3.sty
Package: caption3 2009/10/09 v3.1k caption3 kernel (AR)
\captionmargin=\dimen167
\captionmargin@=\dimen168
\captionwidth=\dimen169
\caption@indent=\dimen170
\caption@parindent=\dimen171
\caption@hangindent=\dimen172
)
\c@ContinuedFloat=\count119
Package caption Info: hyperref package is loaded.
)
(/usr/share/texmf-texlive/tex/latex/mh/mathtools.sty
Package: mathtools 2008/08/01 v1.06 mathematical typesetting tools (MH)

(/usr/share/texmf-texlive/tex/latex/tools/calc.sty
Package: calc 2007/08/22 v4.3 Infix arithmetic (KKT,FJ)
\calc@Acount=\count120
\calc@Bcount=\count121
\calc@Adimen=\dimen173
\calc@Bdimen=\dimen174
\calc@Askip=\skip55
\calc@Bskip=\skip56
LaTeX Info: Redefining \setlength on input line 76.
LaTeX Info: Redefining \addtolength on input line 77.
\calc@Ccount=\count122
\calc@Cskip=\skip57
)
(/usr/share/texmf-texlive/tex/latex/mh/mhsetup.sty
Package: mhsetup 2007/12/03 v1.2 programming setup (MH)
)
(/usr/share/texmf-texlive/tex/latex/amsmath/amsmath.sty
Package: amsmath 2000/07/18 v2.13 AMS math features
\@mathmargin=\skip58

For additional information on amsmath, use the `?' option.
(/usr/share/texmf-texlive/tex/latex/amsmath/amstext.sty
Package: amstext 2000/06/29 v2.01

(/usr/share/texmf-texlive/tex/latex/amsmath/amsgen.sty
File: amsgen.sty 1999/11/30 v2.0
\@emptytoks=\toks27
\ex@=\dimen175
))
(/usr/share/texmf-texlive/tex/latex/amsmath/amsbsy.sty
Package: amsbsy 1999/11/29 v1.2d
\pmbraise@=\dimen176
)
(/usr/share/texmf-texlive/tex/latex/amsmath/amsopn.sty
Package: amsopn 1999/12/14 v2.01 operator names
)
\inf@bad=\count123
LaTeX Info: Redefining \frac on input line 211.
\uproot@=\count124
\leftroot@=\count125
LaTeX Info: Redefining \overline on input line 307.
\classnum@=\count126
\DOTSCASE@=\count127
LaTeX Info: Redefining \ldots on input line 379.
LaTeX Info: Redefining \dots on input line 382.
LaTeX Info: Redefining \cdots on input line 467.
\Mathstrutbox@=\box35
\strutbox@=\box36
\big@size=\dimen177
LaTeX Font Info:    Redeclaring font encoding OML on input line 567.
LaTeX Font Info:    Redeclaring font encoding OMS on input line 568.
\macc@depth=\count128
\c@MaxMatrixCols=\count129
\dotsspace@=\muskip11
\c@parentequation=\count130
\dspbrk@lvl=\count131
\tag@help=\toks28
\row@=\count132
\column@=\count133
\maxfields@=\count134
\andhelp@=\toks29
\eqnshift@=\dimen178
\alignsep@=\dimen179
\tagshift@=\dimen180
\tagwidth@=\dimen181
\totwidth@=\dimen182
\lineht@=\dimen183
\@envbody=\toks30
\multlinegap=\skip59
\multlinetaggap=\skip60
\mathdisplay@stack=\toks31
LaTeX Info: Redefining \[ on input line 2666.
LaTeX Info: Redefining \] on input line 2667.
)
\g_MT_multlinerow_int=\count135
\l_MT_multwidth_dim=\dimen184
)
(/usr/share/texmf-texlive/tex/latex/setspace/setspace.sty
Package: setspace 2000/12/01 6.7 Contributed and Supported LaTeX2e package

Package: `setspace' 6.7 <2000/12/01>
) (./morgan.sty
Package: morgan 2010/10/17 v1.2 typesetting M&C books
 (/usr/share/texmf-texlive/tex/latex/textcase/textcase.sty
Package: textcase 2004/10/07 v0.07 Text only upper/lower case changing (DPC)
)
(/usr/share/texmf-texlive/tex/latex/tools/multicol.sty
Package: multicol 2008/12/05 v1.6h multicolumn formatting (FMi)
\c@tracingmulticols=\count136
\mult@box=\box37
\multicol@leftmargin=\dimen185
\c@unbalance=\count137
\c@collectmore=\count138
\doublecol@number=\count139
\multicoltolerance=\count140
\multicolpretolerance=\count141
\full@width=\dimen186
\page@free=\dimen187
\premulticols=\dimen188
\postmulticols=\dimen189
\multicolsep=\skip61
\multicolbaselineskip=\skip62
\partial@page=\box38
\last@line=\box39
\mult@rightbox=\box40
\mult@grightbox=\box41
\mult@gfirstbox=\box42
\mult@firstbox=\box43
\@tempa=\box44
\@tempa=\box45
\@tempa=\box46
\@tempa=\box47
\@tempa=\box48
\@tempa=\box49
\@tempa=\box50
\@tempa=\box51
\@tempa=\box52
\@tempa=\box53
\@tempa=\box54
\@tempa=\box55
\@tempa=\box56
\@tempa=\box57
\@tempa=\box58
\@tempa=\box59
\@tempa=\box60
\c@columnbadness=\count142
\c@finalcolumnbadness=\count143
\last@try=\dimen190
\multicolovershoot=\dimen191
\multicolundershoot=\dimen192
\mult@nat@firstbox=\box61
\colbreak@box=\box62
)
(/usr/share/texmf-texlive/tex/latex/tools/hhline.sty
Package: hhline 1994/05/23 v2.03 Table rule package (DPC)
)
(/usr/share/texmf-texlive/tex/latex/ltxmisc/framed.sty
Package: framed 2007/10/04 v 0.95: framed or shaded text with page breaks
\fb@frw=\dimen193
\fb@frh=\dimen194
\FrameRule=\dimen195
\FrameSep=\dimen196
)
\tempbox=\box63
 (./ot1cmpca.fd
File: ot1cmpca.fd 2009/10/01 v0.1 (UL)
)
\trimwidth=\dimen197
\c@codelisting=\count144
\boxleftmarg=\dimen198
\boxrightmarg=\dimen199
\boxtopmarg=\dimen200
\boxbotmarg=\dimen201
\beforeshowoffskip=\skip63
\aftershowoffskip=\skip64
\beforeshowoffpenalty=\count145
\aftershowoffpenalty=\count146
\@holddisplay=\box64
\@tempdimen=\dimen202
\@temphdimen=\dimen203
\@tempddimen=\dimen204
\@tempwdimen=\dimen205
\captionboxone=\box65
\savecaptionbox=\box66
\addedtwidth=\dimen206
\@footmax=\dimen207
\c@ucount=\count147
\c@subelement=\count148
\MCtheorembodyfont=\toks32
\MCtheoremaddheadpunct=\toks33
\c@exercise=\count149
\c@sublistcounter=\count150
\c@subsublistcounter=\count151
)
(./natbib.sty
Package: natbib 2000/07/24 7.0a (PWD)
\bibhang=\skip65
\bibsep=\skip66
LaTeX Info: Redefining \cite on input line 508.
\c@NAT@ctr=\count152
) (./morplay.sty
Package: morplay 2010/10/23 morgan.sty layout changes (UL)
) (./ttdefs.sty
Package: ttdefs 2011/05/30 T&T TechWorks Macros

(/usr/share/texmf-texlive/tex/latex/base/latexsym.sty
Package: latexsym 1998/08/17 v2.2e Standard LaTeX package (lasy symbols)
\symlasy=\mathgroup4
LaTeX Font Info:    Overwriting symbol font `lasy' in version `bold'
(Font)                  U/lasy/m/n --> U/lasy/b/n on input line 47.
)
(/usr/share/texmf-texlive/tex/latex/amsfonts/amsfonts.sty
Package: amsfonts 2009/06/22 v3.00 Basic AMSFonts support


Package amsfonts Warning: The 'psamsfonts' option is obsolete in AMSFonts v3.

\symAMSa=\mathgroup5
\symAMSb=\mathgroup6
LaTeX Font Info:    Overwriting math alphabet `\mathfrak' in version `bold'
(Font)                  U/euf/m/n --> U/euf/b/n on input line 96.
) (/usr/share/texmf-texlive/tex/latex/amsfonts/amssymb.sty
Package: amssymb 2009/06/22 v3.00
)
(/usr/share/texmf-texlive/tex/latex/amsmath/amscd.sty
Package: amscd 1999/11/29 v1.2d
\athelp@=\toks34
\minaw@=\dimen208
\bigaw@=\dimen209
\minCDarrowwidth=\dimen210
)
(/usr/share/texmf-texlive/tex/latex/tools/bm.sty
Package: bm 2004/02/26 v1.1c Bold Symbol Support (DPC/FMi)
\symboldoperators=\mathgroup7
\symboldletters=\mathgroup8
\symboldsymbols=\mathgroup9
\symboldlasy=\mathgroup10
LaTeX Font Info:    Redeclaring math alphabet \mathbf on input line 138.
LaTeX Info: Redefining \bm on input line 204.
)
(/usr/share/texmf-texlive/tex/latex/tools/longtable.sty
Package: longtable 2004/02/01 v4.11 Multi-page Table package (DPC)
\LTleft=\skip67
\LTright=\skip68
\LTpre=\skip69
\LTpost=\skip70
\LTchunksize=\count153
\LTcapwidth=\dimen211
\LT@head=\box67
\LT@firsthead=\box68
\LT@foot=\box69
\LT@lastfoot=\box70
\LT@cols=\count154
\LT@rows=\count155
\c@LT@tables=\count156
\c@LT@chunks=\count157
\LT@p@ftn=\toks35
)
(/usr/share/texmf-texlive/tex/latex/ltxmisc/cases.sty
Package: cases 2002/05/02 ver 2.5 
)
(/usr/share/texmf-texlive/tex/latex/comment/comment.sty
\CommentStream=\write4

Excluding comment 'comment')
(/usr/share/texmf-texlive/tex/latex/amsfonts/euscript.sty
Package: euscript 2009/06/22 v3.00 Euler Script fonts
LaTeX Font Info:    Overwriting math alphabet `\EuScript' in version `bold'
(Font)                  U/eus/m/n --> U/eus/b/n on input line 33.
)
(/usr/share/texmf-texlive/tex/latex/rotating/rotating.sty
Package: rotating 2009/03/28 v2.16a rotated objects in LaTeX

(/usr/share/texmf-texlive/tex/latex/base/ifthen.sty
Package: ifthen 2001/05/26 v1.1c Standard LaTeX ifthen package (DPC)
)
\c@r@tfl@t=\count158
\rotFPtop=\skip71
\rotFPbot=\skip72
\rot@float@box=\box71
\rot@mess@toks=\toks36
)
(/usr/share/texmf-texlive/tex/latex/subfigure/subfigure.sty
Package: subfigure 2002/03/15 v2.1.5 subfigure package
\subfigtopskip=\skip73
\subfigcapskip=\skip74
\subfigcaptopadj=\dimen212
\subfigbottomskip=\skip75
\subfigcapmargin=\dimen213
\subfiglabelskip=\skip76
\c@subfigure=\count159
\c@lofdepth=\count160
\c@subtable=\count161
\c@lotdepth=\count162

****************************************
* Local config file subfigure.cfg used *
****************************************
(/usr/share/texmf-texlive/tex/latex/subfigure/subfigure.cfg)
\subfig@top=\skip77
\subfig@bottom=\skip78
)
(/usr/share/texmf-texlive/tex/latex/algorithms/algorithm.sty
Package: algorithm 2009/08/24 v0.1 Document Style `algorithm' - floating enviro
nment

(/usr/share/texmf-texlive/tex/latex/float/float.sty
Package: float 2001/11/08 v1.3d Float enhancements (AL)
\c@float@type=\count163
\float@exts=\toks37
\float@box=\box72
\@float@everytoks=\toks38
\@floatcapt=\box73
)
\@float@every@algorithm=\toks39
\c@algorithm=\count164
)
(/usr/share/texmf-texlive/tex/latex/algorithms/algorithmic.sty
Package: algorithmic 2009/08/24 v0.1 Document Style `algorithmic'
\c@ALC@unique=\count165
\c@ALC@line=\count166
\c@ALC@rem=\count167
\c@ALC@depth=\count168
\ALC@tlm=\skip79
\algorithmicindent=\skip80
))
(/usr/share/texmf/tex/generic/pgf/frontendlayer/tikz/libraries/tikzlibrarybackg
rounds.code.tex
File: tikzlibrarybackgrounds.code.tex 2010/02/08 v2.10 (rcs-revision 1.2)
\pgf@layerbox@background=\box74
\pgf@layerboxsaved@background=\box75
)
(/usr/share/texmf/tex/generic/pgf/frontendlayer/tikz/libraries/tikzlibraryfit.c
ode.tex
File: tikzlibraryfit.code.tex 2008/06/21 v2.10 (rcs-revision 1.3)
)
(/usr/share/texmf/tex/generic/pgf/frontendlayer/tikz/libraries/tikzlibrarydecor
ations.pathreplacing.code.tex
(/usr/share/texmf/tex/generic/pgf/frontendlayer/tikz/libraries/tikzlibrarydecor
ations.code.tex
(/usr/share/texmf/tex/generic/pgf/modules/pgfmoduledecorations.code.tex
\pgfdecoratedcompleteddistance=\dimen214
\pgfdecoratedremainingdistance=\dimen215
\pgfdecoratedinputsegmentcompleteddistance=\dimen216
\pgfdecoratedinputsegmentremainingdistance=\dimen217
\pgf@decorate@distancetomove=\dimen218
\pgf@decorate@repeatstate=\count169
\pgfdecorationsegmentamplitude=\dimen219
\pgfdecorationsegmentlength=\dimen220
)
\tikz@lib@dec@box=\box76
)
(/usr/share/texmf/tex/generic/pgf/libraries/decorations/pgflibrarydecorations.p
athreplacing.code.tex))
(/usr/share/texmf/tex/generic/pgf/frontendlayer/tikz/libraries/tikzlibrarycalc.
code.tex
File: tikzlibrarycalc.code.tex 2009/09/04 v2.10 (rcs-revision 1.6)
)
(/usr/share/texmf/tex/generic/pgf/frontendlayer/tikz/libraries/tikzlibraryshado
ws.code.tex
File: tikzlibraryshadows.code.tex 2008/01/13 v2.10 (rcs-revision 1.3)

(/usr/share/texmf/tex/generic/pgf/frontendlayer/tikz/libraries/tikzlibraryfadin
gs.code.tex
File: tikzlibraryfadings.code.tex 2009/11/15 v2.10 (rcs-revision 1.2)

(/usr/share/texmf/tex/generic/pgf/libraries/pgflibraryfadings.code.tex
File: pgflibraryfadings.code.tex 2008/02/07 v2.10 (rcs-revision 1.3)
)))
\@indexfile=\write5
\openout5 = `JMMcCracken_book.idx'.


Writing index file JMMcCracken_book.idx
(./JMMcCracken_book.aux)
\openout1 = `JMMcCracken_book.aux'.

LaTeX Font Info:    Checking defaults for OML/cmm/m/it on input line 36.
LaTeX Font Info:    ... okay on input line 36.
LaTeX Font Info:    Checking defaults for T1/cmr/m/n on input line 36.
LaTeX Font Info:    ... okay on input line 36.
LaTeX Font Info:    Checking defaults for OT1/cmr/m/n on input line 36.
LaTeX Font Info:    ... okay on input line 36.
LaTeX Font Info:    Checking defaults for OMS/cmsy/m/n on input line 36.
LaTeX Font Info:    ... okay on input line 36.
LaTeX Font Info:    Checking defaults for OMX/cmex/m/n on input line 36.
LaTeX Font Info:    ... okay on input line 36.
LaTeX Font Info:    Checking defaults for U/cmr/m/n on input line 36.
LaTeX Font Info:    ... okay on input line 36.
LaTeX Font Info:    Checking defaults for PD1/pdf/m/n on input line 36.
LaTeX Font Info:    ... okay on input line 36.

(/usr/share/texmf-texlive/tex/context/base/supp-pdf.mkii
[Loading MPS to PDF converter (version 2006.09.02).]
\scratchcounter=\count170
\scratchdimen=\dimen221
\scratchbox=\box77
\nofMPsegments=\count171
\nofMParguments=\count172
\everyMPshowfont=\toks40
\MPscratchCnt=\count173
\MPscratchDim=\dimen222
\MPnumerator=\count174
\everyMPtoPDFconversion=\toks41
)
Package hyperref Info: Link coloring OFF on input line 36.
 (/usr/share/texmf-texlive/tex/latex/hyperref/nameref.sty
Package: nameref 2007/05/29 v2.31 Cross-referencing by name of section

(/usr/share/texmf-texlive/tex/latex/oberdiek/refcount.sty
Package: refcount 2008/08/11 v3.1 Data extraction from references (HO)
)
\c@section@level=\count175
)
LaTeX Info: Redefining \ref on input line 36.
LaTeX Info: Redefining \pageref on input line 36.

(./JMMcCracken_book.out) (./JMMcCracken_book.out)
\@outlinefile=\write6
\openout6 = `JMMcCracken_book.out'.

\AtBeginShipoutBox=\box78

ABD: EveryShipout initializing macros
Package caption Info: Begin \AtBeginDocument code.
Package caption Info: float package is loaded.
Package caption Info: longtable package is loaded.

(/usr/share/texmf-texlive/tex/latex/caption/ltcaption.sty
Package: ltcaption 2008/03/28 v1.2 longtable captions (AR)
)
Package caption Info: rotating package is loaded.
Package caption Info: subfigure package is loaded.
Package caption Info: End \AtBeginDocument code.
 (./fm.tex

! LaTeX Error: Unknown graphics extension: .eps.

See the LaTeX manual or LaTeX Companion for explanation.
Type  H <return>  for immediate help.
 ...                                              
                                                  
l.26 \morganlogo
                
? 
[1


{/var/lib/texmf/fonts/map/pdftex/updmap/pdftex.map}]
Underfull \hbox (badness 10000) in paragraph at lines 44--44

 []

[2

] (./JMMcCracken_book.toc
LaTeX Font Info:    Calculating math sizes for size <11> on input line 1.
LaTeX Font Info:    Try loading font information for U+msa on input line 1.

(/usr/share/texmf-texlive/tex/latex/amsfonts/umsa.fd
File: umsa.fd 2009/06/22 v3.00 AMS symbols A
)
LaTeX Font Info:    Try loading font information for U+msb on input line 1.

(/usr/share/texmf-texlive/tex/latex/amsfonts/umsb.fd
File: umsb.fd 2009/06/22 v3.00 AMS symbols B
)
LaTeX Font Info:    Font shape `U/lasy/b/n' in size <7.69997> not available
(Font)              Font shape `U/lasy/m/n' tried instead on input line 1.
LaTeX Font Info:    Font shape `U/lasy/b/n' in size <5.5> not available
(Font)              Font shape `U/lasy/m/n' tried instead on input line 1.
LaTeX Font Info:    Calculating math sizes for size <10.5> on input line 2.
LaTeX Font Info:    Font shape `U/lasy/b/n' in size <7.34996> not available
(Font)              Font shape `U/lasy/m/n' tried instead on input line 2.
LaTeX Font Info:    Font shape `U/lasy/b/n' in size <5.25> not available
(Font)              Font shape `U/lasy/m/n' tried instead on input line 2.
 [3

])
\tf@toc=\write7
\openout7 = `JMMcCracken_book.toc'.

) [4] (./Section1.tex
Chapter 1.

Overfull \hbox (2.03392pt too wide) in paragraph at lines 5--26
 [][] 
 []


Package natbib Warning: Citation `Sudarshan1961' on page 1 undefined on input l
ine 33.

[1


]
LaTeX Font Info:    Font shape `U/lasy/b/n' in size <8> not available
(Font)              Font shape `U/lasy/m/n' tried instead on input line 35.
LaTeX Font Info:    Font shape `U/lasy/b/n' in size <6> not available
(Font)              Font shape `U/lasy/m/n' tried instead on input line 35.
LaTeX Font Info:    Font shape `U/lasy/b/n' in size <5> not available
(Font)              Font shape `U/lasy/m/n' tried instead on input line 35.


Package natbib Warning: Citation `vonNeumann1947' on page 2 undefined on input 
line 37.

<OpenSystemDiagram.png, id=358, 585.96516pt x 238.92462pt>
File: OpenSystemDiagram.png Graphic file (type png)

<use OpenSystemDiagram.png>
Overfull \hbox (25.4728pt too wide) in paragraph at lines 46--47
 [][] 
 []


Package natbib Warning: Citation `Breuer2007' on page 2 undefined on input line
 47.


Underfull \vbox (badness 10000) has occurred while \output is active []

 [2]

Package natbib Warning: Citation `Zurek2003' on page 3 undefined on input line 
53.


Underfull \vbox (badness 10000) has occurred while \output is active []

 [3 <./OpenSystemDiagram.png>]

Package natbib Warning: Citation `Luhmann1995' on page 4 undefined on input lin
e 55.


Package natbib Warning: Citation `vonNeumann1947' on page 4 undefined on input 
line 65.


Package natbib Warning: Citation `Landau1977' on page 4 undefined on input line
 65.


Package natbib Warning: Citation `blum1996' on page 4 undefined on input line 6
5.


Package natbib Warning: Citation `Sakurai2010' on page 4 undefined on input lin
e 65.

[4] [5]

Package natbib Warning: Citation `Eidelman2004' on page 6 undefined on input li
ne 100.


Package natbib Warning: Citation `Byron1992' on page 6 undefined on input line 
102.


Package natbib Warning: Citation `Nielsen2010' on page 6 undefined on input lin
e 104.


Package natbib Warning: Citation `Breuer2007' on page 6 undefined on input line
 104.

[6]

Package natbib Warning: Citation `Gisin2001' on page 7 undefined on input line 
146.

[7] [8]

Package natbib Warning: Citation `Cohen1992' on page 9 undefined on input line 
187.


Package natbib Warning: Citation `Nielsen2010' on page 9 undefined on input lin
e 187.


Package natbib Warning: Citation `Jacobs2013' on page 9 undefined on input line
 187.


Package natbib Warning: Citation `Barnett2002' on page 9 undefined on input lin
e 187.


Package natbib Warning: Citation `Carlen2010' on page 9 undefined on input line
 187.


Package natbib Warning: Citation `Paris2012' on page 9 undefined on input line 
193.

[9]

Package natbib Warning: Citation `Pechukas1994' on page 10 undefined on input l
ine 221.


Package natbib Warning: Citation `Alicki1995' on page 10 undefined on input lin
e 221.


Package natbib Warning: Citation `Pechukas1995' on page 10 undefined on input l
ine 221.


Package natbib Warning: Citation `Fraleigh2003' on page 10 undefined on input l
ine 221.

[10]
LaTeX Font Info:    Try loading font information for OMS+cmr on input line 262.

 (/usr/share/texmf-texlive/tex/latex/base/omscmr.fd
File: omscmr.fd 1999/05/25 v2.5h Standard LaTeX font definitions
)
LaTeX Font Info:    Font shape `OMS/cmr/m/n' in size <10.5> not available
(Font)              Font shape `OMS/cmsy/m/n' tried instead on input line 262.
 [11]

Package natbib Warning: Citation `Rodriguez2010' on page 12 undefined on input 
line 312.


Package natbib Warning: Citation `Alicki2001' on page 12 undefined on input lin
e 312.

[12]

Package natbib Warning: Citation `Alicki1995' on page 13 undefined on input lin
e 314.


Package natbib Warning: Citation `Pechukas1994' on page 13 undefined on input l
ine 316.


Package natbib Warning: Citation `Jordan2004' on page 13 undefined on input lin
e 325.


Package natbib Warning: Citation `Rodriguez2010' on page 13 undefined on input 
line 325.


Package natbib Warning: Citation `Masillo2011' on page 13 undefined on input li
ne 325.

[13] [14] [15]

Package natbib Warning: Citation `Landau1977' on page 16 undefined on input lin
e 384.


Package natbib Warning: Citation `Messiah1999' on page 16 undefined on input li
ne 384.


Package natbib Warning: Citation `Landau1977' on page 16 undefined on input lin
e 384.


Package natbib Warning: Citation `Schwabl2007' on page 16 undefined on input li
ne 402.


Package natbib Warning: Citation `Merzbacher1998' on page 16 undefined on input
 line 402.

[16]

Package natbib Warning: Citation `Sakurai2010' on page 17 undefined on input li
ne 428.


Package natbib Warning: Citation `Sakurai2010' on page 17 undefined on input li
ne 438.

[17] [18] [19] [20] [21]

Package natbib Warning: Citation `Lo1994' on page 22 undefined on input line 60
6.


Package natbib Warning: Citation `Frank2006' on page 22 undefined on input line
 606.

[22] [23] [24]

Package natbib Warning: Citation `Paris2004' on page 25 undefined on input line
 681.

[25] [26]
LaTeX Font Info:    Font shape `U/lasy/b/n' in size <7> not available
(Font)              Font shape `U/lasy/m/n' tried instead on input line 769.
 [27] [28]
Overfull \hbox (41.11925pt too wide) in alignment at lines 866--869
 [][][] []
 []


Overfull \hbox (22.22362pt too wide) in alignment at lines 901--910
 [][][] []
 []

[29] [30]

Package natbib Warning: Citation `Nielsen2010' on page 31 undefined on input li
ne 1001.

[31]

Package natbib Warning: Citation `Havel2003' on page 32 undefined on input line
 1053.

[32]

Package natbib Warning: Citation `Havel2003' on page 33 undefined on input line
 1081.

[33] [34] [35]
Overfull \hbox (64.71478pt too wide) in alignment at lines 1191--1208
 [][][] []
 []


Package natbib Warning: Citation `Bloch1946' on page 36 undefined on input line
 1227.


Package natbib Warning: Citation `Nielsen2010' on page 36 undefined on input li
ne 1227.

[36]

Package natbib Warning: Citation `Kitaev1998' on page 37 undefined on input lin
e 1268.

[37] [38] [39]) (./Section2.tex [40]
Chapter 2.

Package natbib Warning: Citation `Choi1972' on page 41 undefined on input line 
7.


Package natbib Warning: Citation `Choi1975' on page 41 undefined on input line 
7.


Package natbib Warning: Citation `Choi1975' on page 41 undefined on input line 
11.


Package natbib Warning: Citation `Stinespring1955' on page 41 undefined on inpu
t line 11.


Package natbib Warning: Citation `Benatti2005' on page 41 undefined on input li
ne 11.


Package natbib Warning: Citation `Choi1972' on page 41 undefined on input line 
13.


Package natbib Warning: Citation `Choi1975' on page 41 undefined on input line 
13.

LaTeX Font Info:    Font shape `OMS/cmr/m/it' in size <10.5> not available
(Font)              Font shape `OMS/cmsy/m/n' tried instead on input line 19.
[41

]

Package natbib Warning: Citation `Breuer2007' on page 42 undefined on input lin
e 34.


Package natbib Warning: Citation `Kraus1983' on page 42 undefined on input line
 34.


Package natbib Warning: Citation `Nielsen2010' on page 42 undefined on input li
ne 34.


Package natbib Warning: Citation `Preskill2004' on page 42 undefined on input l
ine 34.

[42] [43]

Package natbib Warning: Citation `Lendi2000' on page 44 undefined on input line
 103.


Package natbib Warning: Citation `Carteret2008' on page 44 undefined on input l
ine 103.

[44] [45]

Package natbib Warning: Citation `Kraus1983' on page 46 undefined on input line
 139.

[46] [47] [48]

Package natbib Warning: Citation `Zurek2003' on page 49 undefined on input line
 224.


Package natbib Warning: Citation `Zurek2002' on page 49 undefined on input line
 224.


Package natbib Warning: Citation `Ollivier2001' on page 49 undefined on input l
ine 224.


Package natbib Warning: Citation `Rodriguez2010' on page 49 undefined on input 
line 224.


Package natbib Warning: Citation `Rodriguez2008A' on page 49 undefined on input
 line 224.


Package natbib Warning: Citation `Rodriguez2008' on page 49 undefined on input 
line 226.


Package natbib Warning: Citation `Ferraro2010' on page 49 undefined on input li
ne 232.


Package natbib Warning: Citation `Rodriguez2008' on page 49 undefined on input 
line 232.

[49] [50]

Package natbib Warning: Citation `Rodriguez2008A' on page 51 undefined on input
 line 275.


Package natbib Warning: Citation `Lidar2009a' on page 51 undefined on input lin
e 281.


Package natbib Warning: Citation `Cesar2013' on page 51 undefined on input line
 281.


Package natbib Warning: Citation `Simon2013' on page 51 undefined on input line
 281.

[51] [52] [53]
Underfull \vbox (badness 1194) has occurred while \output is active []

 [54]
[55]

Package natbib Warning: Citation `Choi1975' on page 56 undefined on input line 
429.


Package natbib Warning: Citation `Leung2003' on page 56 undefined on input line
 429.


Package natbib Warning: Citation `Choi1975' on page 56 undefined on input line 
435.


Package natbib Warning: Citation `Shaji2005' on page 56 undefined on input line
 435.

[56]

Package natbib Warning: Citation `Havel2003' on page 57 undefined on input line
 460.


Package natbib Warning: Citation `Havel2003' on page 57 undefined on input line
 476.

[57]

Package natbib Warning: Citation `Sudarshan1961' on page 58 undefined on input 
line 486.


Package natbib Warning: Citation `Choi1975' on page 58 undefined on input line 
486.

[58]

Package natbib Warning: Citation `Paris2004' on page 59 undefined on input line
 519.


Package natbib Warning: Citation `Havel2003' on page 59 undefined on input line
 533.

[59] [60]
Underfull \hbox (badness 2671) in paragraph at lines 581--583
\OT1/cmr/m/n/10.5 where $\OML/cmm/m/it/10.5 K \OT1/cmr/m/n/10.5 = \OMS/cmsy/m/n
/10.5 f\OML/cmm/m/it/10.5 k\OMS/cmsy/m/n/10.5 j\OT1/cmr/m/n/10.5 ^^C[] \OML/cmm
/m/it/10.5 < \OT1/cmr/m/n/10.5 0\OMS/cmsy/m/n/10.5 g$ \OT1/cmr/m/n/10.5 and the
 Choi ma-trix has a spec-tral de-com-po-si-tion $\OML/cmm/m/it/10.5 C \OT1/cmr/
m/n/10.5 =
 []


Package natbib Warning: Citation `Wilde2013' on page 61 undefined on input line
 604.

[61]) (./Section3.tex [62]
Chapter 3.
[63

] [64]

Package natbib Warning: Citation `Paris2004' on page 65 undefined on input line
 45.


Package natbib Warning: Citation `Nielsen2010' on page 65 undefined on input li
ne 45.

[65] [66]
Overfull \hbox (59.35466pt too wide) in alignment at lines 151--182
 [][][] []
 []


Underfull \vbox (badness 2753) has occurred while \output is active []

 [67]
[68] [69] [70]

Package natbib Warning: Citation `Feynman1963' on page 71 undefined on input li
ne 328.

[71] [72]
LaTeX Font Info:    Calculating math sizes for size <13.5> on input line 380.
LaTeX Font Info:    Font shape `U/lasy/b/n' in size <9.44995> not available
(Font)              Font shape `U/lasy/m/n' tried instead on input line 380.
LaTeX Font Info:    Font shape `U/lasy/b/n' in size <6.75> not available
(Font)              Font shape `U/lasy/m/n' tried instead on input line 380.


Package hyperref Warning: Token not allowed in a PDF string (PDFDocEncoding):
(hyperref)                removing `math shift' on input line 380.


Package hyperref Warning: Token not allowed in a PDF string (PDFDocEncoding):
(hyperref)                removing `\otimes' on input line 380.


Package hyperref Warning: Token not allowed in a PDF string (PDFDocEncoding):
(hyperref)                removing `\left' on input line 380.


Package hyperref Warning: Token not allowed in a PDF string (PDFDocEncoding):
(hyperref)                removing `subscript' on input line 380.


Package hyperref Warning: Token not allowed in a PDF string (PDFDocEncoding):
(hyperref)                removing `subscript' on input line 380.


Package hyperref Warning: Token not allowed in a PDF string (PDFDocEncoding):
(hyperref)                removing `superscript' on input line 380.


Package hyperref Warning: Token not allowed in a PDF string (PDFDocEncoding):
(hyperref)                removing `\dagger' on input line 380.


Package hyperref Warning: Token not allowed in a PDF string (PDFDocEncoding):
(hyperref)                removing `\right' on input line 380.


Package hyperref Warning: Token not allowed in a PDF string (PDFDocEncoding):
(hyperref)                removing `math shift' on input line 380.


Overfull \hbox (42.70709pt too wide) in alignment at lines 400--406
 [][][] []
 []

LaTeX Font Info:    Calculating math sizes for size <9.15> on input line 413.
LaTeX Font Info:    Font shape `U/lasy/b/n' in size <9.15> not available
(Font)              Font shape `U/lasy/m/n' tried instead on input line 413.
LaTeX Font Info:    Font shape `U/lasy/b/n' in size <6.40495> not available
(Font)              Font shape `U/lasy/m/n' tried instead on input line 413.
LaTeX Font Info:    Font shape `U/lasy/b/n' in size <4.575> not available
(Font)              Font shape `U/lasy/m/n' tried instead on input line 413.

Overfull \vbox (1.72256pt too high) has occurred while \output is active []


[73] [74]

Package natbib Warning: Citation `Landau1977' on page 75 undefined on input lin
e 473.


Underfull \hbox (badness 1939) in paragraph at lines 472--474
\OT1/cmr/m/n/10.5 where $\OML/cmm/m/it/10.5 V$ \OT1/cmr/m/n/10.5 is a 4$\OMS/cm
sy/m/n/10.5 ^^B$\OT1/cmr/m/n/10.5 4 ma-trix con-structed from the eigen-vec-tor
s of $\OML/cmm/m/it/10.5 H[]$ \OT1/cmr/m/n/10.5 and $^^C =
 []


Overfull \vbox (1.72256pt too high) has occurred while \output is active []


[75] [76]
Overfull \vbox (1.72256pt too high) has occurred while \output is active []


[77]

Package hyperref Warning: Token not allowed in a PDF string (PDFDocEncoding):
(hyperref)                removing `math shift' on input line 604.


Package hyperref Warning: Token not allowed in a PDF string (PDFDocEncoding):
(hyperref)                removing `\otimes' on input line 604.


Package hyperref Warning: Token not allowed in a PDF string (PDFDocEncoding):
(hyperref)                removing `\left' on input line 604.


Package hyperref Warning: Token not allowed in a PDF string (PDFDocEncoding):
(hyperref)                removing `subscript' on input line 604.


Package hyperref Warning: Token not allowed in a PDF string (PDFDocEncoding):
(hyperref)                removing `subscript' on input line 604.


Package hyperref Warning: Token not allowed in a PDF string (PDFDocEncoding):
(hyperref)                removing `superscript' on input line 604.


Package hyperref Warning: Token not allowed in a PDF string (PDFDocEncoding):
(hyperref)                removing `\dagger' on input line 604.


Package hyperref Warning: Token not allowed in a PDF string (PDFDocEncoding):
(hyperref)                removing `\right' on input line 604.


Package hyperref Warning: Token not allowed in a PDF string (PDFDocEncoding):
(hyperref)                removing `math shift' on input line 604.


Package natbib Warning: Citation `Zettili2009' on page 78 undefined on input li
ne 606.


Overfull \hbox (44.45708pt too wide) in alignment at lines 626--637
 [][][] []
 []


Overfull \hbox (49.42078pt too wide) in alignment at lines 639--650
 [][][] []
 []

[78]
Overfull \vbox (1.72256pt too high) has occurred while \output is active []


[79] [80]
Overfull \vbox (1.72256pt too high) has occurred while \output is active []


[81] [82]
Overfull \vbox (1.72256pt too high) has occurred while \output is active []


[83] [84]

Package natbib Warning: Citation `Mikio2008' on page 85 undefined on input line
 854.


Package natbib Warning: Citation `Kok2010' on page 85 undefined on input line 8
54.


Package natbib Warning: Citation `Barnett2002' on page 85 undefined on input li
ne 854.


Package natbib Warning: Citation `Mandel1995' on page 85 undefined on input lin
e 854.


Package natbib Warning: Citation `Loudon2000' on page 85 undefined on input lin
e 854.


Package natbib Warning: Citation `Loudon2000' on page 85 undefined on input lin
e 854.


Package natbib Warning: Citation `Orszag2008' on page 85 undefined on input lin
e 854.


Package natbib Warning: Citation `Suter1997' on page 85 undefined on input line
 854.


Package natbib Warning: Citation `Barnett2002' on page 85 undefined on input li
ne 854.


Package natbib Warning: Citation `Mikio2008' on page 85 undefined on input line
 854.


Package natbib Warning: Citation `Kok2010' on page 85 undefined on input line 8
56.

[85]

Package natbib Warning: Citation `Suter1997' on page 86 undefined on input line
 871.


Package natbib Warning: Citation `Barnett2002' on page 86 undefined on input li
ne 873.


Package natbib Warning: Citation `Barnett2002' on page 86 undefined on input li
ne 873.


Package natbib Warning: Citation `Horn1990' on page 86 undefined on input line 
891.

[86] [87] <figure1.pdf, id=935, 586.83241pt x 442.29242pt>
File: figure1.pdf Graphic file (type pdf)
 <use figure1.pdf>
Overfull \hbox (26.12323pt too wide) in paragraph at lines 970--971
[][] 
 []

<figure2.pdf, id=937, 586.83241pt x 442.29242pt>
File: figure2.pdf Graphic file (type pdf)
 <use figure2.pdf>
Overfull \hbox (26.12323pt too wide) in paragraph at lines 976--977
[][] 
 []

[88] <figure3.pdf, id=948, 586.83241pt x 442.29242pt>
File: figure3.pdf Graphic file (type pdf)
 <use figure3.pdf>
Overfull \hbox (26.12323pt too wide) in paragraph at lines 984--985
[][] 
 []


Underfull \vbox (badness 10000) has occurred while \output is active []

 [89 <./figure1.pdf>] [90 <./figure2.pdf>] [91 <./figure3.pdf>]

Package natbib Warning: Citation `Rodriguez2010' on page 92 undefined on input 
line 1001.


Package natbib Warning: Citation `Sudarshen2007' on page 92 undefined on input 
line 1001.


Package natbib Warning: Citation `Sudarshen2007' on page 92 undefined on input 
line 1001.


Underfull \vbox (badness 1721) has occurred while \output is active []

 [92]

Package natbib Warning: Citation `Devi2011' on page 93 undefined on input line 
1026.


Package natbib Warning: Citation `Sudarshen2007' on page 93 undefined on input 
line 1028.


Package natbib Warning: Citation `Sudarshen2007' on page 93 undefined on input 
line 1028.


Package natbib Warning: Citation `Carlen2010' on page 93 undefined on input lin
e 1034.


Package natbib Warning: Citation `Cohen1992' on page 93 undefined on input line
 1034.

[93] [94] [95] [96]

Package natbib Warning: Citation `Breuer2007' on page 97 undefined on input lin
e 1167.

[97]

Package natbib Warning: Citation `Engel1999' on page 98 undefined on input line
 1188.


Package natbib Warning: Citation `Engel1999' on page 98 undefined on input line
 1204.


Package natbib Warning: Citation `Engel1999' on page 98 undefined on input line
 1210.


Package natbib Warning: Citation `Engel1999' on page 98 undefined on input line
 1212.

[98]

Package natbib Warning: Citation `Breuer2007' on page 99 undefined on input lin
e 1216.


Package natbib Warning: Citation `Shaji2005' on page 99 undefined on input line
 1232.

[99]

Package natbib Warning: Citation `Wood2009' on page 100 undefined on input line
 1239.

[100]

Package natbib Warning: Citation `Howard2006' on page 101 undefined on input li
ne 1257.

[101]

Package natbib Warning: Citation `Sudarshen2007' on page 102 undefined on input
 line 1286.

[102] [103]
Overfull \hbox (31.30762pt too wide) detected at line 1338
[]\OT1/cmr/m/n/10.5 (\OML/cmm/m/it/10.5 C[]\OT1/cmr/m/n/10.5 ) = []
 []


Package natbib Warning: Citation `Cernoch2008' on page 104 undefined on input l
ine 1344.


Package natbib Warning: Citation `Cernoch2008' on page 104 undefined on input l
ine 1346.

<opticalneg1.png, id=1054, 247.1634pt x 116.64378pt>
File: opticalneg1.png Graphic file (type png)
 <use opticalneg1.png>

Package natbib Warning: Citation `Cernoch2008' on page 104 undefined on input l
ine 1350.


Package natbib Warning: Citation `Cernoch2008' on page 104 undefined on input l
ine 1350.


Package natbib Warning: Citation `Cernoch2008' on page 104 undefined on input l
ine 1353.

[104]

Package natbib Warning: Citation `Kok2010' on page 105 undefined on input line 
1363.


Package natbib Warning: Citation `Ralph2010' on page 105 undefined on input lin
e 1367.

[105 <./opticalneg1.png>]

Package natbib Warning: Citation `Taylor1997' on page 106 undefined on input li
ne 1397.


Package natbib Warning: Citation `Aroya2009' on page 106 undefined on input lin
e 1399.


Package natbib Warning: Citation `Kitaev1998' on page 106 undefined on input li
ne 1399.

[106]

Package natbib Warning: Citation `Cernoch2008' on page 107 undefined on input l
ine 1413.

[107]

Package natbib Warning: Citation `Kieling2012' on page 108 undefined on input l
ine 1456.


Package natbib Warning: Citation `Hofmann2002' on page 108 undefined on input l
ine 1456.


Package natbib Warning: Citation `Kiesel2005' on page 108 undefined on input li
ne 1456.

[108]

Package natbib Warning: Citation `Boulant2004' on page 109 undefined on input l
ine 1473.


Package natbib Warning: Citation `Cory2004' on page 109 undefined on input line
 1475.


Package natbib Warning: Citation `Cory2004' on page 109 undefined on input line
 1477.


Package natbib Warning: Citation `Cory2004' on page 109 undefined on input line
 1477.


Package natbib Warning: Citation `Havel2003' on page 109 undefined on input lin
e 1479.

[109]

Package natbib Warning: Citation `Cory2004' on page 110 undefined on input line
 1490.

[110]

Package natbib Warning: Citation `Cory2004' on page 111 undefined on input line
 1492.


Package natbib Warning: Citation `Sudarshan1976' on page 111 undefined on input
 line 1496.


Package natbib Warning: Citation `Sudarshan1978' on page 111 undefined on input
 line 1501.


Package natbib Warning: Citation `Slichter1996' on page 111 undefined on input 
line 1501.


Package natbib Warning: Citation `Bloch1946' on page 111 undefined on input lin
e 1501.


Package natbib Warning: Citation `Sudarshan1978' on page 111 undefined on input
 line 1501.


Package natbib Warning: Citation `Slichter1996' on page 111 undefined on input 
line 1501.


Package natbib Warning: Citation `Skinner1987' on page 111 undefined on input l
ine 1501.


Package natbib Warning: Citation `Skinner1991' on page 111 undefined on input l
ine 1501.


Package natbib Warning: Citation `Schirmer2004' on page 111 undefined on input 
line 1503.


Package natbib Warning: Citation `Nielsen2010' on page 111 undefined on input l
ine 1505.


Package natbib Warning: Citation `Aharonov2008' on page 111 undefined on input 
line 1505.


Package natbib Warning: Citation `Shabani2009' on page 111 undefined on input l
ine 1505.

[111]

Package natbib Warning: Citation `Lidar2009' on page 112 undefined on input lin
e 1507.


Package natbib Warning: Citation `Lidar2009' on page 112 undefined on input lin
e 1507.


Package natbib Warning: Citation `Shabani2009' on page 112 undefined on input l
ine 1507.


Package natbib Warning: Citation `Masillo2011' on page 112 undefined on input l
ine 1511.


Package natbib Warning: Citation `Carteret2008' on page 112 undefined on input 
line 1511.


Package natbib Warning: Citation `Havel2003' on page 112 undefined on input lin
e 1511.

[112]
Overfull \hbox (43.59407pt too wide) in alignment at lines 1536--1544
 [][][] []
 []

<etathetaII.png, id=1118, 1010.77625pt x 671.50874pt>
File: etathetaII.png Graphic file (type png)
 <use etathetaII.png>
Overfull \hbox (10.52313pt too wide) in paragraph at lines 1548--1549
 [][] 
 []

[113]
Underfull \vbox (badness 3536) has occurred while \output is active []

 [114 <./etathetaII.png (PNG copy)>] <etaalphaII.png, id=1132, 1035.87pt x 678.
535pt>
File: etaalphaII.png Graphic file (type png)

<use etaalphaII.png>
Overfull \hbox (21.06242pt too wide) in paragraph at lines 1597--1598
 [][] 
 []


Package natbib Warning: Citation `Rodriguez2008' on page 115 undefined on input
 line 1602.


Package natbib Warning: Citation `Cory2004' on page 115 undefined on input line
 1604.

[115]
Underfull \vbox (badness 2277) has occurred while \output is active []

 [116 <./etaalphaII.png (PNG copy)>]
Overfull \hbox (36.37167pt too wide) in alignment at lines 1612--1623
 [][][] []
 []

[117] <eatthetaalphaII.png, id=1152, 1211.52625pt x 1248.665pt>
File: eatthetaalphaII.png Graphic file (type png)

<use eatthetaalphaII.png>
Overfull \hbox (22.14912pt too wide) in paragraph at lines 1656--1657
 [][] 
 []

<eatthetaalphaIII.png, id=1153, 1209.51875pt x 972.63374pt>
File: eatthetaalphaIII.png Graphic file (type png)

<use eatthetaalphaIII.png>
Overfull \hbox (45.6219pt too wide) in paragraph at lines 1662--1663
 [][] 
 []


Package natbib Warning: Citation `Ralph2010' on page 118 undefined on input lin
e 1675.


Package natbib Warning: Citation `Hayashi2003' on page 118 undefined on input l
ine 1675.


Underfull \vbox (badness 10000) has occurred while \output is active []

 [118]
<figure9.pdf, id=1166, 444.4605pt x 339.66899pt>
File: figure9.pdf Graphic file (type pdf)
 <use figure9.pdf>)
(./Section4.tex [119] [120] [121 <./eatthetaalphaII.png (PNG copy)>] [122 <./ea
tthetaalphaIII.png (PNG copy)>] [123 <./figure9.pdf>]
Chapter 4.

Package natbib Warning: Citation `Alicki2007' on page 124 undefined on input li
ne 7.


Package natbib Warning: Citation `Sewell2002' on page 124 undefined on input li
ne 11.


Package natbib Warning: Citation `Alicki2001' on page 124 undefined on input li
ne 11.


Package natbib Warning: Citation `Alicki2007' on page 124 undefined on input li
ne 11.


Package natbib Warning: Citation `Sudarshan2005' on page 124 undefined on input
 line 11.


Package natbib Warning: Citation `Rodriguez2008A' on page 124 undefined on inpu
t line 11.


Package natbib Warning: Citation `Sudarshan1978' on page 124 undefined on input
 line 11.


Package natbib Warning: Citation `Sudarshan1976' on page 124 undefined on input
 line 11.


Package natbib Warning: Citation `Terno2006' on page 124 undefined on input lin
e 13.


Package natbib Warning: Citation `Buzek2001' on page 124 undefined on input lin
e 13.


Package natbib Warning: Citation `Zyczkowski2004' on page 124 undefined on inpu
t line 13.


Package natbib Warning: Citation `Jordan2004' on page 124 undefined on input li
ne 13.

[124

]

Package natbib Warning: Citation `Rodriguez2008' on page 125 undefined on input
 line 15.


Package natbib Warning: Citation `Wood2009' on page 125 undefined on input line
 15.


Package natbib Warning: Citation `Shabani2009' on page 125 undefined on input l
ine 15.


Package natbib Warning: Citation `Fleming2012' on page 125 undefined on input l
ine 17.


Underfull \vbox (badness 2635) has occurred while \output is active []

 [125]

Package natbib Warning: Citation `Yuen2005' on page 126 undefined on input line
 24.

[126]

Package natbib Warning: Citation `Preskill2004' on page 127 undefined on input 
line 36.


Package natbib Warning: Citation `Royer1996' on page 127 undefined on input lin
e 36.

LaTeX Font Info:    Try loading font information for U+euf on input line 40.
(/usr/share/texmf-texlive/tex/latex/amsfonts/ueuf.fd
File: ueuf.fd 2009/06/22 v3.00 Euler Fraktur
)
Overfull \hbox (42.04388pt too wide) detected at line 54
[]
 []


Underfull \vbox (badness 10000) has occurred while \output is active []

 [127]

Package natbib Warning: Citation `Breuer2007' on page 128 undefined on input li
ne 61.


Package natbib Warning: Citation `Busch1990' on page 128 undefined on input lin
e 61.


Package natbib Warning: Citation `Benatti1996' on page 128 undefined on input l
ine 63.


Package natbib Warning: Citation `Benatti1997' on page 128 undefined on input l
ine 63.


Package natbib Warning: Citation `Benatti1998' on page 128 undefined on input l
ine 63.


Package natbib Warning: Citation `Benatti1999' on page 128 undefined on input l
ine 63.


Package natbib Warning: Citation `Benatti1997a' on page 128 undefined on input 
line 63.

) (./AppendixORD.tex [128]
Chapter 5.
[129

] [130]
Underfull \vbox (badness 10000) has occurred while \output is active []

 [131]
[132]
Overfull \hbox (40.18018pt too wide) in alignment at lines 145--154
 [][][] []
 []


Underfull \vbox (badness 10000) has occurred while \output is active []

 [133]
[134]

Package hyperref Warning: Token not allowed in a PDF string (PDFDocEncoding):
(hyperref)                removing `math shift' on input line 186.


Package hyperref Warning: Token not allowed in a PDF string (PDFDocEncoding):
(hyperref)                removing `subscript' on input line 186.


Package hyperref Warning: Token not allowed in a PDF string (PDFDocEncoding):
(hyperref)                removing `\phi' on input line 186.


Package hyperref Warning: Token not allowed in a PDF string (PDFDocEncoding):
(hyperref)                removing `math shift' on input line 186.


Underfull \vbox (badness 2443) has occurred while \output is active []

 [135]
Overfull \hbox (56.40083pt too wide) in alignment at lines 219--223
 [][][] []
 []


Underfull \vbox (badness 1142) has occurred while \output is active []

 [136]

Package natbib Warning: Citation `Choi1975' on page 137 undefined on input line
 243.


Package natbib Warning: Citation `Cohen1997' on page 137 undefined on input lin
e 253.


Underfull \vbox (badness 3049) has occurred while \output is active []

 [137]
[138]

Package natbib Warning: Citation `Cohen1997' on page 139 undefined on input lin
e 311.


Package natbib Warning: Citation `Cohen1997' on page 139 undefined on input lin
e 322.

[139]

Package natbib Warning: Citation `Faisal1987' on page 140 undefined on input li
ne 330.


Package natbib Warning: Citation `Mandel1995' on page 140 undefined on input li
ne 330.


Package natbib Warning: Citation `Schwabl2007' on page 140 undefined on input l
ine 335.

[140] [141]

Package natbib Warning: Citation `Loudon2000' on page 142 undefined on input li
ne 429.


Package natbib Warning: Citation `Mandel1995' on page 142 undefined on input li
ne 429.


Package natbib Warning: Citation `Cohen1997' on page 142 undefined on input lin
e 429.

[142]

Package natbib Warning: Citation `Faisal1987' on page 143 undefined on input li
ne 445.


Package natbib Warning: Citation `Loudon2000' on page 143 undefined on input li
ne 445.


Package natbib Warning: Citation `Kok2010' on page 143 undefined on input line 
462.

[143]

Package natbib Warning: Citation `Mikio2008' on page 144 undefined on input lin
e 512.

)
No file JMMcCracken_book.bbl.
[144] [145] (./bio.tex [146

]) [147

]

Package natbib Warning: There were undefined citations.

(./JMMcCracken_book.aux) ) 
Here is how much of TeX's memory you used:
 18032 strings out of 495061
 313599 string characters out of 1182622
 401796 words of memory out of 3000000
 20397 multiletter control sequences out of 15000+50000
 53279 words of font info for 210 fonts, out of 3000000 for 9000
 28 hyphenation exceptions out of 8191
 56i,14n,73p,1960b,580s stack positions out of 5000i,500n,10000p,200000b,50000s
pdfTeX warning (dest): name{Hfootnote.41} has been re
ferenced but does not exist, replaced by a fixed one

pdfTeX warning (dest): name{Hfootnote.40} has been referenced but does not exis
t, replaced by a fixed one

pdfTeX warning (dest): name{Hfootnote.39} has been referenced but does not exis
t, replaced by a fixed one

pdfTeX warning (dest): name{Hfootnote.38} has been referenced but does not exis
t, replaced by a fixed one

pdfTeX warning (dest): name{Hfootnote.37} has been referenced but does not exis
t, replaced by a fixed one

pdfTeX warning (dest): name{Hfootnote.36} has been referenced but does not exis
t, replaced by a fixed one

pdfTeX warning (dest): name{Hfootnote.35} has been referenced but does not exis
t, replaced by a fixed one

pdfTeX warning (dest): name{Hfootnote.34} has been referenced but does not exis
t, replaced by a fixed one

pdfTeX warning (dest): name{Hfootnote.33} has been referenced but does not exis
t, replaced by a fixed one

pdfTeX warning (dest): name{Hfootnote.32} has been referenced but does not exis
t, replaced by a fixed one

pdfTeX warning (dest): name{Hfootnote.31} has been referenced but does not exis
t, replaced by a fixed one

pdfTeX warning (dest): name{Hfootnote.30} has been referenced but does not exis
t, replaced by a fixed one

pdfTeX warning (dest): name{Hfootnote.29} has been referenced but does not exis
t, replaced by a fixed one

pdfTeX warning (dest): name{Hfootnote.28} has been referenced but does not exis
t, replaced by a fixed one

pdfTeX warning (dest): name{Hfootnote.27} has been referenced but does not exis
t, replaced by a fixed one

pdfTeX warning (dest): name{Hfootnote.26} has been referenced but does not exis
t, replaced by a fixed one

pdfTeX warning (dest): name{Hfootnote.25} has been referenced but does not exis
t, replaced by a fixed one

pdfTeX warning (dest): name{Hfootnote.24} has been referenced but does not exis
t, replaced by a fixed one

pdfTeX warning (dest): name{Hfootnote.23} has been referenced but does not exis
t, replaced by a fixed one

pdfTeX warning (dest): name{Hfootnote.22} has been referenced but does not exis
t, replaced by a fixed one

pdfTeX warning (dest): name{Hfootnote.21} has been referenced but does not exis
t, replaced by a fixed one

pdfTeX warning (dest): name{Hfootnote.20} has been referenced but does not exis
t, replaced by a fixed one

pdfTeX warning (dest): name{Hfootnote.19} has been referenced but does not exis
t, replaced by a fixed one

pdfTeX warning (dest): name{Hfootnote.18} has been referenced but does not exis
t, replaced by a fixed one

pdfTeX warning (dest): name{Hfootnote.17} has been referenced but does not exis
t, replaced by a fixed one

pdfTeX warning (dest): name{Hfootnote.16} has been referenced but does not exis
t, replaced by a fixed one

pdfTeX warning (dest): name{Hfootnote.15} has been referenced but does not exis
t, replaced by a fixed one

pdfTeX warning (dest): name{Hfootnote.14} has been referenced but does not exis
t, replaced by a fixed one

pdfTeX warning (dest): name{Hfootnote.13} has been referenced but does not exis
t, replaced by a fixed one

pdfTeX warning (dest): name{Hfootnote.12} has been referenced but does not exis
t, replaced by a fixed one

pdfTeX warning (dest): name{Hfootnote.11} has been referenced but does not exis
t, replaced by a fixed one

pdfTeX warning (dest): name{Hfootnote.10} has been referenced but does not exis
t, replaced by a fixed one

pdfTeX warning (dest): name{Hfootnote.9} has been referenced but does not exist
, replaced by a fixed one

pdfTeX warning (dest): name{Hfootnote.8} has been referenced but does not exist
, replaced by a fixed one

pdfTeX warning (dest): name{Hfootnote.7} has been referenced but does not exist
, replaced by a fixed one

pdfTeX warning (dest): name{Hfootnote.6} has been referenced but does not exist
, replaced by a fixed one

pdfTeX warning (dest): name{Hfootnote.5} has been referenced but does not exist
, replaced by a fixed one

pdfTeX warning (dest): name{Hfootnote.4} has been referenced but does not exist
, replaced by a fixed one

pdfTeX warning (dest): name{Hfootnote.3} has been referenced but does not exist
, replaced by a fixed one

pdfTeX warning (dest): name{Hfootnote.2} has been referenced but does not exist
, replaced by a fixed one

pdfTeX warning (dest): name{Hfootnote.1} has been referenced but does not exist
, replaced by a fixed one

</usr/share/texmf-texlive/fonts/type1/public/amsfonts/cm/cmb10.pfb></usr/share/
texmf-texlive/fonts/type1/public/amsfonts/cm/cmbx10.pfb></usr/share/texmf-texli
ve/fonts/type1/public/amsfonts/cm/cmbx12.pfb></usr/share/texmf-texlive/fonts/ty
pe1/public/amsfonts/cm/cmbx6.pfb></usr/share/texmf-texlive/fonts/type1/public/a
msfonts/cm/cmbx7.pfb></usr/share/texmf-texlive/fonts/type1/public/amsfonts/cm/c
mbx8.pfb></usr/share/texmf-texlive/fonts/type1/public/amsfonts/cm/cmbx9.pfb></u
sr/share/texmf-texlive/fonts/type1/public/amsfonts/cm/cmex10.pfb></usr/share/te
xmf-texlive/fonts/type1/public/amsfonts/cmextra/cmex8.pfb></usr/share/texmf-tex
live/fonts/type1/public/amsfonts/cmextra/cmex9.pfb></usr/share/texmf-texlive/fo
nts/type1/public/amsfonts/cm/cmmi10.pfb></usr/share/texmf-texlive/fonts/type1/p
ublic/amsfonts/cm/cmmi12.pfb></usr/share/texmf-texlive/fonts/type1/public/amsfo
nts/cm/cmmi5.pfb></usr/share/texmf-texlive/fonts/type1/public/amsfonts/cm/cmmi6
.pfb></usr/share/texmf-texlive/fonts/type1/public/amsfonts/cm/cmmi7.pfb></usr/s
hare/texmf-texlive/fonts/type1/public/amsfonts/cm/cmmi8.pfb></usr/share/texmf-t
exlive/fonts/type1/public/amsfonts/cm/cmmi9.pfb></usr/share/texmf-texlive/fonts
/type1/public/amsfonts/cm/cmr10.pfb></usr/share/texmf-texlive/fonts/type1/publi
c/amsfonts/cm/cmr12.pfb></usr/share/texmf-texlive/fonts/type1/public/amsfonts/c
m/cmr5.pfb></usr/share/texmf-texlive/fonts/type1/public/amsfonts/cm/cmr6.pfb></
usr/share/texmf-texlive/fonts/type1/public/amsfonts/cm/cmr7.pfb></usr/share/tex
mf-texlive/fonts/type1/public/amsfonts/cm/cmr8.pfb></usr/share/texmf-texlive/fo
nts/type1/public/amsfonts/cm/cmr9.pfb></usr/share/texmf-texlive/fonts/type1/pub
lic/amsfonts/cm/cmss10.pfb></usr/share/texmf-texlive/fonts/type1/public/amsfont
s/cm/cmsy10.pfb></usr/share/texmf-texlive/fonts/type1/public/amsfonts/cm/cmsy5.
pfb></usr/share/texmf-texlive/fonts/type1/public/amsfonts/cm/cmsy6.pfb></usr/sh
are/texmf-texlive/fonts/type1/public/amsfonts/cm/cmsy7.pfb></usr/share/texmf-te
xlive/fonts/type1/public/amsfonts/cm/cmsy8.pfb></usr/share/texmf-texlive/fonts/
type1/public/amsfonts/cm/cmsy9.pfb></usr/share/texmf-texlive/fonts/type1/public
/amsfonts/cm/cmti10.pfb></usr/share/texmf-texlive/fonts/type1/public/amsfonts/c
m/cmti12.pfb></usr/share/texmf-texlive/fonts/type1/public/amsfonts/euler/eufm10
.pfb></usr/share/texmf-texlive/fonts/type1/public/amsfonts/symbols/msbm10.pfb><
/usr/share/texmf-texlive/fonts/type1/public/amsfonts/symbols/msbm5.pfb></usr/sh
are/texmf-texlive/fonts/type1/public/amsfonts/symbols/msbm7.pfb>
Output written on JMMcCracken_book.pdf (151 pages, 2472349 bytes).
PDF statistics:
 1508 PDF objects out of 1728 (max. 8388607)
 336 named destinations out of 1000 (max. 500000)
 631 words of extra memory for PDF output out of 10000 (max. 10000000)

