This is pdfTeX, Version 3.1415926-2.5-1.40.14 (TeX Live 2013/Debian) (format=pdflatex 2014.3.19)  14 MAY 2014 20:04
entering extended mode
 restricted \write18 enabled.
 %&-line parsing enabled.
**RLplots.tex
(./RLplots.tex
LaTeX2e <2011/06/27>
Babel <3.9f> and hyphenation patterns for 46 languages loaded.
(/usr/share/texlive/texmf-dist/tex/latex/base/article.cls
Document Class: article 2007/10/19 v1.4h Standard LaTeX document class
(/usr/share/texlive/texmf-dist/tex/latex/base/size10.clo
File: size10.clo 2007/10/19 v1.4h Standard LaTeX file (size option)
)
\c@part=\count79
\c@section=\count80
\c@subsection=\count81
\c@subsubsection=\count82
\c@paragraph=\count83
\c@subparagraph=\count84
\c@figure=\count85
\c@table=\count86
\abovecaptionskip=\skip41
\belowcaptionskip=\skip42
\bibindent=\dimen102
)
(/usr/share/texlive/texmf-dist/tex/latex/base/inputenc.sty
Package: inputenc 2008/03/30 v1.1d Input encoding file
\inpenc@prehook=\toks14
\inpenc@posthook=\toks15

(/usr/share/texlive/texmf-dist/tex/latex/base/utf8.def
File: utf8.def 2008/04/05 v1.1m UTF-8 support for inputenc
Now handling font encoding OML ...
... no UTF-8 mapping file for font encoding OML
Now handling font encoding T1 ...
... processing UTF-8 mapping file for font encoding T1

(/usr/share/texlive/texmf-dist/tex/latex/base/t1enc.dfu
File: t1enc.dfu 2008/04/05 v1.1m UTF-8 support for inputenc
   defining Unicode char U+00A1 (decimal 161)
   defining Unicode char U+00A3 (decimal 163)
   defining Unicode char U+00AB (decimal 171)
   defining Unicode char U+00BB (decimal 187)
   defining Unicode char U+00BF (decimal 191)
   defining Unicode char U+00C0 (decimal 192)
   defining Unicode char U+00C1 (decimal 193)
   defining Unicode char U+00C2 (decimal 194)
   defining Unicode char U+00C3 (decimal 195)
   defining Unicode char U+00C4 (decimal 196)
   defining Unicode char U+00C5 (decimal 197)
   defining Unicode char U+00C6 (decimal 198)
   defining Unicode char U+00C7 (decimal 199)
   defining Unicode char U+00C8 (decimal 200)
   defining Unicode char U+00C9 (decimal 201)
   defining Unicode char U+00CA (decimal 202)
   defining Unicode char U+00CB (decimal 203)
   defining Unicode char U+00CC (decimal 204)
   defining Unicode char U+00CD (decimal 205)
   defining Unicode char U+00CE (decimal 206)
   defining Unicode char U+00CF (decimal 207)
   defining Unicode char U+00D0 (decimal 208)
   defining Unicode char U+00D1 (decimal 209)
   defining Unicode char U+00D2 (decimal 210)
   defining Unicode char U+00D3 (decimal 211)
   defining Unicode char U+00D4 (decimal 212)
   defining Unicode char U+00D5 (decimal 213)
   defining Unicode char U+00D6 (decimal 214)
   defining Unicode char U+00D8 (decimal 216)
   defining Unicode char U+00D9 (decimal 217)
   defining Unicode char U+00DA (decimal 218)
   defining Unicode char U+00DB (decimal 219)
   defining Unicode char U+00DC (decimal 220)
   defining Unicode char U+00DD (decimal 221)
   defining Unicode char U+00DE (decimal 222)
   defining Unicode char U+00DF (decimal 223)
   defining Unicode char U+00E0 (decimal 224)
   defining Unicode char U+00E1 (decimal 225)
   defining Unicode char U+00E2 (decimal 226)
   defining Unicode char U+00E3 (decimal 227)
   defining Unicode char U+00E4 (decimal 228)
   defining Unicode char U+00E5 (decimal 229)
   defining Unicode char U+00E6 (decimal 230)
   defining Unicode char U+00E7 (decimal 231)
   defining Unicode char U+00E8 (decimal 232)
   defining Unicode char U+00E9 (decimal 233)
   defining Unicode char U+00EA (decimal 234)
   defining Unicode char U+00EB (decimal 235)
   defining Unicode char U+00EC (decimal 236)
   defining Unicode char U+00ED (decimal 237)
   defining Unicode char U+00EE (decimal 238)
   defining Unicode char U+00EF (decimal 239)
   defining Unicode char U+00F0 (decimal 240)
   defining Unicode char U+00F1 (decimal 241)
   defining Unicode char U+00F2 (decimal 242)
   defining Unicode char U+00F3 (decimal 243)
   defining Unicode char U+00F4 (decimal 244)
   defining Unicode char U+00F5 (decimal 245)
   defining Unicode char U+00F6 (decimal 246)
   defining Unicode char U+00F8 (decimal 248)
   defining Unicode char U+00F9 (decimal 249)
   defining Unicode char U+00FA (decimal 250)
   defining Unicode char U+00FB (decimal 251)
   defining Unicode char U+00FC (decimal 252)
   defining Unicode char U+00FD (decimal 253)
   defining Unicode char U+00FE (decimal 254)
   defining Unicode char U+00FF (decimal 255)
   defining Unicode char U+0102 (decimal 258)
   defining Unicode char U+0103 (decimal 259)
   defining Unicode char U+0104 (decimal 260)
   defining Unicode char U+0105 (decimal 261)
   defining Unicode char U+0106 (decimal 262)
   defining Unicode char U+0107 (decimal 263)
   defining Unicode char U+010C (decimal 268)
   defining Unicode char U+010D (decimal 269)
   defining Unicode char U+010E (decimal 270)
   defining Unicode char U+010F (decimal 271)
   defining Unicode char U+0110 (decimal 272)
   defining Unicode char U+0111 (decimal 273)
   defining Unicode char U+0118 (decimal 280)
   defining Unicode char U+0119 (decimal 281)
   defining Unicode char U+011A (decimal 282)
   defining Unicode char U+011B (decimal 283)
   defining Unicode char U+011E (decimal 286)
   defining Unicode char U+011F (decimal 287)
   defining Unicode char U+0130 (decimal 304)
   defining Unicode char U+0131 (decimal 305)
   defining Unicode char U+0132 (decimal 306)
   defining Unicode char U+0133 (decimal 307)
   defining Unicode char U+0139 (decimal 313)
   defining Unicode char U+013A (decimal 314)
   defining Unicode char U+013D (decimal 317)
   defining Unicode char U+013E (decimal 318)
   defining Unicode char U+0141 (decimal 321)
   defining Unicode char U+0142 (decimal 322)
   defining Unicode char U+0143 (decimal 323)
   defining Unicode char U+0144 (decimal 324)
   defining Unicode char U+0147 (decimal 327)
   defining Unicode char U+0148 (decimal 328)
   defining Unicode char U+014A (decimal 330)
   defining Unicode char U+014B (decimal 331)
   defining Unicode char U+0150 (decimal 336)
   defining Unicode char U+0151 (decimal 337)
   defining Unicode char U+0152 (decimal 338)
   defining Unicode char U+0153 (decimal 339)
   defining Unicode char U+0154 (decimal 340)
   defining Unicode char U+0155 (decimal 341)
   defining Unicode char U+0158 (decimal 344)
   defining Unicode char U+0159 (decimal 345)
   defining Unicode char U+015A (decimal 346)
   defining Unicode char U+015B (decimal 347)
   defining Unicode char U+015E (decimal 350)
   defining Unicode char U+015F (decimal 351)
   defining Unicode char U+0160 (decimal 352)
   defining Unicode char U+0161 (decimal 353)
   defining Unicode char U+0162 (decimal 354)
   defining Unicode char U+0163 (decimal 355)
   defining Unicode char U+0164 (decimal 356)
   defining Unicode char U+0165 (decimal 357)
   defining Unicode char U+016E (decimal 366)
   defining Unicode char U+016F (decimal 367)
   defining Unicode char U+0170 (decimal 368)
   defining Unicode char U+0171 (decimal 369)
   defining Unicode char U+0178 (decimal 376)
   defining Unicode char U+0179 (decimal 377)
   defining Unicode char U+017A (decimal 378)
   defining Unicode char U+017B (decimal 379)
   defining Unicode char U+017C (decimal 380)
   defining Unicode char U+017D (decimal 381)
   defining Unicode char U+017E (decimal 382)
   defining Unicode char U+200C (decimal 8204)
   defining Unicode char U+2013 (decimal 8211)
   defining Unicode char U+2014 (decimal 8212)
   defining Unicode char U+2018 (decimal 8216)
   defining Unicode char U+2019 (decimal 8217)
   defining Unicode char U+201A (decimal 8218)
   defining Unicode char U+201C (decimal 8220)
   defining Unicode char U+201D (decimal 8221)
   defining Unicode char U+201E (decimal 8222)
   defining Unicode char U+2030 (decimal 8240)
   defining Unicode char U+2031 (decimal 8241)
   defining Unicode char U+2039 (decimal 8249)
   defining Unicode char U+203A (decimal 8250)
   defining Unicode char U+2423 (decimal 9251)
)
Now handling font encoding OT1 ...
... processing UTF-8 mapping file for font encoding OT1

(/usr/share/texlive/texmf-dist/tex/latex/base/ot1enc.dfu
File: ot1enc.dfu 2008/04/05 v1.1m UTF-8 support for inputenc
   defining Unicode char U+00A1 (decimal 161)
   defining Unicode char U+00A3 (decimal 163)
   defining Unicode char U+00B8 (decimal 184)
   defining Unicode char U+00BF (decimal 191)
   defining Unicode char U+00C5 (decimal 197)
   defining Unicode char U+00C6 (decimal 198)
   defining Unicode char U+00D8 (decimal 216)
   defining Unicode char U+00DF (decimal 223)
   defining Unicode char U+00E6 (decimal 230)
   defining Unicode char U+00EC (decimal 236)
   defining Unicode char U+00ED (decimal 237)
   defining Unicode char U+00EE (decimal 238)
   defining Unicode char U+00EF (decimal 239)
   defining Unicode char U+00F8 (decimal 248)
   defining Unicode char U+0131 (decimal 305)
   defining Unicode char U+0141 (decimal 321)
   defining Unicode char U+0142 (decimal 322)
   defining Unicode char U+0152 (decimal 338)
   defining Unicode char U+0153 (decimal 339)
   defining Unicode char U+2013 (decimal 8211)
   defining Unicode char U+2014 (decimal 8212)
   defining Unicode char U+2018 (decimal 8216)
   defining Unicode char U+2019 (decimal 8217)
   defining Unicode char U+201C (decimal 8220)
   defining Unicode char U+201D (decimal 8221)
)
Now handling font encoding OMS ...
... processing UTF-8 mapping file for font encoding OMS

(/usr/share/texlive/texmf-dist/tex/latex/base/omsenc.dfu
File: omsenc.dfu 2008/04/05 v1.1m UTF-8 support for inputenc
   defining Unicode char U+00A7 (decimal 167)
   defining Unicode char U+00B6 (decimal 182)
   defining Unicode char U+00B7 (decimal 183)
   defining Unicode char U+2020 (decimal 8224)
   defining Unicode char U+2021 (decimal 8225)
   defining Unicode char U+2022 (decimal 8226)
)
Now handling font encoding OMX ...
... no UTF-8 mapping file for font encoding OMX
Now handling font encoding U ...
... no UTF-8 mapping file for font encoding U
   defining Unicode char U+00A9 (decimal 169)
   defining Unicode char U+00AA (decimal 170)
   defining Unicode char U+00AE (decimal 174)
   defining Unicode char U+00BA (decimal 186)
   defining Unicode char U+02C6 (decimal 710)
   defining Unicode char U+02DC (decimal 732)
   defining Unicode char U+200C (decimal 8204)
   defining Unicode char U+2026 (decimal 8230)
   defining Unicode char U+2122 (decimal 8482)
   defining Unicode char U+2423 (decimal 9251)
))
(/usr/share/texlive/texmf-dist/tex/latex/geometry/geometry.sty
Package: geometry 2010/09/12 v5.6 Page Geometry

(/usr/share/texlive/texmf-dist/tex/latex/graphics/keyval.sty
Package: keyval 1999/03/16 v1.13 key=value parser (DPC)
\KV@toks@=\toks16
)
(/usr/share/texlive/texmf-dist/tex/generic/oberdiek/ifpdf.sty
Package: ifpdf 2011/01/30 v2.3 Provides the ifpdf switch (HO)
Package ifpdf Info: pdfTeX in PDF mode is detected.
)
(/usr/share/texlive/texmf-dist/tex/generic/oberdiek/ifvtex.sty
Package: ifvtex 2010/03/01 v1.5 Detect VTeX and its facilities (HO)
Package ifvtex Info: VTeX not detected.
)
(/usr/share/texlive/texmf-dist/tex/generic/ifxetex/ifxetex.sty
Package: ifxetex 2010/09/12 v0.6 Provides ifxetex conditional
)
\Gm@cnth=\count87
\Gm@cntv=\count88
\c@Gm@tempcnt=\count89
\Gm@bindingoffset=\dimen103
\Gm@wd@mp=\dimen104
\Gm@odd@mp=\dimen105
\Gm@even@mp=\dimen106
\Gm@layoutwidth=\dimen107
\Gm@layoutheight=\dimen108
\Gm@layouthoffset=\dimen109
\Gm@layoutvoffset=\dimen110
\Gm@dimlist=\toks17
)
(/usr/share/texlive/texmf-dist/tex/latex/float/float.sty
Package: float 2001/11/08 v1.3d Float enhancements (AL)
\c@float@type=\count90
\float@exts=\toks18
\float@box=\box26
\@float@everytoks=\toks19
\@floatcapt=\box27
)
(/usr/share/texlive/texmf-dist/tex/latex/graphics/graphicx.sty
Package: graphicx 1999/02/16 v1.0f Enhanced LaTeX Graphics (DPC,SPQR)

(/usr/share/texlive/texmf-dist/tex/latex/graphics/graphics.sty
Package: graphics 2009/02/05 v1.0o Standard LaTeX Graphics (DPC,SPQR)

(/usr/share/texlive/texmf-dist/tex/latex/graphics/trig.sty
Package: trig 1999/03/16 v1.09 sin cos tan (DPC)
)
(/usr/share/texlive/texmf-dist/tex/latex/latexconfig/graphics.cfg
File: graphics.cfg 2010/04/23 v1.9 graphics configuration of TeX Live
)
Package graphics Info: Driver file: pdftex.def on input line 91.

(/usr/share/texlive/texmf-dist/tex/latex/pdftex-def/pdftex.def
File: pdftex.def 2011/05/27 v0.06d Graphics/color for pdfTeX

(/usr/share/texlive/texmf-dist/tex/generic/oberdiek/infwarerr.sty
Package: infwarerr 2010/04/08 v1.3 Providing info/warning/error messages (HO)
)
(/usr/share/texlive/texmf-dist/tex/generic/oberdiek/ltxcmds.sty
Package: ltxcmds 2011/11/09 v1.22 LaTeX kernel commands for general use (HO)
)
\Gread@gobject=\count91
))
\Gin@req@height=\dimen111
\Gin@req@width=\dimen112
)
(/usr/share/texlive/texmf-dist/tex/latex/oberdiek/epstopdf.sty
Package: epstopdf 2010/02/09 v2.5 Conversion with epstopdf on the fly (HO)

(/usr/share/texlive/texmf-dist/tex/latex/oberdiek/epstopdf-base.sty
Package: epstopdf-base 2010/02/09 v2.5 Base part for package epstopdf

(/usr/share/texlive/texmf-dist/tex/latex/oberdiek/grfext.sty
Package: grfext 2010/08/19 v1.1 Manage graphics extensions (HO)

(/usr/share/texlive/texmf-dist/tex/generic/oberdiek/kvdefinekeys.sty
Package: kvdefinekeys 2011/04/07 v1.3 Define keys (HO)
))
(/usr/share/texlive/texmf-dist/tex/latex/oberdiek/kvoptions.sty
Package: kvoptions 2011/06/30 v3.11 Key value format for package options (HO)

(/usr/share/texlive/texmf-dist/tex/generic/oberdiek/kvsetkeys.sty
Package: kvsetkeys 2012/04/25 v1.16 Key value parser (HO)

(/usr/share/texlive/texmf-dist/tex/generic/oberdiek/etexcmds.sty
Package: etexcmds 2011/02/16 v1.5 Avoid name clashes with e-TeX commands (HO)

(/usr/share/texlive/texmf-dist/tex/generic/oberdiek/ifluatex.sty
Package: ifluatex 2010/03/01 v1.3 Provides the ifluatex switch (HO)
Package ifluatex Info: LuaTeX not detected.
)
Package etexcmds Info: Could not find \expanded.
(etexcmds)             That can mean that you are not using pdfTeX 1.50 or
(etexcmds)             that some package has redefined \expanded.
(etexcmds)             In the latter case, load this package earlier.
)))
(/usr/share/texlive/texmf-dist/tex/generic/oberdiek/pdftexcmds.sty
Package: pdftexcmds 2011/11/29 v0.20 Utility functions of pdfTeX for LuaTeX (HO
)
Package pdftexcmds Info: LuaTeX not detected.
Package pdftexcmds Info: \pdf@primitive is available.
Package pdftexcmds Info: \pdf@ifprimitive is available.
Package pdftexcmds Info: \pdfdraftmode found.
)
Package grfext Info: Graphics extension search list:
(grfext)             [.png,.pdf,.jpg,.mps,.jpeg,.jbig2,.jb2,.PNG,.PDF,.JPG,.JPE
G,.JBIG2,.JB2,.eps]
(grfext)             \AppendGraphicsExtensions on input line 452.

(/usr/share/texlive/texmf-dist/tex/latex/latexconfig/epstopdf-sys.cfg
File: epstopdf-sys.cfg 2010/07/13 v1.3 Configuration of (r)epstopdf for TeX Liv
e
)))
(/usr/share/texlive/texmf-dist/tex/latex/tools/verbatim.sty
Package: verbatim 2003/08/22 v1.5q LaTeX2e package for verbatim enhancements
\every@verbatim=\toks20
\verbatim@line=\toks21
\verbatim@in@stream=\read1
)
(/usr/share/texlive/texmf-dist/tex/latex/amsfonts/amssymb.sty
Package: amssymb 2013/01/14 v3.01 AMS font symbols

(/usr/share/texlive/texmf-dist/tex/latex/amsfonts/amsfonts.sty
Package: amsfonts 2013/01/14 v3.01 Basic AMSFonts support
\@emptytoks=\toks22
\symAMSa=\mathgroup4
\symAMSb=\mathgroup5
LaTeX Font Info:    Overwriting math alphabet `\mathfrak' in version `bold'
(Font)                  U/euf/m/n --> U/euf/b/n on input line 106.
)) (./RLplots.aux

LaTeX Warning: Label `fig2' multiply defined.

)
\openout1 = `RLplots.aux'.

LaTeX Font Info:    Checking defaults for OML/cmm/m/it on input line 12.
LaTeX Font Info:    ... okay on input line 12.
LaTeX Font Info:    Checking defaults for T1/cmr/m/n on input line 12.
LaTeX Font Info:    ... okay on input line 12.
LaTeX Font Info:    Checking defaults for OT1/cmr/m/n on input line 12.
LaTeX Font Info:    ... okay on input line 12.
LaTeX Font Info:    Checking defaults for OMS/cmsy/m/n on input line 12.
LaTeX Font Info:    ... okay on input line 12.
LaTeX Font Info:    Checking defaults for OMX/cmex/m/n on input line 12.
LaTeX Font Info:    ... okay on input line 12.
LaTeX Font Info:    Checking defaults for U/cmr/m/n on input line 12.
LaTeX Font Info:    ... okay on input line 12.

*geometry* driver: auto-detecting
*geometry* detected driver: pdftex
*geometry* verbose mode - [ preamble ] result:
* driver: pdftex
* paper: <default>
* layout: <same size as paper>
* layoutoffset:(h,v)=(0.0pt,0.0pt)
* modes: 
* h-part:(L,W,R)=(18.06749pt, 578.16002pt, 18.06749pt)
* v-part:(T,H,B)=(18.06749pt, 758.835pt, 18.06749pt)
* \paperwidth=614.295pt
* \paperheight=794.96999pt
* \textwidth=578.16002pt
* \textheight=758.835pt
* \oddsidemargin=-54.2025pt
* \evensidemargin=-54.2025pt
* \topmargin=-91.2025pt
* \headheight=12.0pt
* \headsep=25.0pt
* \topskip=10.0pt
* \footskip=30.0pt
* \marginparwidth=65.0pt
* \marginparsep=11.0pt
* \columnsep=10.0pt
* \skip\footins=9.0pt plus 4.0pt minus 2.0pt
* \hoffset=0.0pt
* \voffset=0.0pt
* \mag=1000
* \@twocolumnfalse
* \@twosidefalse
* \@mparswitchfalse
* \@reversemarginfalse
* (1in=72.27pt=25.4mm, 1cm=28.453pt)

(/usr/share/texlive/texmf-dist/tex/context/base/supp-pdf.mkii
[Loading MPS to PDF converter (version 2006.09.02).]
\scratchcounter=\count92
\scratchdimen=\dimen113
\scratchbox=\box28
\nofMPsegments=\count93
\nofMParguments=\count94
\everyMPshowfont=\toks23
\MPscratchCnt=\count95
\MPscratchDim=\dimen114
\MPnumerator=\count96
\makeMPintoPDFobject=\count97
\everyMPtoPDFconversion=\toks24
)
LaTeX Font Info:    Try loading font information for U+msa on input line 19.
 (/usr/share/texlive/texmf-dist/tex/latex/amsfonts/umsa.fd
File: umsa.fd 2013/01/14 v3.01 AMS symbols A
)
LaTeX Font Info:    Try loading font information for U+msb on input line 19.

(/usr/share/texlive/texmf-dist/tex/latex/amsfonts/umsb.fd
File: umsb.fd 2013/01/14 v3.01 AMS symbols B
)
Package epstopdf Info: Source file: <LinearEx_CXY.eps>
(epstopdf)                    date: 2014-05-14 19:35:32
(epstopdf)                    size: 22338 bytes
(epstopdf)             Output file: <LinearEx_CXY-eps-converted-to.pdf>
(epstopdf)                    date: 2014-05-14 19:40:10
(epstopdf)                    size: 13241 bytes
(epstopdf)             Command: <repstopdf --outfile=LinearEx_CXY-eps-converted
-to.pdf LinearEx_CXY.eps>
(epstopdf)             \includegraphics on input line 27.
Package epstopdf Info: Output file is already uptodate.

<LinearEx_CXY-eps-converted-to.pdf, id=1, 689.57625pt x 471.7625pt>
File: LinearEx_CXY-eps-converted-to.pdf Graphic file (type pdf)

<use LinearEx_CXY-eps-converted-to.pdf>
Package pdftex.def Info: LinearEx_CXY-eps-converted-to.pdf used on input line 2
7.
(pdftex.def)             Requested size: 344.78728pt x 235.88066pt.
Package epstopdf Info: Source file: <LinearEx_CYX.eps>
(epstopdf)                    date: 2014-05-14 19:37:06
(epstopdf)                    size: 21969 bytes
(epstopdf)             Output file: <LinearEx_CYX-eps-converted-to.pdf>
(epstopdf)                    date: 2014-05-14 19:40:11
(epstopdf)                    size: 12910 bytes
(epstopdf)             Command: <repstopdf --outfile=LinearEx_CYX-eps-converted
-to.pdf LinearEx_CYX.eps>
(epstopdf)             \includegraphics on input line 29.
Package epstopdf Info: Output file is already uptodate.

<LinearEx_CYX-eps-converted-to.pdf, id=2, 689.57625pt x 470.75874pt>
File: LinearEx_CYX-eps-converted-to.pdf Graphic file (type pdf)

<use LinearEx_CYX-eps-converted-to.pdf>
Package pdftex.def Info: LinearEx_CYX-eps-converted-to.pdf used on input line 2
9.
(pdftex.def)             Requested size: 344.78728pt x 235.3788pt.
Package epstopdf Info: Source file: <LinearEx_Delta.eps>
(epstopdf)                    date: 2014-05-14 20:02:50
(epstopdf)                    size: 24735 bytes
(epstopdf)             Output file: <LinearEx_Delta-eps-converted-to.pdf>
(epstopdf)                    date: 2014-05-14 20:04:43
(epstopdf)                    size: 14445 bytes
(epstopdf)             Command: <repstopdf --outfile=LinearEx_Delta-eps-convert
ed-to.pdf LinearEx_Delta.eps>
(epstopdf)             \includegraphics on input line 39.
Package epstopdf Info: Output file is already uptodate.

<LinearEx_Delta-eps-converted-to.pdf, id=3, 615.29875pt x 462.72874pt>
File: LinearEx_Delta-eps-converted-to.pdf Graphic file (type pdf)

<use LinearEx_Delta-eps-converted-to.pdf>
Package pdftex.def Info: LinearEx_Delta-eps-converted-to.pdf used on input line
 39.
(pdftex.def)             Requested size: 430.70618pt x 323.90791pt.

Underfull \hbox (badness 10000) in paragraph at lines 39--40

 []

[1

{/var/lib/texmf/fonts/map/pdftex/updmap/pdftex.map} <./LinearEx_CXY-eps-convert
ed-to.pdf> <./LinearEx_CYX-eps-converted-to.pdf>]
Package epstopdf Info: Source file: <LinearEx_ChangeL.eps>
(epstopdf)                    date: 2014-05-14 19:53:53
(epstopdf)                    size: 66665 bytes
(epstopdf)             Output file: <LinearEx_ChangeL-eps-converted-to.pdf>
(epstopdf)                    date: 2014-05-14 19:56:53
(epstopdf)                    size: 71399 bytes
(epstopdf)             Command: <repstopdf --outfile=LinearEx_ChangeL-eps-conve
rted-to.pdf LinearEx_ChangeL.eps>
(epstopdf)             \includegraphics on input line 47.
Package epstopdf Info: Output file is already uptodate.

<LinearEx_ChangeL-eps-converted-to.pdf, id=31, 810.02625pt x 488.82625pt>
File: LinearEx_ChangeL-eps-converted-to.pdf Graphic file (type pdf)

<use LinearEx_ChangeL-eps-converted-to.pdf>
Package pdftex.def Info: LinearEx_ChangeL-eps-converted-to.pdf used on input li
ne 47.
(pdftex.def)             Requested size: 567.0145pt x 342.17603pt.

Underfull \hbox (badness 10000) in paragraph at lines 47--48

 []

[2 <./LinearEx_Delta-eps-converted-to.pdf>] [3 <./LinearEx_ChangeL-eps-converte
d-to.pdf>]
Package epstopdf Info: Source file: <RLcirc_varyV_amp2.eps>
(epstopdf)                    date: 2014-04-30 19:03:33
(epstopdf)                    size: 30509 bytes
(epstopdf)             Output file: <RLcirc_varyV_amp2-eps-converted-to.pdf>
(epstopdf)                    date: 2014-05-14 19:18:28
(epstopdf)                    size: 12940 bytes
(epstopdf)             Command: <repstopdf --outfile=RLcirc_varyV_amp2-eps-conv
erted-to.pdf RLcirc_varyV_amp2.eps>
(epstopdf)             \includegraphics on input line 96.
Package epstopdf Info: Output file is already uptodate.

<RLcirc_varyV_amp2-eps-converted-to.pdf, id=62, 1096.095pt x 554.07pt>
File: RLcirc_varyV_amp2-eps-converted-to.pdf Graphic file (type pdf)

<use RLcirc_varyV_amp2-eps-converted-to.pdf>
Package pdftex.def Info: RLcirc_varyV_amp2-eps-converted-to.pdf used on input l
ine 96.
(pdftex.def)             Requested size: 548.04616pt x 277.03432pt.
Package epstopdf Info: Source file: <RLcirc_varyV_amp.eps>
(epstopdf)                    date: 2014-04-29 19:35:20
(epstopdf)                    size: 37348 bytes
(epstopdf)             Output file: <RLcirc_varyV_amp-eps-converted-to.pdf>
(epstopdf)                    date: 2014-05-14 19:18:29
(epstopdf)                    size: 32492 bytes
(epstopdf)             Command: <repstopdf --outfile=RLcirc_varyV_amp-eps-conve
rted-to.pdf RLcirc_varyV_amp.eps>
(epstopdf)             \includegraphics on input line 98.
Package epstopdf Info: Output file is already uptodate.

<RLcirc_varyV_amp-eps-converted-to.pdf, id=63, 1096.095pt x 554.07pt>
File: RLcirc_varyV_amp-eps-converted-to.pdf Graphic file (type pdf)

<use RLcirc_varyV_amp-eps-converted-to.pdf>
Package pdftex.def Info: RLcirc_varyV_amp-eps-converted-to.pdf used on input li
ne 98.
(pdftex.def)             Requested size: 548.04616pt x 277.03432pt.
 [4]
Package epstopdf Info: Source file: <RLcirc_varyV_freq2.eps>
(epstopdf)                    date: 2014-04-30 19:10:20
(epstopdf)                    size: 30356 bytes
(epstopdf)             Output file: <RLcirc_varyV_freq2-eps-converted-to.pdf>
(epstopdf)                    date: 2014-05-14 19:18:30
(epstopdf)                    size: 13430 bytes
(epstopdf)             Command: <repstopdf --outfile=RLcirc_varyV_freq2-eps-con
verted-to.pdf RLcirc_varyV_freq2.eps>
(epstopdf)             \includegraphics on input line 116.
Package epstopdf Info: Output file is already uptodate.

<RLcirc_varyV_freq2-eps-converted-to.pdf, id=69, 1096.095pt x 554.07pt>
File: RLcirc_varyV_freq2-eps-converted-to.pdf Graphic file (type pdf)

<use RLcirc_varyV_freq2-eps-converted-to.pdf>
Package pdftex.def Info: RLcirc_varyV_freq2-eps-converted-to.pdf used on input 
line 116.
(pdftex.def)             Requested size: 548.04616pt x 277.03432pt.
Package epstopdf Info: Source file: <RLcirc_varyV_freq.eps>
(epstopdf)                    date: 2014-04-29 19:51:10
(epstopdf)                    size: 37890 bytes
(epstopdf)             Output file: <RLcirc_varyV_freq-eps-converted-to.pdf>
(epstopdf)                    date: 2014-05-14 19:18:31
(epstopdf)                    size: 33335 bytes
(epstopdf)             Command: <repstopdf --outfile=RLcirc_varyV_freq-eps-conv
erted-to.pdf RLcirc_varyV_freq.eps>
(epstopdf)             \includegraphics on input line 118.
Package epstopdf Info: Output file is already uptodate.

<RLcirc_varyV_freq-eps-converted-to.pdf, id=70, 1096.095pt x 554.07pt>
File: RLcirc_varyV_freq-eps-converted-to.pdf Graphic file (type pdf)

<use RLcirc_varyV_freq-eps-converted-to.pdf>
Package pdftex.def Info: RLcirc_varyV_freq-eps-converted-to.pdf used on input l
ine 118.
(pdftex.def)             Requested size: 548.04616pt x 277.03432pt.
 [5 <./RLcirc_varyV_amp2-eps-converted-to.pdf> <./RLcirc_varyV_amp-eps-converte
d-to.pdf>]
Package epstopdf Info: Source file: <RLcirc_varyV_phase2.eps>
(epstopdf)                    date: 2014-04-30 19:07:03
(epstopdf)                    size: 30663 bytes
(epstopdf)             Output file: <RLcirc_varyV_phase2-eps-converted-to.pdf>
(epstopdf)                    date: 2014-05-14 19:18:32
(epstopdf)                    size: 13729 bytes
(epstopdf)             Command: <repstopdf --outfile=RLcirc_varyV_phase2-eps-co
nverted-to.pdf RLcirc_varyV_phase2.eps>
(epstopdf)             \includegraphics on input line 136.
Package epstopdf Info: Output file is already uptodate.

<RLcirc_varyV_phase2-eps-converted-to.pdf, id=88, 1096.095pt x 554.07pt>
File: RLcirc_varyV_phase2-eps-converted-to.pdf Graphic file (type pdf)

<use RLcirc_varyV_phase2-eps-converted-to.pdf>
Package pdftex.def Info: RLcirc_varyV_phase2-eps-converted-to.pdf used on input
 line 136.
(pdftex.def)             Requested size: 548.04616pt x 277.03432pt.
Package epstopdf Info: Source file: <RLcirc_varyV_phase.eps>
(epstopdf)                    date: 2014-04-29 19:48:55
(epstopdf)                    size: 37206 bytes
(epstopdf)             Output file: <RLcirc_varyV_phase-eps-converted-to.pdf>
(epstopdf)                    date: 2014-05-14 19:18:33
(epstopdf)                    size: 33233 bytes
(epstopdf)             Command: <repstopdf --outfile=RLcirc_varyV_phase-eps-con
verted-to.pdf RLcirc_varyV_phase.eps>
(epstopdf)             \includegraphics on input line 138.
Package epstopdf Info: Output file is already uptodate.

<RLcirc_varyV_phase-eps-converted-to.pdf, id=89, 1096.095pt x 554.07pt>
File: RLcirc_varyV_phase-eps-converted-to.pdf Graphic file (type pdf)

<use RLcirc_varyV_phase-eps-converted-to.pdf>
Package pdftex.def Info: RLcirc_varyV_phase-eps-converted-to.pdf used on input 
line 138.
(pdftex.def)             Requested size: 548.04616pt x 277.03432pt.
 [6 <./RLcirc_varyV_freq2-eps-converted-to.pdf> <./RLcirc_varyV_freq-eps-conver
ted-to.pdf>]
Package epstopdf Info: Source file: <RLcirc_varyV_offset2.eps>
(epstopdf)                    date: 2014-04-30 19:05:06
(epstopdf)                    size: 30571 bytes
(epstopdf)             Output file: <RLcirc_varyV_offset2-eps-converted-to.pdf>

(epstopdf)                    date: 2014-05-14 19:18:34
(epstopdf)                    size: 13438 bytes
(epstopdf)             Command: <repstopdf --outfile=RLcirc_varyV_offset2-eps-c
onverted-to.pdf RLcirc_varyV_offset2.eps>
(epstopdf)             \includegraphics on input line 156.
Package epstopdf Info: Output file is already uptodate.

<RLcirc_varyV_offset2-eps-converted-to.pdf, id=107, 1096.095pt x 554.07pt>
File: RLcirc_varyV_offset2-eps-converted-to.pdf Graphic file (type pdf)

<use RLcirc_varyV_offset2-eps-converted-to.pdf>
Package pdftex.def Info: RLcirc_varyV_offset2-eps-converted-to.pdf used on inpu
t line 156.
(pdftex.def)             Requested size: 548.04616pt x 277.03432pt.
Package epstopdf Info: Source file: <RLcirc_varyV_offset.eps>
(epstopdf)                    date: 2014-04-29 19:46:52
(epstopdf)                    size: 37372 bytes
(epstopdf)             Output file: <RLcirc_varyV_offset-eps-converted-to.pdf>
(epstopdf)                    date: 2014-05-14 19:18:35
(epstopdf)                    size: 32324 bytes
(epstopdf)             Command: <repstopdf --outfile=RLcirc_varyV_offset-eps-co
nverted-to.pdf RLcirc_varyV_offset.eps>
(epstopdf)             \includegraphics on input line 158.
Package epstopdf Info: Output file is already uptodate.

<RLcirc_varyV_offset-eps-converted-to.pdf, id=108, 1096.095pt x 554.07pt>
File: RLcirc_varyV_offset-eps-converted-to.pdf Graphic file (type pdf)

<use RLcirc_varyV_offset-eps-converted-to.pdf>
Package pdftex.def Info: RLcirc_varyV_offset-eps-converted-to.pdf used on input
 line 158.
(pdftex.def)             Requested size: 548.04616pt x 277.03432pt.
 [7 <./RLcirc_varyV_phase2-eps-converted-to.pdf> <./RLcirc_varyV_phase-eps-conv
erted-to.pdf>]
Package epstopdf Info: Source file: <RLcirc_varyV_offsetLup2.eps>
(epstopdf)                    date: 2014-04-30 19:46:05
(epstopdf)                    size: 30282 bytes
(epstopdf)             Output file: <RLcirc_varyV_offsetLup2-eps-converted-to.p
df>
(epstopdf)                    date: 2014-05-14 19:18:37
(epstopdf)                    size: 13558 bytes
(epstopdf)             Command: <repstopdf --outfile=RLcirc_varyV_offsetLup2-ep
s-converted-to.pdf RLcirc_varyV_offsetLup2.eps>
(epstopdf)             \includegraphics on input line 168.
Package epstopdf Info: Output file is already uptodate.

<RLcirc_varyV_offsetLup2-eps-converted-to.pdf, id=127, 1096.095pt x 554.07pt>
File: RLcirc_varyV_offsetLup2-eps-converted-to.pdf Graphic file (type pdf)

<use RLcirc_varyV_offsetLup2-eps-converted-to.pdf>
Package pdftex.def Info: RLcirc_varyV_offsetLup2-eps-converted-to.pdf used on i
nput line 168.
(pdftex.def)             Requested size: 548.04616pt x 277.03432pt.
Package epstopdf Info: Source file: <RLcirc_varyV_offsetLup.eps>
(epstopdf)                    date: 2014-04-30 19:45:34
(epstopdf)                    size: 37624 bytes
(epstopdf)             Output file: <RLcirc_varyV_offsetLup-eps-converted-to.pd
f>
(epstopdf)                    date: 2014-05-14 19:18:38
(epstopdf)                    size: 33233 bytes
(epstopdf)             Command: <repstopdf --outfile=RLcirc_varyV_offsetLup-eps
-converted-to.pdf RLcirc_varyV_offsetLup.eps>
(epstopdf)             \includegraphics on input line 170.
Package epstopdf Info: Output file is already uptodate.

<RLcirc_varyV_offsetLup-eps-converted-to.pdf, id=128, 1096.095pt x 554.07pt>
File: RLcirc_varyV_offsetLup-eps-converted-to.pdf Graphic file (type pdf)

<use RLcirc_varyV_offsetLup-eps-converted-to.pdf>
Package pdftex.def Info: RLcirc_varyV_offsetLup-eps-converted-to.pdf used on in
put line 170.
(pdftex.def)             Requested size: 548.04616pt x 277.03432pt.
Package epstopdf Info: Source file: <RLcirc_varyV_offsetlong2.eps>
(epstopdf)                    date: 2014-04-30 19:44:14
(epstopdf)                    size: 30467 bytes
(epstopdf)             Output file: <RLcirc_varyV_offsetlong2-eps-converted-to.
pdf>
(epstopdf)                    date: 2014-05-14 19:18:39
(epstopdf)                    size: 13445 bytes
(epstopdf)             Command: <repstopdf --outfile=RLcirc_varyV_offsetlong2-e
ps-converted-to.pdf RLcirc_varyV_offsetlong2.eps>
(epstopdf)             \includegraphics on input line 178.
Package epstopdf Info: Output file is already uptodate.

<RLcirc_varyV_offsetlong2-eps-converted-to.pdf, id=129, 1096.095pt x 554.07pt>
File: RLcirc_varyV_offsetlong2-eps-converted-to.pdf Graphic file (type pdf)

<use RLcirc_varyV_offsetlong2-eps-converted-to.pdf>
Package pdftex.def Info: RLcirc_varyV_offsetlong2-eps-converted-to.pdf used on 
input line 178.
(pdftex.def)             Requested size: 548.04616pt x 277.03432pt.
Package epstopdf Info: Source file: <RLcirc_varyV_offsetlong.eps>
(epstopdf)                    date: 2014-04-30 19:42:59
(epstopdf)                    size: 63904 bytes
(epstopdf)             Output file: <RLcirc_varyV_offsetlong-eps-converted-to.p
df>
(epstopdf)                    date: 2014-05-14 19:18:40
(epstopdf)                    size: 91119 bytes
(epstopdf)             Command: <repstopdf --outfile=RLcirc_varyV_offsetlong-ep
s-converted-to.pdf RLcirc_varyV_offsetlong.eps>
(epstopdf)             \includegraphics on input line 180.
Package epstopdf Info: Output file is already uptodate.

<RLcirc_varyV_offsetlong-eps-converted-to.pdf, id=130, 1096.095pt x 554.07pt>
File: RLcirc_varyV_offsetlong-eps-converted-to.pdf Graphic file (type pdf)

<use RLcirc_varyV_offsetlong-eps-converted-to.pdf>
Package pdftex.def Info: RLcirc_varyV_offsetlong-eps-converted-to.pdf used on i
nput line 180.
(pdftex.def)             Requested size: 548.04616pt x 277.03432pt.
 [8 <./RLcirc_varyV_offset2-eps-converted-to.pdf> <./RLcirc_varyV_offset-eps-co
nverted-to.pdf>] [9 <./RLcirc_varyV_offsetLup2-eps-converted-to.pdf> <./RLcirc_
varyV_offsetLup-eps-converted-to.pdf>] [10 <./RLcirc_varyV_offsetlong2-eps-conv
erted-to.pdf> <./RLcirc_varyV_offsetlong-eps-converted-to.pdf>] (./RLplots.aux)


LaTeX Warning: There were multiply-defined labels.

 ) 
Here is how much of TeX's memory you used:
 2661 strings out of 494043
 38140 string characters out of 6155015
 97416 words of memory out of 5000000
 6005 multiletter control sequences out of 15000+600000
 12016 words of font info for 47 fonts, out of 8000000 for 9000
 466 hyphenation exceptions out of 8191
 42i,13n,26p,410b,344s stack positions out of 5000i,500n,10000p,200000b,80000s
</usr/share/texlive/texmf-dist/fonts/type1/public/amsfonts/cm/cmbx12.pfb></us
r/share/texlive/texmf-dist/fonts/type1/public/amsfonts/cm/cmex10.pfb></usr/shar
e/texlive/texmf-dist/fonts/type1/public/amsfonts/cm/cmmi10.pfb></usr/share/texl
ive/texmf-dist/fonts/type1/public/amsfonts/cm/cmmi12.pfb></usr/share/texlive/te
xmf-dist/fonts/type1/public/amsfonts/cm/cmmi7.pfb></usr/share/texlive/texmf-dis
t/fonts/type1/public/amsfonts/cm/cmmi8.pfb></usr/share/texlive/texmf-dist/fonts
/type1/public/amsfonts/cm/cmr10.pfb></usr/share/texlive/texmf-dist/fonts/type1/
public/amsfonts/cm/cmr7.pfb></usr/share/texlive/texmf-dist/fonts/type1/public/a
msfonts/cm/cmsy10.pfb></usr/share/texlive/texmf-dist/fonts/type1/public/amsfont
s/cm/cmsy7.pfb></usr/share/texlive/texmf-dist/fonts/type1/public/amsfonts/cm/cm
ti10.pfb></usr/share/texlive/texmf-dist/fonts/type1/public/amsfonts/cm/cmtt10.p
fb></usr/share/texlive/texmf-dist/fonts/type1/public/amsfonts/symbols/msbm10.pf
b>
Output written on RLplots.pdf (10 pages, 529828 bytes).
PDF statistics:
 226 PDF objects out of 1000 (max. 8388607)
 156 compressed objects within 2 object streams
 0 named destinations out of 1000 (max. 500000)
 81 words of extra memory for PDF output out of 10000 (max. 10000000)

