This is pdfTeX, Version 3.1415926-2.5-1.40.14 (TeX Live 2013/Debian) (format=latex 2014.12.14)  13 MAY 2015 19:26
entering extended mode
 restricted \write18 enabled.
 %&-line parsing enabled.
**main.tex
(./main.tex
LaTeX2e <2011/06/27>
Babel <3.9h> and hyphenation patterns for 2 languages loaded.
(/usr/share/texlive/texmf-dist/tex/latex/base/article.cls
Document Class: article 2007/10/19 v1.4h Standard LaTeX document class
(/usr/share/texlive/texmf-dist/tex/latex/base/size11.clo
File: size11.clo 2007/10/19 v1.4h Standard LaTeX file (size option)
)
\c@part=\count79
\c@section=\count80
\c@subsection=\count81
\c@subsubsection=\count82
\c@paragraph=\count83
\c@subparagraph=\count84
\c@figure=\count85
\c@table=\count86
\abovecaptionskip=\skip41
\belowcaptionskip=\skip42
\bibindent=\dimen102
)
(/usr/share/texlive/texmf-dist/tex/latex/amsmath/amsmath.sty
Package: amsmath 2013/01/14 v2.14 AMS math features
\@mathmargin=\skip43

For additional information on amsmath, use the `?' option.
(/usr/share/texlive/texmf-dist/tex/latex/amsmath/amstext.sty
Package: amstext 2000/06/29 v2.01

(/usr/share/texlive/texmf-dist/tex/latex/amsmath/amsgen.sty
File: amsgen.sty 1999/11/30 v2.0
\@emptytoks=\toks14
\ex@=\dimen103
))
(/usr/share/texlive/texmf-dist/tex/latex/amsmath/amsbsy.sty
Package: amsbsy 1999/11/29 v1.2d
\pmbraise@=\dimen104
)
(/usr/share/texlive/texmf-dist/tex/latex/amsmath/amsopn.sty
Package: amsopn 1999/12/14 v2.01 operator names
)
\inf@bad=\count87
LaTeX Info: Redefining \frac on input line 210.
\uproot@=\count88
\leftroot@=\count89
LaTeX Info: Redefining \overline on input line 306.
\classnum@=\count90
\DOTSCASE@=\count91
LaTeX Info: Redefining \ldots on input line 378.
LaTeX Info: Redefining \dots on input line 381.
LaTeX Info: Redefining \cdots on input line 466.
\Mathstrutbox@=\box26
\strutbox@=\box27
\big@size=\dimen105
LaTeX Font Info:    Redeclaring font encoding OML on input line 566.
LaTeX Font Info:    Redeclaring font encoding OMS on input line 567.
\macc@depth=\count92
\c@MaxMatrixCols=\count93
\dotsspace@=\muskip10
\c@parentequation=\count94
\dspbrk@lvl=\count95
\tag@help=\toks15
\row@=\count96
\column@=\count97
\maxfields@=\count98
\andhelp@=\toks16
\eqnshift@=\dimen106
\alignsep@=\dimen107
\tagshift@=\dimen108
\tagwidth@=\dimen109
\totwidth@=\dimen110
\lineht@=\dimen111
\@envbody=\toks17
\multlinegap=\skip44
\multlinetaggap=\skip45
\mathdisplay@stack=\toks18
LaTeX Info: Redefining \[ on input line 2665.
LaTeX Info: Redefining \] on input line 2666.
)
(/usr/share/texlive/texmf-dist/tex/latex/graphics/graphicx.sty
Package: graphicx 1999/02/16 v1.0f Enhanced LaTeX Graphics (DPC,SPQR)

(/usr/share/texlive/texmf-dist/tex/latex/graphics/keyval.sty
Package: keyval 1999/03/16 v1.13 key=value parser (DPC)
\KV@toks@=\toks19
)
(/usr/share/texlive/texmf-dist/tex/latex/graphics/graphics.sty
Package: graphics 2009/02/05 v1.0o Standard LaTeX Graphics (DPC,SPQR)

(/usr/share/texlive/texmf-dist/tex/latex/graphics/trig.sty
Package: trig 1999/03/16 v1.09 sin cos tan (DPC)
)
(/usr/share/texlive/texmf-dist/tex/latex/latexconfig/graphics.cfg
File: graphics.cfg 2010/04/23 v1.9 graphics configuration of TeX Live
)
Package graphics Info: Driver file: dvips.def on input line 91.

(/usr/share/texlive/texmf-dist/tex/latex/graphics/dvips.def
File: dvips.def 1999/02/16 v3.0i Driver-dependant file (DPC,SPQR)
))
\Gin@req@height=\dimen112
\Gin@req@width=\dimen113
)
(/usr/share/texlive/texmf-dist/tex/latex/subfig/subfig.sty
Package: subfig 2005/06/28 ver: 1.3 subfig package

(/usr/share/texlive/texmf-dist/tex/latex/caption/caption.sty
Package: caption 2013/05/02 v3.3-89 Customizing captions (AR)

(/usr/share/texlive/texmf-dist/tex/latex/caption/caption3.sty
Package: caption3 2013/05/02 v1.6-88 caption3 kernel (AR)
Package caption3 Info: TeX engine: e-TeX on input line 57.
\captionmargin=\dimen114
\captionmargin@=\dimen115
\captionwidth=\dimen116
\caption@tempdima=\dimen117
\caption@indent=\dimen118
\caption@parindent=\dimen119
\caption@hangindent=\dimen120
)
\c@ContinuedFloat=\count99
)
\c@KVtest=\count100
\sf@farskip=\skip46
\sf@captopadj=\dimen121
\sf@capskip=\skip47
\sf@nearskip=\skip48
\c@subfigure=\count101
\c@subfigure@save=\count102
\c@lofdepth=\count103
\c@subtable=\count104
\c@subtable@save=\count105
\c@lotdepth=\count106
\sf@top=\skip49
\sf@bottom=\skip50
)
(/usr/share/texlive/texmf-dist/tex/latex/oberdiek/epstopdf.sty
Package: epstopdf 2010/02/09 v2.5 Conversion with epstopdf on the fly (HO)

(/usr/share/texlive/texmf-dist/tex/latex/oberdiek/epstopdf-base.sty
Package: epstopdf-base 2010/02/09 v2.5 Base part for package epstopdf

(/usr/share/texlive/texmf-dist/tex/generic/oberdiek/infwarerr.sty
Package: infwarerr 2010/04/08 v1.3 Providing info/warning/error messages (HO)
)
(/usr/share/texlive/texmf-dist/tex/latex/oberdiek/grfext.sty
Package: grfext 2010/08/19 v1.1 Manage graphics extensions (HO)

(/usr/share/texlive/texmf-dist/tex/generic/oberdiek/kvdefinekeys.sty
Package: kvdefinekeys 2011/04/07 v1.3 Define keys (HO)

(/usr/share/texlive/texmf-dist/tex/generic/oberdiek/ltxcmds.sty
Package: ltxcmds 2011/11/09 v1.22 LaTeX kernel commands for general use (HO)
)))
(/usr/share/texlive/texmf-dist/tex/latex/oberdiek/kvoptions.sty
Package: kvoptions 2011/06/30 v3.11 Key value format for package options (HO)

(/usr/share/texlive/texmf-dist/tex/generic/oberdiek/kvsetkeys.sty
Package: kvsetkeys 2012/04/25 v1.16 Key value parser (HO)

(/usr/share/texlive/texmf-dist/tex/generic/oberdiek/etexcmds.sty
Package: etexcmds 2011/02/16 v1.5 Avoid name clashes with e-TeX commands (HO)

(/usr/share/texlive/texmf-dist/tex/generic/oberdiek/ifluatex.sty
Package: ifluatex 2010/03/01 v1.3 Provides the ifluatex switch (HO)
Package ifluatex Info: LuaTeX not detected.
)
Package etexcmds Info: Could not find \expanded.
(etexcmds)             That can mean that you are not using pdfTeX 1.50 or
(etexcmds)             that some package has redefined \expanded.
(etexcmds)             In the latter case, load this package earlier.
)))
(/usr/share/texlive/texmf-dist/tex/generic/oberdiek/pdftexcmds.sty
Package: pdftexcmds 2011/11/29 v0.20 Utility functions of pdfTeX for LuaTeX (HO
)

(/usr/share/texlive/texmf-dist/tex/generic/oberdiek/ifpdf.sty
Package: ifpdf 2011/01/30 v2.3 Provides the ifpdf switch (HO)
Package ifpdf Info: pdfTeX in PDF mode is not detected.
)
Package pdftexcmds Info: LuaTeX not detected.
Package pdftexcmds Info: \pdf@primitive is available.
Package pdftexcmds Info: \pdf@ifprimitive is available.
Package pdftexcmds Info: \pdfdraftmode is ignored in DVI mode.
)

Package epstopdf Warning: Drivers other than `pdftex.def' are not supported.

)) (/usr/share/texlive/texmf-dist/tex/latex/amsfonts/amssymb.sty
Package: amssymb 2013/01/14 v3.01 AMS font symbols

(/usr/share/texlive/texmf-dist/tex/latex/amsfonts/amsfonts.sty
Package: amsfonts 2013/01/14 v3.01 Basic AMSFonts support
\symAMSa=\mathgroup4
\symAMSb=\mathgroup5
LaTeX Font Info:    Overwriting math alphabet `\mathfrak' in version `bold'
(Font)                  U/euf/m/n --> U/euf/b/n on input line 106.
)) (./main.aux)
\openout1 = `main.aux'.

LaTeX Font Info:    Checking defaults for OML/cmm/m/it on input line 12.
LaTeX Font Info:    ... okay on input line 12.
LaTeX Font Info:    Checking defaults for T1/cmr/m/n on input line 12.
LaTeX Font Info:    ... okay on input line 12.
LaTeX Font Info:    Checking defaults for OT1/cmr/m/n on input line 12.
LaTeX Font Info:    ... okay on input line 12.
LaTeX Font Info:    Checking defaults for OMS/cmsy/m/n on input line 12.
LaTeX Font Info:    ... okay on input line 12.
LaTeX Font Info:    Checking defaults for OMX/cmex/m/n on input line 12.
LaTeX Font Info:    ... okay on input line 12.
LaTeX Font Info:    Checking defaults for U/cmr/m/n on input line 12.
LaTeX Font Info:    ... okay on input line 12.
Package caption Info: Begin \AtBeginDocument code.
Package caption Info: subfig package v1.3 is loaded.
Package caption Info: End \AtBeginDocument code.

[1


]
LaTeX Font Info:    Try loading font information for U+msa on input line 27.
 (/usr/share/texlive/texmf-dist/tex/latex/amsfonts/umsa.fd
File: umsa.fd 2013/01/14 v3.01 AMS symbols A
)
LaTeX Font Info:    Try loading font information for U+msb on input line 27.

(/usr/share/texlive/texmf-dist/tex/latex/amsfonts/umsb.fd
File: umsb.fd 2013/01/14 v3.01 AMS symbols B
)
Underfull \vbox (badness 2970) has occurred while \output is active []

 [2

]
Overfull \hbox (3.42897pt too wide) in alignment at lines 60--63
 [][][] []
 []


Underfull \hbox (badness 1127) in paragraph at lines 73--74
[]\OT1/cmr/m/n/10.95 Assuming $\OML/cmm/m/it/10.95 P\OT1/cmr/m/n/10.95 (\OML/cm
m/m/it/10.95 E\OT1/cmr/m/n/10.95 )$ and $\OML/cmm/m/it/10.95 P\OT1/cmr/m/n/10.9
5 (\OML/cmm/m/it/10.95 C\OT1/cmr/m/n/10.95 )$ can be es-ti-
 []

[3] [4]
Underfull \hbox (badness 6078) in paragraph at lines 114--116
\OT1/cmr/m/n/10.95 be the cor-re-spond-ing term with $\OML/cmm/m/it/10.95 ^^T \
OT1/cmr/m/n/10.95 =
 []


Underfull \hbox (badness 2932) in paragraph at lines 126--127
\OT1/cmr/m/n/10.95 this pen-chant cal-cu-la-tion us-ing fre-quency
 []

[5]
Underfull \hbox (badness 3758) in paragraph at lines 183--184
\OT1/cmr/m/n/10.95 The \OT1/cmr/m/it/10.95 un-ob-served \OT1/cmr/m/n/10.95 pen-
chants (us-ing the 1-
 []


Underfull \hbox (badness 4156) in paragraph at lines 206--206
[]\OT1/cmr/bx/n/12 Cause-effect as-sign-ment in-de-
 []

[6]
Overfull \hbox (4.81694pt too wide) in alignment at lines 219--223
 [][][] []
 []


Overfull \hbox (4.81694pt too wide) in alignment at lines 225--230
 [][][] []
 []


Overfull \hbox (2.65732pt too wide) in alignment at lines 247--252
 [][][] []
 []

[7]
Underfull \hbox (badness 1931) in paragraph at lines 269--270
\OT1/cmr/bx/n/10.95 R[]$\OT1/cmr/m/n/10.95 , the weighted mean ob-served lean-i
ng
 []

[8]
Underfull \hbox (badness 6428) in paragraph at lines 292--293
\OT1/cmr/m/n/10.95 ob-served lean-ing when ap-plied to non-
 []


Underfull \vbox (badness 10000) has occurred while \output is active []

 [9]
Underfull \hbox (badness 1163) in paragraph at lines 299--299
[]\OT1/cmr/bx/n/12 Impulse with Noisy Re-sponse
 []

File: SimpleIRexample_diffLpart1.eps Graphic file (type eps)
<SimpleIRexample_diffLpart1.eps>
File: SimpleIRexample_diffLpart2.eps Graphic file (type eps)
 <SimpleIRexample_diffLpart2.eps>
File: SimpleIRexample_diffLpart3.eps Graphic file (type eps)

<SimpleIRexample_diffLpart3.eps>
File: SimpleIRexample_diffLpart4.eps Graphic file (type eps)
 <SimpleIRexample_diffLpart4.eps>
Overfull \hbox (12.58511pt too wide) in paragraph at lines 322--330
[][] 
 []

[10]
File: SimpleCyclicexample_Bxytol.eps Graphic file (type eps)
 <SimpleCyclicexample_Bxytol.eps>
Overfull \hbox (9.35905pt too wide) in paragraph at lines 378--379
[][] 
 []


Underfull \hbox (badness 2529) in paragraph at lines 383--384
[]\OT1/cmr/m/n/10.95 It has been ar-gued that lagged cross-
 []

[11]
File: SimpleCyclicexample_difflags.eps Graphic file (type eps)
 <SimpleCyclicexample_difflags.eps> [12]
Underfull \vbox (badness 10000) has occurred while \output is active []

 [13]
File: NonlinearCyclicexample_BxytolC02.eps Graphic file (type eps)

<NonlinearCyclicexample_BxytolC02.eps>
File: NonlinearCyclicexample_BxytolC04.eps Graphic file (type eps)
 <NonlinearCyclicexample_BxytolC04.eps>
File: NonlinearCyclicexample_BxytolC06.eps Graphic file (type eps)

<NonlinearCyclicexample_BxytolC06.eps>
File: NonlinearCyclicexample_BxytolC08.eps Graphic file (type eps)
 <NonlinearCyclicexample_BxytolC08.eps>
Overfull \hbox (13.78964pt too wide) in paragraph at lines 486--494
[][] 
 []

[14]
File: CoupLogexample_rx35ry35.eps Graphic file (type eps)
 <CoupLogexample_rx35ry35.eps>
File: CoupLogexample_rx40ry20.eps Graphic file (type eps)
 <CoupLogexample_rx40ry20.eps>
File: CoupLogexample_rx20ry40.eps Graphic file (type eps)

<CoupLogexample_rx20ry40.eps>
File: CoupLogexample_rx38ry32.eps Graphic file (type eps)
 <CoupLogexample_rx38ry32.eps>
Overfull \hbox (19.51106pt too wide) in paragraph at lines 520--528
[][] 
 []

[15]
File: XYZIRexample_Bxytol.eps Graphic file (type eps)
 <XYZIRexample_Bxytol.eps>
File: XYZIRexample_BxytolZXandY.eps Graphic file (type eps)
 <XYZIRexample_BxytolZXandY.eps>
File: XYZIRexample_BxytolZXandYandZ.eps Graphic file (type eps)

<XYZIRexample_BxytolZXandYandZ.eps> [16]
Underfull \vbox (badness 1755) has occurred while \output is active []

 [17]
File: EmpiricalData_p87X.eps Graphic file (type eps)

<EmpiricalData_p87X.eps>
File: EmpiricalData_p87Y.eps Graphic file (type eps)
 <EmpiricalData_p87Y.eps>
Overfull \hbox (25.42421pt too wide) in paragraph at lines 610--616
[][] 
 []


Underfull \vbox (badness 1515) has occurred while \output is active []

 [18]
Underfull \hbox (badness 1803) in paragraph at lines 625--626
[]\OT1/cmr/m/n/10.95 The cause-effect as-sign-ment will be set
 []

File: EmpiricalData_p87leans.eps Graphic file (type eps)
<EmpiricalData_p87leans.eps>
Underfull \hbox (badness 1158) in paragraph at lines 634--635
\OT1/cmr/m/n/10.95 tol-er-ance do-mains, im-ply causal in-fer-ences
 []


LaTeX Warning: Citation `spaceweathertextbook' on page 19 undefined on input li
ne 646.


Underfull \hbox (badness 1603) in paragraph at lines 646--647
[]\OT1/cmr/m/n/10.95 The NASA OMNI data set con-sists of
 []


Underfull \hbox (badness 1596) in paragraph at lines 646--647
\OT1/cmr/m/n/10.95 sev-eral dif-fer-ent space weather pa-ram-e-ters
 []

File: SolarDataBzNormDst.eps Graphic file (type eps)
<SolarDataBzNormDst.eps> [19]
File: NoCauseplot.eps Graphic file (type eps)
 <NoCauseplot.eps>
Underfull \hbox (badness 1005) in paragraph at lines 679--685
[]\OT1/cmr/m/n/10.95 There is no in-tu-itive causal re-la-tion-ship
 []

[20]
Underfull \hbox (badness 2894) in paragraph at lines 689--690
\OT1/cmr/m/n/10.95 Causal in-fer-ence us-ing ob-ser-va-tional data
 []


Underfull \hbox (badness 1769) in paragraph at lines 691--692
\OT1/cmr/m/n/10.95 niques, in-clud-ing Granger causal-ity (GC),
 []

[21] (./main.bbl
Underfull \hbox (badness 1661) in paragraph at lines 23--26
[]\OT1/cmr/m/n/10.95 Jean-Marie Du-four and Eric Re-nault.
 []


Underfull \hbox (badness 2080) in paragraph at lines 28--32
[]\OT1/cmr/m/n/10.95 Mahmoud El-Gohary and James Mc-
 []


Underfull \hbox (badness 3343) in paragraph at lines 28--32
\OT1/cmr/m/n/10.95 Names.  Es-tab-lish-ing causal-ity with
 []


Underfull \hbox (badness 10000) in paragraph at lines 28--32
\OT1/cmr/m/n/10.95 whitened cross-correlation anal-y-sis.
 []


Underfull \hbox (badness 3291) in paragraph at lines 34--39
\OT1/cmr/m/n/10.95 re-la-tions by econo-met-ric mod-els and
 []

Missing character: There is no â in font cmr10!
Missing character: There is no € in font cmr10!
Missing character: There is no “ in font cmr10!

Underfull \hbox (badness 1152) in paragraph at lines 63--67
\OT1/cmr/m/n/10.95 fer func-tion and sta-tis-ti-cal as-sess-ment
 []

[22]
Underfull \hbox (badness 3601) in paragraph at lines 98--103
\OT1/cmr/m/n/10.95 Bis-cay, Jorge Bosch-Bayard, Di-et-rich
 []


Underfull \hbox (badness 1248) in paragraph at lines 115--118
[]\OT1/cmr/m/n/10.95 David L. Roberts and Stephen Nord.
 []


Underfull \hbox (badness 1748) in paragraph at lines 120--123
[]\OT1/cmr/m/n/10.95 David Ro-gosa.  A cri-tique of cross-
 []

Missing character: There is no â in font cmr10!
Missing character: There is no € in font cmr10!
Missing character: There is no “ in font cmr10!

Underfull \hbox (badness 1215) in paragraph at lines 130--133
[]\OT1/cmr/m/n/10.95 Michael Small and C.K. Tse.  Op-ti-
 []


Underfull \hbox (badness 1629) in paragraph at lines 146--152
\OT1/cmr/m/n/10.95 In Wal-ter Daele-mans, Bart Goethals,
 []


Underfull \hbox (badness 1648) in paragraph at lines 146--152
\OT1/cmr/m/it/10.95 Learn-ing and Knowl-edge Dis-cov-ery in
 []


Underfull \hbox (badness 2158) in paragraph at lines 146--152
\OT1/cmr/m/it/10.95 in Com-puter Sci-ence\OT1/cmr/m/n/10.95 , pages 440--455.
 []

) [23] (./main.aux)

LaTeX Warning: There were undefined references.

 ) 
Here is how much of TeX's memory you used:
 3189 strings out of 495029
 47710 string characters out of 6181522
 111406 words of memory out of 5000000
 6344 multiletter control sequences out of 15000+600000
 12319 words of font info for 46 fonts, out of 8000000 for 9000
 14 hyphenation exceptions out of 8191
 44i,16n,42p,1414b,373s stack positions out of 5000i,500n,10000p,200000b,80000s

Output written on main.dvi (23 pages, 116116 bytes).
