This is pdfTeX, Version 3.1415926-2.5-1.40.14 (TeX Live 2013/Debian) (format=pdflatex 2014.3.19)  4 JUN 2014 20:05
entering extended mode
 restricted \write18 enabled.
 %&-line parsing enabled.
**main.tex
(./main.tex
LaTeX2e <2011/06/27>
Babel <3.9f> and hyphenation patterns for 46 languages loaded.
(/usr/share/texlive/texmf-dist/tex/latex/base/article.cls
Document Class: article 2007/10/19 v1.4h Standard LaTeX document class
(/usr/share/texlive/texmf-dist/tex/latex/base/size11.clo
File: size11.clo 2007/10/19 v1.4h Standard LaTeX file (size option)
)
\c@part=\count79
\c@section=\count80
\c@subsection=\count81
\c@subsubsection=\count82
\c@paragraph=\count83
\c@subparagraph=\count84
\c@figure=\count85
\c@table=\count86
\abovecaptionskip=\skip41
\belowcaptionskip=\skip42
\bibindent=\dimen102
)
(/usr/share/texlive/texmf-dist/tex/generic/babel/babel.sty
Package: babel 2013/05/16 v3.9f The Babel package

(/usr/share/texlive/texmf-dist/tex/generic/babel-english/english.ldf
Language: english 2012/08/20 v3.3p English support from the babel system

(/usr/share/texlive/texmf-dist/tex/generic/babel/babel.def
File: babel.def 2013/05/16 v3.9f Babel common definitions
\babel@savecnt=\count87
\U@D=\dimen103
)
\l@canadian = a dialect from \language\l@american 
\l@australian = a dialect from \language\l@british 
\l@newzealand = a dialect from \language\l@british 
))
(/usr/share/texlive/texmf-dist/tex/latex/base/inputenc.sty
Package: inputenc 2008/03/30 v1.1d Input encoding file
\inpenc@prehook=\toks14
\inpenc@posthook=\toks15

(/usr/share/texlive/texmf-dist/tex/latex/ucs/utf8x.def
File: utf8x.def 2004/10/17 UCS: Input encoding UTF-8
))
(/usr/share/texlive/texmf-dist/tex/latex/ucs/ucs.sty
Package: ucs 2013/05/11 v2.2 UCS: Unicode input support

(/usr/share/texlive/texmf-dist/tex/latex/ucs/data/uni-global.def
File: uni-global.def 2013/05/13 UCS: Unicode global data
)
\uc@secondtry=\count88
\uc@combtoks=\toks16
\uc@combtoksb=\toks17
\uc@temptokena=\toks18
)
(/usr/share/texlive/texmf-dist/tex/latex/amsmath/amsmath.sty
Package: amsmath 2013/01/14 v2.14 AMS math features
\@mathmargin=\skip43

For additional information on amsmath, use the `?' option.
(/usr/share/texlive/texmf-dist/tex/latex/amsmath/amstext.sty
Package: amstext 2000/06/29 v2.01

(/usr/share/texlive/texmf-dist/tex/latex/amsmath/amsgen.sty
File: amsgen.sty 1999/11/30 v2.0
\@emptytoks=\toks19
\ex@=\dimen104
))
(/usr/share/texlive/texmf-dist/tex/latex/amsmath/amsbsy.sty
Package: amsbsy 1999/11/29 v1.2d
\pmbraise@=\dimen105
)
(/usr/share/texlive/texmf-dist/tex/latex/amsmath/amsopn.sty
Package: amsopn 1999/12/14 v2.01 operator names
)
\inf@bad=\count89
LaTeX Info: Redefining \frac on input line 210.
\uproot@=\count90
\leftroot@=\count91
LaTeX Info: Redefining \overline on input line 306.
\classnum@=\count92
\DOTSCASE@=\count93
LaTeX Info: Redefining \ldots on input line 378.
LaTeX Info: Redefining \dots on input line 381.
LaTeX Info: Redefining \cdots on input line 466.
\Mathstrutbox@=\box26
\strutbox@=\box27
\big@size=\dimen106
LaTeX Font Info:    Redeclaring font encoding OML on input line 566.
LaTeX Font Info:    Redeclaring font encoding OMS on input line 567.
\macc@depth=\count94
\c@MaxMatrixCols=\count95
\dotsspace@=\muskip10
\c@parentequation=\count96
\dspbrk@lvl=\count97
\tag@help=\toks20
\row@=\count98
\column@=\count99
\maxfields@=\count100
\andhelp@=\toks21
\eqnshift@=\dimen107
\alignsep@=\dimen108
\tagshift@=\dimen109
\tagwidth@=\dimen110
\totwidth@=\dimen111
\lineht@=\dimen112
\@envbody=\toks22
\multlinegap=\skip44
\multlinetaggap=\skip45
\mathdisplay@stack=\toks23
LaTeX Info: Redefining \[ on input line 2665.
LaTeX Info: Redefining \] on input line 2666.
)
(/usr/share/texlive/texmf-dist/tex/latex/graphics/graphicx.sty
Package: graphicx 1999/02/16 v1.0f Enhanced LaTeX Graphics (DPC,SPQR)

(/usr/share/texlive/texmf-dist/tex/latex/graphics/keyval.sty
Package: keyval 1999/03/16 v1.13 key=value parser (DPC)
\KV@toks@=\toks24
)
(/usr/share/texlive/texmf-dist/tex/latex/graphics/graphics.sty
Package: graphics 2009/02/05 v1.0o Standard LaTeX Graphics (DPC,SPQR)

(/usr/share/texlive/texmf-dist/tex/latex/graphics/trig.sty
Package: trig 1999/03/16 v1.09 sin cos tan (DPC)
)
(/usr/share/texlive/texmf-dist/tex/latex/latexconfig/graphics.cfg
File: graphics.cfg 2010/04/23 v1.9 graphics configuration of TeX Live
)
Package graphics Info: Driver file: pdftex.def on input line 91.

(/usr/share/texlive/texmf-dist/tex/latex/pdftex-def/pdftex.def
File: pdftex.def 2011/05/27 v0.06d Graphics/color for pdfTeX

(/usr/share/texlive/texmf-dist/tex/generic/oberdiek/infwarerr.sty
Package: infwarerr 2010/04/08 v1.3 Providing info/warning/error messages (HO)
)
(/usr/share/texlive/texmf-dist/tex/generic/oberdiek/ltxcmds.sty
Package: ltxcmds 2011/11/09 v1.22 LaTeX kernel commands for general use (HO)
)
\Gread@gobject=\count101
))
\Gin@req@height=\dimen113
\Gin@req@width=\dimen114
)
(/usr/share/texlive/texmf-dist/tex/latex/geometry/geometry.sty
Package: geometry 2010/09/12 v5.6 Page Geometry

(/usr/share/texlive/texmf-dist/tex/generic/oberdiek/ifpdf.sty
Package: ifpdf 2011/01/30 v2.3 Provides the ifpdf switch (HO)
Package ifpdf Info: pdfTeX in PDF mode is detected.
)
(/usr/share/texlive/texmf-dist/tex/generic/oberdiek/ifvtex.sty
Package: ifvtex 2010/03/01 v1.5 Detect VTeX and its facilities (HO)
Package ifvtex Info: VTeX not detected.
)
(/usr/share/texlive/texmf-dist/tex/generic/ifxetex/ifxetex.sty
Package: ifxetex 2010/09/12 v0.6 Provides ifxetex conditional
)
\Gm@cnth=\count102
\Gm@cntv=\count103
\c@Gm@tempcnt=\count104
\Gm@bindingoffset=\dimen115
\Gm@wd@mp=\dimen116
\Gm@odd@mp=\dimen117
\Gm@even@mp=\dimen118
\Gm@layoutwidth=\dimen119
\Gm@layoutheight=\dimen120
\Gm@layouthoffset=\dimen121
\Gm@layoutvoffset=\dimen122
\Gm@dimlist=\toks25
)
(/usr/share/texlive/texmf-dist/tex/latex/caption/caption.sty
Package: caption 2013/05/02 v3.3-89 Customizing captions (AR)

(/usr/share/texlive/texmf-dist/tex/latex/caption/caption3.sty
Package: caption3 2013/05/02 v1.6-88 caption3 kernel (AR)
Package caption3 Info: TeX engine: e-TeX on input line 57.
\captionmargin=\dimen123
\captionmargin@=\dimen124
\captionwidth=\dimen125
\caption@tempdima=\dimen126
\caption@indent=\dimen127
\caption@parindent=\dimen128
\caption@hangindent=\dimen129
)
\c@ContinuedFloat=\count105
)
(/usr/share/texlive/texmf-dist/tex/latex/subfig/subfig.sty
Package: subfig 2005/06/28 ver: 1.3 subfig package
\c@KVtest=\count106
\sf@farskip=\skip46
\sf@captopadj=\dimen130
\sf@capskip=\skip47
\sf@nearskip=\skip48
\c@subfigure=\count107
\c@subfigure@save=\count108
\c@lofdepth=\count109
\c@subtable=\count110
\c@subtable@save=\count111
\c@lotdepth=\count112
\sf@top=\skip49
\sf@bottom=\skip50
)
(/usr/share/texlive/texmf-dist/tex/latex/oberdiek/epstopdf.sty
Package: epstopdf 2010/02/09 v2.5 Conversion with epstopdf on the fly (HO)

(/usr/share/texlive/texmf-dist/tex/latex/oberdiek/epstopdf-base.sty
Package: epstopdf-base 2010/02/09 v2.5 Base part for package epstopdf

(/usr/share/texlive/texmf-dist/tex/latex/oberdiek/grfext.sty
Package: grfext 2010/08/19 v1.1 Manage graphics extensions (HO)

(/usr/share/texlive/texmf-dist/tex/generic/oberdiek/kvdefinekeys.sty
Package: kvdefinekeys 2011/04/07 v1.3 Define keys (HO)
))
(/usr/share/texlive/texmf-dist/tex/latex/oberdiek/kvoptions.sty
Package: kvoptions 2011/06/30 v3.11 Key value format for package options (HO)

(/usr/share/texlive/texmf-dist/tex/generic/oberdiek/kvsetkeys.sty
Package: kvsetkeys 2012/04/25 v1.16 Key value parser (HO)

(/usr/share/texlive/texmf-dist/tex/generic/oberdiek/etexcmds.sty
Package: etexcmds 2011/02/16 v1.5 Avoid name clashes with e-TeX commands (HO)

(/usr/share/texlive/texmf-dist/tex/generic/oberdiek/ifluatex.sty
Package: ifluatex 2010/03/01 v1.3 Provides the ifluatex switch (HO)
Package ifluatex Info: LuaTeX not detected.
)
Package etexcmds Info: Could not find \expanded.
(etexcmds)             That can mean that you are not using pdfTeX 1.50 or
(etexcmds)             that some package has redefined \expanded.
(etexcmds)             In the latter case, load this package earlier.
)))
(/usr/share/texlive/texmf-dist/tex/generic/oberdiek/pdftexcmds.sty
Package: pdftexcmds 2011/11/29 v0.20 Utility functions of pdfTeX for LuaTeX (HO
)
Package pdftexcmds Info: LuaTeX not detected.
Package pdftexcmds Info: \pdf@primitive is available.
Package pdftexcmds Info: \pdf@ifprimitive is available.
Package pdftexcmds Info: \pdfdraftmode found.
)
Package grfext Info: Graphics extension search list:
(grfext)             [.png,.pdf,.jpg,.mps,.jpeg,.jbig2,.jb2,.PNG,.PDF,.JPG,.JPE
G,.JBIG2,.JB2,.eps]
(grfext)             \AppendGraphicsExtensions on input line 452.

(/usr/share/texlive/texmf-dist/tex/latex/latexconfig/epstopdf-sys.cfg
File: epstopdf-sys.cfg 2010/07/13 v1.3 Configuration of (r)epstopdf for TeX Liv
e
)))
(/usr/share/texlive/texmf-dist/tex/latex/amsfonts/amssymb.sty
Package: amssymb 2013/01/14 v3.01 AMS font symbols

(/usr/share/texlive/texmf-dist/tex/latex/amsfonts/amsfonts.sty
Package: amsfonts 2013/01/14 v3.01 Basic AMSFonts support
\symAMSa=\mathgroup4
\symAMSb=\mathgroup5
LaTeX Font Info:    Overwriting math alphabet `\mathfrak' in version `bold'
(Font)                  U/euf/m/n --> U/euf/b/n on input line 106.
)) (./main.aux

LaTeX Warning: Label `fig:' multiply defined.


LaTeX Warning: Label `fig:linearex1' multiply defined.


LaTeX Warning: Label `fig1' multiply defined.


LaTeX Warning: Label `fig1' multiply defined.


LaTeX Warning: Label `fig1' multiply defined.


LaTeX Warning: Label `fig2' multiply defined.

)
\openout1 = `main.aux'.

LaTeX Font Info:    Checking defaults for OML/cmm/m/it on input line 18.
LaTeX Font Info:    ... okay on input line 18.
LaTeX Font Info:    Checking defaults for T1/cmr/m/n on input line 18.
LaTeX Font Info:    ... okay on input line 18.
LaTeX Font Info:    Checking defaults for OT1/cmr/m/n on input line 18.
LaTeX Font Info:    ... okay on input line 18.
LaTeX Font Info:    Checking defaults for OMS/cmsy/m/n on input line 18.
LaTeX Font Info:    ... okay on input line 18.
LaTeX Font Info:    Checking defaults for OMX/cmex/m/n on input line 18.
LaTeX Font Info:    ... okay on input line 18.
LaTeX Font Info:    Checking defaults for U/cmr/m/n on input line 18.
LaTeX Font Info:    ... okay on input line 18.
 (/usr/share/texlive/texmf-dist/tex/latex/ucs/ucsencs.def
File: ucsencs.def 2011/01/21 Fixes to fontencodings LGR, T3
)
(/usr/share/texlive/texmf-dist/tex/context/base/supp-pdf.mkii
[Loading MPS to PDF converter (version 2006.09.02).]
\scratchcounter=\count113
\scratchdimen=\dimen131
\scratchbox=\box28
\nofMPsegments=\count114
\nofMParguments=\count115
\everyMPshowfont=\toks26
\MPscratchCnt=\count116
\MPscratchDim=\dimen132
\MPnumerator=\count117
\makeMPintoPDFobject=\count118
\everyMPtoPDFconversion=\toks27
)
*geometry* driver: auto-detecting
*geometry* detected driver: pdftex
*geometry* verbose mode - [ preamble ] result:
* driver: pdftex
* paper: a4paper
* layout: <same size as paper>
* layoutoffset:(h,v)=(0.0pt,0.0pt)
* modes: 
* h-part:(L,W,R)=(36.135pt, 525.23788pt, 36.135pt)
* v-part:(T,H,B)=(36.135pt, 772.77686pt, 36.135pt)
* \paperwidth=597.50787pt
* \paperheight=845.04684pt
* \textwidth=525.23788pt
* \textheight=772.77686pt
* \oddsidemargin=-36.135pt
* \evensidemargin=-36.135pt
* \topmargin=-73.135pt
* \headheight=12.0pt
* \headsep=25.0pt
* \topskip=11.0pt
* \footskip=30.0pt
* \marginparwidth=50.0pt
* \marginparsep=10.0pt
* \columnsep=10.0pt
* \skip\footins=10.0pt plus 4.0pt minus 2.0pt
* \hoffset=0.0pt
* \voffset=0.0pt
* \mag=1000
* \@twocolumnfalse
* \@twosidefalse
* \@mparswitchfalse
* \@reversemarginfalse
* (1in=72.27pt=25.4mm, 1cm=28.453pt)

Package caption Info: Begin \AtBeginDocument code.
Package caption Info: subfig package v1.3 is loaded.
Package caption Info: End \AtBeginDocument code.
LaTeX Font Info:    Try loading font information for U+msa on input line 19.
(/usr/share/texlive/texmf-dist/tex/latex/amsfonts/umsa.fd
File: umsa.fd 2013/01/14 v3.01 AMS symbols A
)
LaTeX Font Info:    Try loading font information for U+msb on input line 19.

(/usr/share/texlive/texmf-dist/tex/latex/amsfonts/umsb.fd
File: umsb.fd 2013/01/14 v3.01 AMS symbols B
)
(/usr/share/texlive/texmf-dist/tex/latex/ucs/data/uni-32.def
File: uni-32.def 2013/05/13 UCS: Unicode data U+2000..U+20FF
) [1

{/var/lib/texmf/fonts/map/pdftex/updmap/pdftex.map}]

Package caption Warning: \label without proper \caption on input line 73.
See the caption package documentation for explanation.


LaTeX Warning: Reference `fig:' on page 2 undefined on input line 58.


Package caption Warning: \label without proper \caption on input line 73.
See the caption package documentation for explanation.


LaTeX Warning: Reference `fig:' on page 2 undefined on input line 60.

Package epstopdf Info: Source file: <Figure1A.eps>
(epstopdf)                    date: 2014-04-23 19:26:15
(epstopdf)                    size: 11591 bytes
(epstopdf)             Output file: <Figure1A-eps-converted-to.pdf>
(epstopdf)                    date: 2014-06-04 19:19:55
(epstopdf)                    size: 7819 bytes
(epstopdf)             Command: <repstopdf --outfile=Figure1A-eps-converted-to.
pdf Figure1A.eps>
(epstopdf)             \includegraphics on input line 64.
Package epstopdf Info: Output file is already uptodate.
<Figure1A-eps-converted-to.pdf, id=18, 240.9pt x 240.9pt>
File: Figure1A-eps-converted-to.pdf Graphic file (type pdf)

<use Figure1A-eps-converted-to.pdf>
Package pdftex.def Info: Figure1A-eps-converted-to.pdf used on input line 64.
(pdftex.def)             Requested size: 216.80798pt x 216.80798pt.
Package epstopdf Info: Source file: <Figure1B.eps>
(epstopdf)                    date: 2014-04-23 19:26:39
(epstopdf)                    size: 12446 bytes
(epstopdf)             Output file: <Figure1B-eps-converted-to.pdf>
(epstopdf)                    date: 2014-06-04 19:19:55
(epstopdf)                    size: 8095 bytes
(epstopdf)             Command: <repstopdf --outfile=Figure1B-eps-converted-to.
pdf Figure1B.eps>
(epstopdf)             \includegraphics on input line 64.
Package epstopdf Info: Output file is already uptodate.

<Figure1B-eps-converted-to.pdf, id=19, 240.9pt x 240.9pt>
File: Figure1B-eps-converted-to.pdf Graphic file (type pdf)

<use Figure1B-eps-converted-to.pdf>
Package pdftex.def Info: Figure1B-eps-converted-to.pdf used on input line 64.
(pdftex.def)             Requested size: 216.80798pt x 216.80798pt.
Package epstopdf Info: Source file: <RefFigureA.eps>
(epstopdf)                    date: 2014-04-23 19:31:13
(epstopdf)                    size: 13227 bytes
(epstopdf)             Output file: <RefFigureA-eps-converted-to.pdf>
(epstopdf)                    date: 2014-06-04 19:19:56
(epstopdf)                    size: 16513 bytes
(epstopdf)             Command: <repstopdf --outfile=RefFigureA-eps-converted-t
o.pdf RefFigureA.eps>
(epstopdf)             \includegraphics on input line 75.
Package epstopdf Info: Output file is already uptodate.

<RefFigureA-eps-converted-to.pdf, id=20, 240.9pt x 240.9pt>
File: RefFigureA-eps-converted-to.pdf Graphic file (type pdf)

<use RefFigureA-eps-converted-to.pdf>
Package pdftex.def Info: RefFigureA-eps-converted-to.pdf used on input line 75.

(pdftex.def)             Requested size: 216.80798pt x 216.80798pt.
Package epstopdf Info: Source file: <RefFigureB.eps>
(epstopdf)                    date: 2014-04-23 19:31:35
(epstopdf)                    size: 13231 bytes
(epstopdf)             Output file: <RefFigureB-eps-converted-to.pdf>
(epstopdf)                    date: 2014-06-04 19:19:56
(epstopdf)                    size: 16773 bytes
(epstopdf)             Command: <repstopdf --outfile=RefFigureB-eps-converted-t
o.pdf RefFigureB.eps>
(epstopdf)             \includegraphics on input line 75.
Package epstopdf Info: Output file is already uptodate.

<RefFigureB-eps-converted-to.pdf, id=21, 240.9pt x 240.9pt>
File: RefFigureB-eps-converted-to.pdf Graphic file (type pdf)

<use RefFigureB-eps-converted-to.pdf>
Package pdftex.def Info: RefFigureB-eps-converted-to.pdf used on input line 75.

(pdftex.def)             Requested size: 216.80798pt x 216.80798pt.


Package caption Warning: \label without proper \caption on input line 86.
See the caption package documentation for explanation.


LaTeX Warning: Reference `fig:Etau' on page 2 undefined on input line 84.

Package epstopdf Info: Source file: <Figure2.eps>
(epstopdf)                    date: 2014-04-15 19:13:49
(epstopdf)                    size: 20126 bytes
(epstopdf)             Output file: <Figure2-eps-converted-to.pdf>
(epstopdf)                    date: 2014-06-04 19:19:57
(epstopdf)                    size: 15578 bytes
(epstopdf)             Command: <repstopdf --outfile=Figure2-eps-converted-to.p
df Figure2.eps>
(epstopdf)             \includegraphics on input line 87.
Package epstopdf Info: Output file is already uptodate.
<Figure2-eps-converted-to.pdf, id=22, 1096.095pt x 554.07pt>
File: Figure2-eps-converted-to.pdf Graphic file (type pdf)

<use Figure2-eps-converted-to.pdf>
Package pdftex.def Info: Figure2-eps-converted-to.pdf used on input line 87.
(pdftex.def)             Requested size: 493.23819pt x 249.3292pt.

Underfull \hbox (badness 10000) in paragraph at lines 87--88

 []

[2 <./Figure1A-eps-converted-to.pdf> <./Figure1B-eps-converted-to.pdf>]
[3 <./RefFigureA-eps-converted-to.pdf> <./RefFigureB-eps-converted-to.pdf> <./F
igure2-eps-converted-to.pdf>]
Package epstopdf Info: Source file: <RLCircuitPlots/LinearEx_Delta.eps>
(epstopdf)                    date: 2014-05-14 20:02:50
(epstopdf)                    size: 24735 bytes
(epstopdf)             Output file: <RLCircuitPlots/LinearEx_Delta-eps-converte
d-to.pdf>
(epstopdf)                    date: 2014-05-14 20:04:43
(epstopdf)                    size: 14445 bytes
(epstopdf)             Command: <repstopdf --outfile=RLCircuitPlots/LinearEx_De
lta-eps-converted-to.pdf RLCircuitPlots/LinearEx_Delta.eps>
(epstopdf)             \includegraphics on input line 105.
Package epstopdf Info: Output file is already uptodate.

<RLCircuitPlots/LinearEx_Delta-eps-converted-to.pdf, id=83, 615.29875pt x 462.7
2874pt>
File: RLCircuitPlots/LinearEx_Delta-eps-converted-to.pdf Graphic file (type pdf
)
 <use RLCircuitPlots/LinearEx_Delta-eps-converted-to.pdf>
Package pdftex.def Info: RLCircuitPlots/LinearEx_Delta-eps-converted-to.pdf use
d on input line 105.
(pdftex.def)             Requested size: 430.70618pt x 323.90791pt.

Underfull \hbox (badness 10000) in paragraph at lines 105--106

 []

Package epstopdf Info: Source file: <LinearEx3colortemp.eps>
(epstopdf)                    date: 2014-06-04 20:04:02
(epstopdf)                    size: 13574 bytes
(epstopdf)             Output file: <LinearEx3colortemp-eps-converted-to.pdf>
(epstopdf)                    date: 2014-06-04 20:05:07
(epstopdf)                    size: 8776 bytes
(epstopdf)             Command: <repstopdf --outfile=LinearEx3colortemp-eps-con
verted-to.pdf LinearEx3colortemp.eps>
(epstopdf)             \includegraphics on input line 112.
Package epstopdf Info: Output file is already uptodate.
<LinearEx3colortemp-eps-converted-to.pdf, id=84, 1096.095pt x 554.07pt>
File: LinearEx3colortemp-eps-converted-to.pdf Graphic file (type pdf)

<use LinearEx3colortemp-eps-converted-to.pdf>
Package pdftex.def Info: LinearEx3colortemp-eps-converted-to.pdf used on input 
line 112.
(pdftex.def)             Requested size: 602.85413pt x 304.73944pt.

Overfull \hbox (77.61624pt too wide) in paragraph at lines 112--113
[][] 
 []


Underfull \hbox (badness 10000) in paragraph at lines 112--113

 []

Package epstopdf Info: Source file: <RLCircuitPlots/LinearEx_ChangeL.eps>
(epstopdf)                    date: 2014-05-14 19:53:53
(epstopdf)                    size: 66665 bytes
(epstopdf)             Output file: <RLCircuitPlots/LinearEx_ChangeL-eps-conver
ted-to.pdf>
(epstopdf)                    date: 2014-05-14 19:56:53
(epstopdf)                    size: 71399 bytes
(epstopdf)             Command: <repstopdf --outfile=RLCircuitPlots/LinearEx_Ch
angeL-eps-converted-to.pdf RLCircuitPlots/LinearEx_ChangeL.eps>
(epstopdf)             \includegraphics on input line 120.
Package epstopdf Info: Output file is already uptodate.

<RLCircuitPlots/LinearEx_ChangeL-eps-converted-to.pdf, id=85, 810.02625pt x 488
.82625pt>
File: RLCircuitPlots/LinearEx_ChangeL-eps-converted-to.pdf Graphic file (type p
df)
 <use RLCircuitPlots/LinearEx_ChangeL-eps-converted-to.pdf>
Package pdftex.def Info: RLCircuitPlots/LinearEx_ChangeL-eps-converted-to.pdf u
sed on input line 120.
(pdftex.def)             Requested size: 567.0145pt x 342.17603pt.

Overfull \hbox (41.77661pt too wide) in paragraph at lines 120--121
[][] 
 []


Underfull \hbox (badness 10000) in paragraph at lines 120--121

 []

[4 <./RLCircuitPlots/LinearEx_Delta-eps-converted-to.pdf>]
Package epstopdf Info: Source file: <RLCircuitPlots/NonLinearEx.eps>
(epstopdf)                    date: 2014-05-21 19:43:00
(epstopdf)                    size: 48055 bytes
(epstopdf)             Output file: <RLCircuitPlots/NonLinearEx-eps-converted-t
o.pdf>
(epstopdf)                    date: 2014-05-21 19:46:10
(epstopdf)                    size: 15324 bytes
(epstopdf)             Command: <repstopdf --outfile=RLCircuitPlots/NonLinearEx
-eps-converted-to.pdf RLCircuitPlots/NonLinearEx.eps>
(epstopdf)             \includegraphics on input line 137.
Package epstopdf Info: Output file is already uptodate.

<RLCircuitPlots/NonLinearEx-eps-converted-to.pdf, id=102, 1096.095pt x 554.07pt
>
File: RLCircuitPlots/NonLinearEx-eps-converted-to.pdf Graphic file (type pdf)
 <use RLCircuitPlots/NonLinearEx-eps-converted-to.pdf>
Package pdftex.def Info: RLCircuitPlots/NonLinearEx-eps-converted-to.pdf used o
n input line 137.
(pdftex.def)             Requested size: 602.85413pt x 304.73944pt.

Overfull \hbox (77.61624pt too wide) in paragraph at lines 137--138
[][] 
 []


Underfull \hbox (badness 10000) in paragraph at lines 137--138

 []

[5 <./LinearEx3colortemp-eps-converted-to.pdf>]
Package epstopdf Info: Source file: <RLCircuitPlots/RLcirc_varyV_amp2.eps>
(epstopdf)                    date: 2014-04-30 19:03:33
(epstopdf)                    size: 30509 bytes
(epstopdf)             Output file: <RLCircuitPlots/RLcirc_varyV_amp2-eps-conve
rted-to.pdf>
(epstopdf)                    date: 2014-05-14 19:18:28
(epstopdf)                    size: 12940 bytes
(epstopdf)             Command: <repstopdf --outfile=RLCircuitPlots/RLcirc_vary
V_amp2-eps-converted-to.pdf RLCircuitPlots/RLcirc_varyV_amp2.eps>
(epstopdf)             \includegraphics on input line 177.
Package epstopdf Info: Output file is already uptodate.

<RLCircuitPlots/RLcirc_varyV_amp2-eps-converted-to.pdf, id=118, 1096.095pt x 55
4.07pt>
File: RLCircuitPlots/RLcirc_varyV_amp2-eps-converted-to.pdf Graphic file (type 
pdf)
 <use RLCircuitPlots/RLcirc_varyV_amp2-eps-converted-to.pdf>
Package pdftex.def Info: RLCircuitPlots/RLcirc_varyV_amp2-eps-converted-to.pdf 
used on input line 177.
(pdftex.def)             Requested size: 548.04616pt x 277.03432pt.
Package epstopdf Info: Source file: <RLCircuitPlots/RLcirc_varyV_amp.eps>
(epstopdf)                    date: 2014-04-29 19:35:20
(epstopdf)                    size: 37348 bytes
(epstopdf)             Output file: <RLCircuitPlots/RLcirc_varyV_amp-eps-conver
ted-to.pdf>
(epstopdf)                    date: 2014-05-14 19:18:29
(epstopdf)                    size: 32492 bytes
(epstopdf)             Command: <repstopdf --outfile=RLCircuitPlots/RLcirc_vary
V_amp-eps-converted-to.pdf RLCircuitPlots/RLcirc_varyV_amp.eps>
(epstopdf)             \includegraphics on input line 179.
Package epstopdf Info: Output file is already uptodate.

<RLCircuitPlots/RLcirc_varyV_amp-eps-converted-to.pdf, id=119, 1096.095pt x 554
.07pt>
File: RLCircuitPlots/RLcirc_varyV_amp-eps-converted-to.pdf Graphic file (type p
df)
 <use RLCircuitPlots/RLcirc_varyV_amp-eps-converted-to.pdf>
Package pdftex.def Info: RLCircuitPlots/RLcirc_varyV_amp-eps-converted-to.pdf u
sed on input line 179.
(pdftex.def)             Requested size: 548.04616pt x 277.03432pt.

Overfull \hbox (34.80827pt too wide) in paragraph at lines 176--182
[][] 
 []

Package epstopdf Info: Source file: <RLCircuitPlots/RLcirc_varyV_freq2.eps>
(epstopdf)                    date: 2014-04-30 19:10:20
(epstopdf)                    size: 30356 bytes
(epstopdf)             Output file: <RLCircuitPlots/RLcirc_varyV_freq2-eps-conv
erted-to.pdf>
(epstopdf)                    date: 2014-05-14 19:18:30
(epstopdf)                    size: 13430 bytes
(epstopdf)             Command: <repstopdf --outfile=RLCircuitPlots/RLcirc_vary
V_freq2-eps-converted-to.pdf RLCircuitPlots/RLcirc_varyV_freq2.eps>
(epstopdf)             \includegraphics on input line 190.
Package epstopdf Info: Output file is already uptodate.

<RLCircuitPlots/RLcirc_varyV_freq2-eps-converted-to.pdf, id=120, 1096.095pt x 5
54.07pt>
File: RLCircuitPlots/RLcirc_varyV_freq2-eps-converted-to.pdf Graphic file (type
 pdf)
 <use RLCircuitPlots/RLcirc_varyV_freq2-eps-converted-to.pdf>
Package pdftex.def Info: RLCircuitPlots/RLcirc_varyV_freq2-eps-converted-to.pdf
 used on input line 190.
(pdftex.def)             Requested size: 548.04616pt x 277.03432pt.
Package epstopdf Info: Source file: <RLCircuitPlots/RLcirc_varyV_freq.eps>
(epstopdf)                    date: 2014-04-29 19:51:10
(epstopdf)                    size: 37890 bytes
(epstopdf)             Output file: <RLCircuitPlots/RLcirc_varyV_freq-eps-conve
rted-to.pdf>
(epstopdf)                    date: 2014-05-14 19:18:31
(epstopdf)                    size: 33335 bytes
(epstopdf)             Command: <repstopdf --outfile=RLCircuitPlots/RLcirc_vary
V_freq-eps-converted-to.pdf RLCircuitPlots/RLcirc_varyV_freq.eps>
(epstopdf)             \includegraphics on input line 192.
Package epstopdf Info: Output file is already uptodate.

<RLCircuitPlots/RLcirc_varyV_freq-eps-converted-to.pdf, id=121, 1096.095pt x 55
4.07pt>
File: RLCircuitPlots/RLcirc_varyV_freq-eps-converted-to.pdf Graphic file (type 
pdf)
 <use RLCircuitPlots/RLcirc_varyV_freq-eps-converted-to.pdf>
Package pdftex.def Info: RLCircuitPlots/RLcirc_varyV_freq-eps-converted-to.pdf 
used on input line 192.
(pdftex.def)             Requested size: 548.04616pt x 277.03432pt.

Overfull \hbox (34.80827pt too wide) in paragraph at lines 189--195
[][] 
 []

Package epstopdf Info: Source file: <RLCircuitPlots/RLcirc_varyV_phase2.eps>
(epstopdf)                    date: 2014-04-30 19:07:03
(epstopdf)                    size: 30663 bytes
(epstopdf)             Output file: <RLCircuitPlots/RLcirc_varyV_phase2-eps-con
verted-to.pdf>
(epstopdf)                    date: 2014-05-14 19:18:32
(epstopdf)                    size: 13729 bytes
(epstopdf)             Command: <repstopdf --outfile=RLCircuitPlots/RLcirc_vary
V_phase2-eps-converted-to.pdf RLCircuitPlots/RLcirc_varyV_phase2.eps>
(epstopdf)             \includegraphics on input line 203.
Package epstopdf Info: Output file is already uptodate.

<RLCircuitPlots/RLcirc_varyV_phase2-eps-converted-to.pdf, id=122, 1096.095pt x 
554.07pt>
File: RLCircuitPlots/RLcirc_varyV_phase2-eps-converted-to.pdf Graphic file (typ
e pdf)
 <use RLCircuitPlots/RLcirc_varyV_phase2-eps-converted-to.pdf>
Package pdftex.def Info: RLCircuitPlots/RLcirc_varyV_phase2-eps-converted-to.pd
f used on input line 203.
(pdftex.def)             Requested size: 548.04616pt x 277.03432pt.
Package epstopdf Info: Source file: <RLCircuitPlots/RLcirc_varyV_phase.eps>
(epstopdf)                    date: 2014-04-29 19:48:55
(epstopdf)                    size: 37206 bytes
(epstopdf)             Output file: <RLCircuitPlots/RLcirc_varyV_phase-eps-conv
erted-to.pdf>
(epstopdf)                    date: 2014-05-14 19:18:33
(epstopdf)                    size: 33233 bytes
(epstopdf)             Command: <repstopdf --outfile=RLCircuitPlots/RLcirc_vary
V_phase-eps-converted-to.pdf RLCircuitPlots/RLcirc_varyV_phase.eps>
(epstopdf)             \includegraphics on input line 205.
Package epstopdf Info: Output file is already uptodate.

<RLCircuitPlots/RLcirc_varyV_phase-eps-converted-to.pdf, id=123, 1096.095pt x 5
54.07pt>
File: RLCircuitPlots/RLcirc_varyV_phase-eps-converted-to.pdf Graphic file (type
 pdf)
 <use RLCircuitPlots/RLcirc_varyV_phase-eps-converted-to.pdf>
Package pdftex.def Info: RLCircuitPlots/RLcirc_varyV_phase-eps-converted-to.pdf
 used on input line 205.
(pdftex.def)             Requested size: 548.04616pt x 277.03432pt.

Overfull \hbox (34.80827pt too wide) in paragraph at lines 202--208
[][] 
 []

Package epstopdf Info: Source file: <RLCircuitPlots/RLcirc_varyV_offset2.eps>
(epstopdf)                    date: 2014-04-30 19:05:06
(epstopdf)                    size: 30571 bytes
(epstopdf)             Output file: <RLCircuitPlots/RLcirc_varyV_offset2-eps-co
nverted-to.pdf>
(epstopdf)                    date: 2014-05-14 19:18:34
(epstopdf)                    size: 13438 bytes
(epstopdf)             Command: <repstopdf --outfile=RLCircuitPlots/RLcirc_vary
V_offset2-eps-converted-to.pdf RLCircuitPlots/RLcirc_varyV_offset2.eps>
(epstopdf)             \includegraphics on input line 216.
Package epstopdf Info: Output file is already uptodate.

<RLCircuitPlots/RLcirc_varyV_offset2-eps-converted-to.pdf, id=124, 1096.095pt x
 554.07pt>
File: RLCircuitPlots/RLcirc_varyV_offset2-eps-converted-to.pdf Graphic file (ty
pe pdf)
 <use RLCircuitPlots/RLcirc_varyV_offset2-eps-converted-to.pdf>
Package pdftex.def Info: RLCircuitPlots/RLcirc_varyV_offset2-eps-converted-to.p
df used on input line 216.
(pdftex.def)             Requested size: 548.04616pt x 277.03432pt.
Package epstopdf Info: Source file: <RLCircuitPlots/RLcirc_varyV_offset.eps>
(epstopdf)                    date: 2014-04-29 19:46:52
(epstopdf)                    size: 37372 bytes
(epstopdf)             Output file: <RLCircuitPlots/RLcirc_varyV_offset-eps-con
verted-to.pdf>
(epstopdf)                    date: 2014-05-14 19:18:35
(epstopdf)                    size: 32324 bytes
(epstopdf)             Command: <repstopdf --outfile=RLCircuitPlots/RLcirc_vary
V_offset-eps-converted-to.pdf RLCircuitPlots/RLcirc_varyV_offset.eps>
(epstopdf)             \includegraphics on input line 218.
Package epstopdf Info: Output file is already uptodate.

<RLCircuitPlots/RLcirc_varyV_offset-eps-converted-to.pdf, id=125, 1096.095pt x 
554.07pt>
File: RLCircuitPlots/RLcirc_varyV_offset-eps-converted-to.pdf Graphic file (typ
e pdf)
 <use RLCircuitPlots/RLcirc_varyV_offset-eps-converted-to.pdf>
Package pdftex.def Info: RLCircuitPlots/RLcirc_varyV_offset-eps-converted-to.pd
f used on input line 218.
(pdftex.def)             Requested size: 548.04616pt x 277.03432pt.

Overfull \hbox (34.80827pt too wide) in paragraph at lines 215--221
[][] 
 []

[6 <./RLCircuitPlots/LinearEx_ChangeL-eps-converted-to.pdf>]
Package epstopdf Info: Source file: <RLCircuitPlots/RLcirc_varyV_offsetLup2.eps
>
(epstopdf)                    date: 2014-04-30 19:46:05
(epstopdf)                    size: 30282 bytes
(epstopdf)             Output file: <RLCircuitPlots/RLcirc_varyV_offsetLup2-eps
-converted-to.pdf>
(epstopdf)                    date: 2014-05-14 19:18:37
(epstopdf)                    size: 13558 bytes
(epstopdf)             Command: <repstopdf --outfile=RLCircuitPlots/RLcirc_vary
V_offsetLup2-eps-converted-to.pdf RLCircuitPlots/RLcirc_varyV_offsetLup2.eps>
(epstopdf)             \includegraphics on input line 228.
Package epstopdf Info: Output file is already uptodate.

<RLCircuitPlots/RLcirc_varyV_offsetLup2-eps-converted-to.pdf, id=140, 1096.095p
t x 554.07pt>
File: RLCircuitPlots/RLcirc_varyV_offsetLup2-eps-converted-to.pdf Graphic file 
(type pdf)

<use RLCircuitPlots/RLcirc_varyV_offsetLup2-eps-converted-to.pdf>
Package pdftex.def Info: RLCircuitPlots/RLcirc_varyV_offsetLup2-eps-converted-t
o.pdf used on input line 228.
(pdftex.def)             Requested size: 548.04616pt x 277.03432pt.
Package epstopdf Info: Source file: <RLCircuitPlots/RLcirc_varyV_offsetLup.eps>

(epstopdf)                    date: 2014-04-30 19:45:34
(epstopdf)                    size: 37624 bytes
(epstopdf)             Output file: <RLCircuitPlots/RLcirc_varyV_offsetLup-eps-
converted-to.pdf>
(epstopdf)                    date: 2014-05-14 19:18:38
(epstopdf)                    size: 33233 bytes
(epstopdf)             Command: <repstopdf --outfile=RLCircuitPlots/RLcirc_vary
V_offsetLup-eps-converted-to.pdf RLCircuitPlots/RLcirc_varyV_offsetLup.eps>
(epstopdf)             \includegraphics on input line 230.
Package epstopdf Info: Output file is already uptodate.

<RLCircuitPlots/RLcirc_varyV_offsetLup-eps-converted-to.pdf, id=141, 1096.095pt
 x 554.07pt>
File: RLCircuitPlots/RLcirc_varyV_offsetLup-eps-converted-to.pdf Graphic file (
type pdf)
 <use RLCircuitPlots/RLcirc_varyV_offsetLup-eps-converted-to.pdf>
Package pdftex.def Info: RLCircuitPlots/RLcirc_varyV_offsetLup-eps-converted-to
.pdf used on input line 230.
(pdftex.def)             Requested size: 548.04616pt x 277.03432pt.

Overfull \hbox (34.80827pt too wide) in paragraph at lines 227--233
[][] 
 []

Package epstopdf Info: Source file: <RLCircuitPlots/RLcirc_varyV_offsetlong2.ep
s>
(epstopdf)                    date: 2014-04-30 19:44:14
(epstopdf)                    size: 30467 bytes
(epstopdf)             Output file: <RLCircuitPlots/RLcirc_varyV_offsetlong2-ep
s-converted-to.pdf>
(epstopdf)                    date: 2014-05-14 19:18:39
(epstopdf)                    size: 13445 bytes
(epstopdf)             Command: <repstopdf --outfile=RLCircuitPlots/RLcirc_vary
V_offsetlong2-eps-converted-to.pdf RLCircuitPlots/RLcirc_varyV_offsetlong2.eps>

(epstopdf)             \includegraphics on input line 238.
Package epstopdf Info: Output file is already uptodate.

<RLCircuitPlots/RLcirc_varyV_offsetlong2-eps-converted-to.pdf, id=142, 1096.095
pt x 554.07pt>
File: RLCircuitPlots/RLcirc_varyV_offsetlong2-eps-converted-to.pdf Graphic file
 (type pdf)

<use RLCircuitPlots/RLcirc_varyV_offsetlong2-eps-converted-to.pdf>
Package pdftex.def Info: RLCircuitPlots/RLcirc_varyV_offsetlong2-eps-converted-
to.pdf used on input line 238.
(pdftex.def)             Requested size: 548.04616pt x 277.03432pt.
Package epstopdf Info: Source file: <RLCircuitPlots/RLcirc_varyV_offsetlong.eps
>
(epstopdf)                    date: 2014-04-30 19:42:59
(epstopdf)                    size: 63904 bytes
(epstopdf)             Output file: <RLCircuitPlots/RLcirc_varyV_offsetlong-eps
-converted-to.pdf>
(epstopdf)                    date: 2014-05-14 19:18:40
(epstopdf)                    size: 91119 bytes
(epstopdf)             Command: <repstopdf --outfile=RLCircuitPlots/RLcirc_vary
V_offsetlong-eps-converted-to.pdf RLCircuitPlots/RLcirc_varyV_offsetlong.eps>
(epstopdf)             \includegraphics on input line 240.
Package epstopdf Info: Output file is already uptodate.

<RLCircuitPlots/RLcirc_varyV_offsetlong-eps-converted-to.pdf, id=143, 1096.095p
t x 554.07pt>
File: RLCircuitPlots/RLcirc_varyV_offsetlong-eps-converted-to.pdf Graphic file 
(type pdf)

<use RLCircuitPlots/RLcirc_varyV_offsetlong-eps-converted-to.pdf>
Package pdftex.def Info: RLCircuitPlots/RLcirc_varyV_offsetlong-eps-converted-t
o.pdf used on input line 240.
(pdftex.def)             Requested size: 548.04616pt x 277.03432pt.

Overfull \hbox (34.80827pt too wide) in paragraph at lines 237--243
[][] 
 []

Package epstopdf Info: Source file: <RLCircuitPlots/SugFig3_XgY.eps>
(epstopdf)                    date: 2014-05-15 11:56:21
(epstopdf)                    size: 31473 bytes
(epstopdf)             Output file: <RLCircuitPlots/SugFig3_XgY-eps-converted-t
o.pdf>
(epstopdf)                    date: 2014-05-15 11:58:32
(epstopdf)                    size: 60030 bytes
(epstopdf)             Command: <repstopdf --outfile=RLCircuitPlots/SugFig3_XgY
-eps-converted-to.pdf RLCircuitPlots/SugFig3_XgY.eps>
(epstopdf)             \includegraphics on input line 257.
Package epstopdf Info: Output file is already uptodate.

<RLCircuitPlots/SugFig3_XgY-eps-converted-to.pdf, id=144, 499.8675pt x 367.3725
pt>
File: RLCircuitPlots/SugFig3_XgY-eps-converted-to.pdf Graphic file (type pdf)
 <use RLCircuitPlots/SugFig3_XgY-eps-converted-to.pdf>
Package pdftex.def Info: RLCircuitPlots/SugFig3_XgY-eps-converted-to.pdf used o
n input line 257.
(pdftex.def)             Requested size: 249.93314pt x 183.68579pt.
Package epstopdf Info: Source file: <RLCircuitPlots/SugFig3_YgX.eps>
(epstopdf)                    date: 2014-05-15 11:51:28
(epstopdf)                    size: 58450 bytes
(epstopdf)             Output file: <RLCircuitPlots/SugFig3_YgX-eps-converted-t
o.pdf>
(epstopdf)                    date: 2014-05-15 11:58:33
(epstopdf)                    size: 23665 bytes
(epstopdf)             Command: <repstopdf --outfile=RLCircuitPlots/SugFig3_YgX
-eps-converted-to.pdf RLCircuitPlots/SugFig3_YgX.eps>
(epstopdf)             \includegraphics on input line 259.
Package epstopdf Info: Output file is already uptodate.

<RLCircuitPlots/SugFig3_YgX-eps-converted-to.pdf, id=145, 572.1375pt x 405.515p
t>
File: RLCircuitPlots/SugFig3_YgX-eps-converted-to.pdf Graphic file (type pdf)
 <use RLCircuitPlots/SugFig3_YgX-eps-converted-to.pdf>
Package pdftex.def Info: RLCircuitPlots/SugFig3_YgX-eps-converted-to.pdf used o
n input line 259.
(pdftex.def)             Requested size: 286.06804pt x 202.75699pt.
Package epstopdf Info: Source file: <RLCircuitPlots/SugFig3_XgX.eps>
(epstopdf)                    date: 2014-05-15 12:00:50
(epstopdf)                    size: 31473 bytes
(epstopdf)             Output file: <RLCircuitPlots/SugFig3_XgX-eps-converted-t
o.pdf>
(epstopdf)                    date: 2014-05-15 12:11:55
(epstopdf)                    size: 57837 bytes
(epstopdf)             Command: <repstopdf --outfile=RLCircuitPlots/SugFig3_XgX
-eps-converted-to.pdf RLCircuitPlots/SugFig3_XgX.eps>
(epstopdf)             \includegraphics on input line 278.
Package epstopdf Info: Output file is already uptodate.

<RLCircuitPlots/SugFig3_XgX-eps-converted-to.pdf, id=146, 501.875pt x 373.395pt
>
File: RLCircuitPlots/SugFig3_XgX-eps-converted-to.pdf Graphic file (type pdf)
 <use RLCircuitPlots/SugFig3_XgX-eps-converted-to.pdf>
Package pdftex.def Info: RLCircuitPlots/SugFig3_XgX-eps-converted-to.pdf used o
n input line 278.
(pdftex.def)             Requested size: 250.93687pt x 186.69704pt.
Package epstopdf Info: Source file: <RLCircuitPlots/SugFig3_XgXY.eps>
(epstopdf)                    date: 2014-05-15 12:01:28
(epstopdf)                    size: 31459 bytes
(epstopdf)             Output file: <RLCircuitPlots/SugFig3_XgXY-eps-converted-
to.pdf>
(epstopdf)                    date: 2014-05-15 12:11:56
(epstopdf)                    size: 59943 bytes
(epstopdf)             Command: <repstopdf --outfile=RLCircuitPlots/SugFig3_XgX
Y-eps-converted-to.pdf RLCircuitPlots/SugFig3_XgXY.eps>
(epstopdf)             \includegraphics on input line 280.
Package epstopdf Info: Output file is already uptodate.

<RLCircuitPlots/SugFig3_XgXY-eps-converted-to.pdf, id=147, 501.875pt x 372.3912
5pt>
File: RLCircuitPlots/SugFig3_XgXY-eps-converted-to.pdf Graphic file (type pdf)
 <use RLCircuitPlots/SugFig3_XgXY-eps-converted-to.pdf>
Package pdftex.def Info: RLCircuitPlots/SugFig3_XgXY-eps-converted-to.pdf used 
on input line 280.
(pdftex.def)             Requested size: 250.93687pt x 186.19516pt.
Package epstopdf Info: Source file: <RLCircuitPlots/SugFig3_YgY.eps>
(epstopdf)                    date: 2014-05-15 12:02:04
(epstopdf)                    size: 58450 bytes
(epstopdf)             Output file: <RLCircuitPlots/SugFig3_YgY-eps-converted-t
o.pdf>
(epstopdf)                    date: 2014-05-15 12:11:57
(epstopdf)                    size: 23607 bytes
(epstopdf)             Command: <repstopdf --outfile=RLCircuitPlots/SugFig3_YgY
-eps-converted-to.pdf RLCircuitPlots/SugFig3_YgY.eps>
(epstopdf)             \includegraphics on input line 290.
Package epstopdf Info: Output file is already uptodate.

<RLCircuitPlots/SugFig3_YgY-eps-converted-to.pdf, id=148, 501.875pt x 372.39125
pt>
File: RLCircuitPlots/SugFig3_YgY-eps-converted-to.pdf Graphic file (type pdf)
 <use RLCircuitPlots/SugFig3_YgY-eps-converted-to.pdf>
Package pdftex.def Info: RLCircuitPlots/SugFig3_YgY-eps-converted-to.pdf used o
n input line 290.
(pdftex.def)             Requested size: 250.93687pt x 186.19516pt.
Package epstopdf Info: Source file: <RLCircuitPlots/SugFig3_YgYX.eps>
(epstopdf)                    date: 2014-05-15 12:02:33
(epstopdf)                    size: 58436 bytes
(epstopdf)             Output file: <RLCircuitPlots/SugFig3_YgYX-eps-converted-
to.pdf>
(epstopdf)                    date: 2014-05-15 12:11:57
(epstopdf)                    size: 23752 bytes
(epstopdf)             Command: <repstopdf --outfile=RLCircuitPlots/SugFig3_YgY
X-eps-converted-to.pdf RLCircuitPlots/SugFig3_YgYX.eps>
(epstopdf)             \includegraphics on input line 292.
Package epstopdf Info: Output file is already uptodate.

<RLCircuitPlots/SugFig3_YgYX-eps-converted-to.pdf, id=149, 501.875pt x 372.3912
5pt>
File: RLCircuitPlots/SugFig3_YgYX-eps-converted-to.pdf Graphic file (type pdf)
 <use RLCircuitPlots/SugFig3_YgYX-eps-converted-to.pdf>
Package pdftex.def Info: RLCircuitPlots/SugFig3_YgYX-eps-converted-to.pdf used 
on input line 292.
(pdftex.def)             Requested size: 250.93687pt x 186.19516pt.
Package epstopdf Info: Source file: <RLCircuitPlots/LinearEx_PAI.eps>
(epstopdf)                    date: 2014-05-28 19:58:29
(epstopdf)                    size: 43328 bytes
(epstopdf)             Output file: <RLCircuitPlots/LinearEx_PAI-eps-converted-
to.pdf>
(epstopdf)                    date: 2014-05-28 20:18:09
(epstopdf)                    size: 22670 bytes
(epstopdf)             Command: <repstopdf --outfile=RLCircuitPlots/LinearEx_PA
I-eps-converted-to.pdf RLCircuitPlots/LinearEx_PAI.eps>
(epstopdf)             \includegraphics on input line 309.
Package epstopdf Info: Output file is already uptodate.

<RLCircuitPlots/LinearEx_PAI-eps-converted-to.pdf, id=150, 1096.095pt x 554.07p
t>
File: RLCircuitPlots/LinearEx_PAI-eps-converted-to.pdf Graphic file (type pdf)
 <use RLCircuitPlots/LinearEx_PAI-eps-converted-to.pdf>
Package pdftex.def Info: RLCircuitPlots/LinearEx_PAI-eps-converted-to.pdf used 
on input line 309.
(pdftex.def)             Requested size: 657.66208pt x 332.44456pt.

Overfull \hbox (132.4242pt too wide) in paragraph at lines 309--310
[][] 
 []


Underfull \hbox (badness 10000) in paragraph at lines 309--310

 []

Package epstopdf Info: Source file: <RLCircuitPlots/LinearXYZPAIEx.eps>
(epstopdf)                    date: 2014-05-28 20:15:54
(epstopdf)                    size: 29274 bytes
(epstopdf)             Output file: <RLCircuitPlots/LinearXYZPAIEx-eps-converte
d-to.pdf>
(epstopdf)                    date: 2014-05-28 20:18:54
(epstopdf)                    size: 13754 bytes
(epstopdf)             Command: <repstopdf --outfile=RLCircuitPlots/LinearXYZPA
IEx-eps-converted-to.pdf RLCircuitPlots/LinearXYZPAIEx.eps>
(epstopdf)             \includegraphics on input line 315.
Package epstopdf Info: Output file is already uptodate.

<RLCircuitPlots/LinearXYZPAIEx-eps-converted-to.pdf, id=151, 1096.095pt x 554.0
7pt>
File: RLCircuitPlots/LinearXYZPAIEx-eps-converted-to.pdf Graphic file (type pdf
)
 <use RLCircuitPlots/LinearXYZPAIEx-eps-converted-to.pdf>
Package pdftex.def Info: RLCircuitPlots/LinearXYZPAIEx-eps-converted-to.pdf use
d on input line 315.
(pdftex.def)             Requested size: 657.66208pt x 332.44456pt.

Overfull \hbox (132.4242pt too wide) in paragraph at lines 315--316
[][] 
 []


Underfull \hbox (badness 10000) in paragraph at lines 315--316

 []

Package epstopdf Info: Source file: <RLCircuitPlots/NonLinearPAIEx.eps>
(epstopdf)                    date: 2014-05-28 19:46:36
(epstopdf)                    size: 43855 bytes
(epstopdf)             Output file: <RLCircuitPlots/NonLinearPAIEx-eps-converte
d-to.pdf>
(epstopdf)                    date: 2014-05-28 20:18:26
(epstopdf)                    size: 13211 bytes
(epstopdf)             Command: <repstopdf --outfile=RLCircuitPlots/NonLinearPA
IEx-eps-converted-to.pdf RLCircuitPlots/NonLinearPAIEx.eps>
(epstopdf)             \includegraphics on input line 321.
Package epstopdf Info: Output file is already uptodate.

<RLCircuitPlots/NonLinearPAIEx-eps-converted-to.pdf, id=152, 1096.095pt x 554.0
7pt>
File: RLCircuitPlots/NonLinearPAIEx-eps-converted-to.pdf Graphic file (type pdf
)
 <use RLCircuitPlots/NonLinearPAIEx-eps-converted-to.pdf>
Package pdftex.def Info: RLCircuitPlots/NonLinearPAIEx-eps-converted-to.pdf use
d on input line 321.
(pdftex.def)             Requested size: 657.66208pt x 332.44456pt.

Overfull \hbox (132.4242pt too wide) in paragraph at lines 321--322
[][] 
 []


Underfull \hbox (badness 10000) in paragraph at lines 321--322

 []

[7 <./RLCircuitPlots/NonLinearEx-eps-converted-to.pdf>] (./main.bbl [8])
[9] [10 <./RLCircuitPlots/RLcirc_varyV_amp2-eps-converted-to.pdf> <./RLCircuitP
lots/RLcirc_varyV_amp-eps-converted-to.pdf>] [11 <./RLCircuitPlots/RLcirc_varyV
_freq2-eps-converted-to.pdf> <./RLCircuitPlots/RLcirc_varyV_freq-eps-converted-
to.pdf>] [12 <./RLCircuitPlots/RLcirc_varyV_phase2-eps-converted-to.pdf> <./RLC
ircuitPlots/RLcirc_varyV_phase-eps-converted-to.pdf>] [13 <./RLCircuitPlots/RLc
irc_varyV_offset2-eps-converted-to.pdf> <./RLCircuitPlots/RLcirc_varyV_offset-e
ps-converted-to.pdf>] [14 <./RLCircuitPlots/RLcirc_varyV_offsetLup2-eps-convert
ed-to.pdf> <./RLCircuitPlots/RLcirc_varyV_offsetLup-eps-converted-to.pdf>]
[15 <./RLCircuitPlots/RLcirc_varyV_offsetlong2-eps-converted-to.pdf> <./RLCircu
itPlots/RLcirc_varyV_offsetlong-eps-converted-to.pdf>] [16 <./RLCircuitPlots/Su
gFig3_XgY-eps-converted-to.pdf> <./RLCircuitPlots/SugFig3_YgX-eps-converted-to.
pdf>] [17 <./RLCircuitPlots/SugFig3_XgX-eps-converted-to.pdf> <./RLCircuitPlots
/SugFig3_XgXY-eps-converted-to.pdf>] [18 <./RLCircuitPlots/SugFig3_YgY-eps-conv
erted-to.pdf> <./RLCircuitPlots/SugFig3_YgYX-eps-converted-to.pdf>] [19 <./RLCi
rcuitPlots/LinearEx_PAI-eps-converted-to.pdf> <./RLCircuitPlots/LinearXYZPAIEx-
eps-converted-to.pdf>] [20 <./RLCircuitPlots/NonLinearPAIEx-eps-converted-to.pd
f>] (./main.aux)

LaTeX Warning: There were undefined references.


LaTeX Warning: There were multiply-defined labels.

 ) 
Here is how much of TeX's memory you used:
 5170 strings out of 494043
 80011 string characters out of 6155015
 163381 words of memory out of 5000000
 8450 multiletter control sequences out of 15000+600000
 16658 words of font info for 64 fonts, out of 8000000 for 9000
 466 hyphenation exceptions out of 8191
 42i,13n,38p,1075b,384s stack positions out of 5000i,500n,10000p,200000b,80000s
</usr/share/texlive/texmf-dist/fonts/type1/public/amsfonts/cm/cmbx10.pfb></us
r/share/texlive/texmf-dist/fonts/type1/public/amsfonts/cm/cmbx12.pfb></usr/shar
e/texlive/texmf-dist/fonts/type1/public/amsfonts/cm/cmex10.pfb></usr/share/texl
ive/texmf-dist/fonts/type1/public/amsfonts/cm/cmmi10.pfb></usr/share/texlive/te
xmf-dist/fonts/type1/public/amsfonts/cm/cmmi12.pfb></usr/share/texlive/texmf-di
st/fonts/type1/public/amsfonts/cm/cmmi5.pfb></usr/share/texlive/texmf-dist/font
s/type1/public/amsfonts/cm/cmmi7.pfb></usr/share/texlive/texmf-dist/fonts/type1
/public/amsfonts/cm/cmmi8.pfb></usr/share/texlive/texmf-dist/fonts/type1/public
/amsfonts/cm/cmr10.pfb></usr/share/texlive/texmf-dist/fonts/type1/public/amsfon
ts/cm/cmr12.pfb></usr/share/texlive/texmf-dist/fonts/type1/public/amsfonts/cm/c
mr17.pfb></usr/share/texlive/texmf-dist/fonts/type1/public/amsfonts/cm/cmr5.pfb
></usr/share/texlive/texmf-dist/fonts/type1/public/amsfonts/cm/cmr6.pfb></usr/s
hare/texlive/texmf-dist/fonts/type1/public/amsfonts/cm/cmr7.pfb></usr/share/tex
live/texmf-dist/fonts/type1/public/amsfonts/cm/cmr8.pfb></usr/share/texlive/tex
mf-dist/fonts/type1/public/amsfonts/cm/cmr9.pfb></usr/share/texlive/texmf-dist/
fonts/type1/public/amsfonts/cm/cmsy10.pfb></usr/share/texlive/texmf-dist/fonts/
type1/public/amsfonts/cm/cmsy7.pfb></usr/share/texlive/texmf-dist/fonts/type1/p
ublic/amsfonts/cm/cmti10.pfb></usr/share/texlive/texmf-dist/fonts/type1/public/
amsfonts/cm/cmtt10.pfb></usr/share/texlive/texmf-dist/fonts/type1/public/amsfon
ts/symbols/msbm10.pfb>
Output written on main.pdf (20 pages, 965959 bytes).
PDF statistics:
 432 PDF objects out of 1000 (max. 8388607)
 304 compressed objects within 4 object streams
 0 named destinations out of 1000 (max. 500000)
 151 words of extra memory for PDF output out of 10000 (max. 10000000)

