\BOOKMARK [0][-]{chapter.1}{List of Tables}{}% 1
\BOOKMARK [0][-]{chapter.2}{List of Figures}{}% 2
\BOOKMARK [0][-]{chapter.3}{Abstract}{}% 3
\BOOKMARK [0][-]{chapter.1}{ Introduction}{}% 4
\BOOKMARK [1][-]{section.1.1}{Notation and Language}{chapter.1}% 5
\BOOKMARK [1][-]{section.1.2}{What is ``time series causality''?}{chapter.1}% 6
\BOOKMARK [1][-]{section.1.3}{What is ``exploratory causal analysis''?}{chapter.1}% 7
\BOOKMARK [0][-]{chapter.2}{ Causality studies}{}% 8
\BOOKMARK [1][-]{section.2.1}{Foundational causality}{chapter.2}% 9
\BOOKMARK [2][-]{subsection.2.1.1}{Philosophical studies}{section.2.1}% 10
\BOOKMARK [2][-]{subsection.2.1.2}{Natural science studies}{section.2.1}% 11
\BOOKMARK [2][-]{subsection.2.1.3}{Psychological \(and other social science\) studies}{section.2.1}% 12
\BOOKMARK [1][-]{section.2.2}{Data causality}{chapter.2}% 13
\BOOKMARK [2][-]{subsection.2.2.1}{Statistical causality}{section.2.2}% 14
\BOOKMARK [2][-]{subsection.2.2.2}{Computational causality}{section.2.2}% 15
\BOOKMARK [2][-]{subsection.2.2.3}{Time series causality}{section.2.2}% 16
\BOOKMARK [0][-]{chapter.3}{ Time series causality tools}{}% 17
\BOOKMARK [1][-]{section.3.1}{Granger causality}{chapter.3}% 18
\BOOKMARK [2][-]{subsection.3.1.1}{Background}{section.3.1}% 19
\BOOKMARK [2][-]{subsection.3.1.2}{Practical Usage}{section.3.1}% 20
\BOOKMARK [1][-]{section.3.2}{Information-theoretic causality}{chapter.3}% 21
\BOOKMARK [2][-]{subsection.3.2.1}{Background}{section.3.2}% 22
\BOOKMARK [2][-]{subsection.3.2.2}{Practical usage}{section.3.2}% 23
\BOOKMARK [1][-]{section.3.3}{State space reconstruction causality}{chapter.3}% 24
\BOOKMARK [2][-]{subsection.3.3.1}{Background}{section.3.3}% 25
\BOOKMARK [2][-]{subsection.3.3.2}{Practical usage}{section.3.3}% 26
\BOOKMARK [1][-]{section.3.4}{Correlation causality}{chapter.3}% 27
\BOOKMARK [2][-]{subsection.3.4.1}{Background}{section.3.4}% 28
\BOOKMARK [2][-]{subsection.3.4.2}{Practical usage}{section.3.4}% 29
\BOOKMARK [1][-]{section.3.5}{Penchant causality}{chapter.3}% 30
\BOOKMARK [2][-]{subsection.3.5.1}{Background}{section.3.5}% 31
\BOOKMARK [2][-]{subsection.3.5.2}{Practical usage}{section.3.5}% 32
\BOOKMARK [0][-]{chapter.4}{ Exploratory Causal Analysis}{}% 33
\BOOKMARK [1][-]{section.4.1}{ECA guess}{chapter.4}% 34
\BOOKMARK [1][-]{section.4.2}{Synthetic data examples}{chapter.4}% 35
\BOOKMARK [2][-]{subsection.4.2.1}{Impulse with linear response}{section.4.2}% 36
\BOOKMARK [2][-]{subsection.4.2.2}{Cyclic driving with linear response}{section.4.2}% 37
\BOOKMARK [2][-]{subsection.4.2.3}{RL series circuit}{section.4.2}% 38
\BOOKMARK [2][-]{subsection.4.2.4}{Cyclic driving with non-linear response}{section.4.2}% 39
\BOOKMARK [2][-]{subsection.4.2.5}{Coupled logistic map}{section.4.2}% 40
\BOOKMARK [2][-]{subsection.4.2.6}{Impulse with multiple linear responses}{section.4.2}% 41
\BOOKMARK [1][-]{section.4.3}{Empirical data examples}{chapter.4}% 42
\BOOKMARK [2][-]{subsection.4.3.1}{Snowfall data}{section.4.3}% 43
\BOOKMARK [2][-]{subsection.4.3.2}{OMNI data}{section.4.3}% 44
\BOOKMARK [0][-]{chapter.5}{ Conclusions}{}% 45
\BOOKMARK [0][-]{chapter.6}{Bibliography}{}% 46
